 Date    Origin    Lat      Long      Depth    Mag No Gap Dmin  Rms  Erh  Erz  Erx      Cvxy      Cvxz      Cvyz     Oterr
131008 0956 58.07 45 50.66  98  7.11   15.0    1.0 17 314190.1 0.56 27.1 20.4 24.9 0.212E+03-0.450E+03-0.173E+03 0.132E+01
130705 1800 23.79 45 44.88  99 13.85   13.0    1.0 19 208 68.3 0.52  9.1 14.7  8.4 0.106E+01-0.631E+02-0.125E+02 0.111E+01
130921 0632 39.32 46  7.94 100 21.40    1.5    1.0 29 276 16.5 0.67 12.3  7.3  6.9-0.457E+02 0.241E+02-0.669E+02 0.148E+01
140404 1410 56.42 47 13.62 100 27.94    0.5    1.0 34 109 31.9 1.53  9.0  7.0  7.9 0.948E+00 0.401E+01 0.108E+02 0.366E+01
130504 1212 25.93 45 46.24  99  2.76    8.0    1.0 41 150 64.4 1.41  8.5  9.6  5.8 0.363E+01-0.943E+01-0.270E+02 0.313E+01
130809 0302 26.79 46  8.33 100 21.49    9.1    1.0 46 155 31.8 0.64  4.4  7.4  3.4 0.126E+01 0.126E+02-0.548E+01 0.143E+01
140324 1017 25.74 45 52.43  98 38.82   15.0    1.0 43 260 61.4 1.74 22.6 16.2 16.7 0.118E+03-0.905E+02-0.146E+03 0.358E+01
131213 0530 19.29 46  1.43  98 55.90    7.9    2.0 45 182 37.4 0.69  7.0  3.2  6.2-0.822E+01 0.856E+01-0.456E+01 0.144E+01
130117 0901 37.91 46 19.11  99 51.97    8.8    1.0 42 132 28.8 0.69  6.4  6.7  5.7 0.463E+01-0.259E+02-0.380E+01 0.156E+01
131106 2229  0.43 45 42.34 100 49.68    4.8    1.0 45 149 72.2 1.29 13.4  7.3 11.3 0.411E+02 0.198E+01-0.202E+02 0.266E+01
131215 0513 28.93 46  3.35  98 54.59    8.2    2.0 47 104 34.4 0.83  5.3  4.7  4.6 0.526E+00-0.759E+00-0.396E+01 0.163E+01
140130 0238 15.42 45 59.17  97 12.52    0.0    1.0 51 168 65.5 1.60 13.9 10.1 11.0-0.223E+02-0.620E+01-0.428E+02 0.351E+01
140131 1230 10.03 46 48.09  96 58.18    8.9    1.0 49 128 16.7 1.06  7.3  7.1  6.7 0.172E+01 0.275E+01-0.353E+00 0.259E+01
140313 1022 13.06 45 50.70  98 50.86    6.8    1.0 47 161 58.3 1.35 12.2  9.5  9.8-0.235E+02 0.228E+02-0.418E+02 0.302E+01
130418 0258  6.85 46 14.82  97  3.99    0.0    1.0 48 262 42.0 1.61 16.8  9.6 12.8 0.775E+02-0.433E+02-0.734E+02 0.338E+01
130712 0627  6.11 46 43.07  99 23.46    9.4    1.0 53  75 31.8 0.75  3.4  8.1  2.7 0.727E+00-0.521E+01-0.408E+01 0.171E+01
140211 1114  0.53 45 49.50  98 38.21    7.3    1.0 48  94 66.5 1.18  7.3  7.1  5.8-0.628E+01 0.109E+02-0.171E+02 0.222E+01
140326 1103  6.72 46  4.30  96 56.15    0.2    1.0 45 229114.0 1.89 25.8 16.4 23.0 0.165E+03-0.249E+03-0.129E+03 0.419E+01
120623 1020 35.71 46 52.69 100  0.65   16.0    2.0 56 117 60.7 0.55  3.5  7.8  2.6 0.374E+00 0.150E+02-0.333E+01 0.132E+01
120928 0855 17.80 46  2.78  97 31.76    7.3    1.0 41 259 19.1 1.33 13.2  4.8 11.1 0.405E+02-0.109E+02-0.106E+01 0.288E+01
130813 0847 26.52 47 18.65  96 43.36    3.1    2.0 55 233 74.8 1.65 21.0 14.9 18.4 0.118E+03-0.207E+03-0.902E+02 0.385E+01
131201 0038 22.12 47 27.47  99 37.44   16.8    1.0 54 100 43.7 0.52  3.0  7.9  2.5-0.985E+00 0.454E+01 0.394E+01 0.126E+01
131215 0248 15.86 47 27.66 100 34.53    9.0    1.0 49 227 41.1 0.42  7.2  5.0  6.9-0.729E+01 0.286E+02-0.544E+01 0.106E+01
131228 2022 10.93 45 49.42  99 23.76   15.0    1.0 47 145 68.1 0.91  7.4 10.0  5.7 0.685E+01-0.339E-01-0.245E+02 0.204E+01
131229 1449 27.75 46  1.75  97 30.36    0.6    1.0 45 257 37.6 0.95 10.7  5.4  8.9 0.300E+02-0.261E+02-0.170E+02 0.203E+01
140107 0200 37.75 45 44.68  99  0.27   15.0    1.0 43 108 67.3 1.03  8.7 10.1  7.1 0.167E+02-0.226E+02-0.277E+02 0.220E+01
140304 0616 57.69 45 59.18  97  4.42    4.1    1.0 52 120 48.2 2.06 15.7 13.4 13.3 0.185E+02-0.654E+02-0.468E+02 0.473E+01
130105 1039 17.32 46 19.20  99 50.73    8.6    1.0 57 167 70.2 0.67  3.7  4.0  2.3 0.328E+01-0.184E+01-0.451E+01 0.152E+01
120624 0452 50.40 46 19.85  98 43.82    9.1    3.0 60 232 24.8 0.87  9.3 12.1  6.5 0.360E+02-0.604E+02-0.590E+02 0.192E+01
130325 0859  4.33 46 19.25  99 49.11    9.4    1.0 51 146 31.8 0.77  3.9  6.5  2.7 0.274E+01 0.115E+01-0.481E+01 0.169E+01
131229 0228 17.33 46  4.71  97 37.15    2.5    1.0 47 241 60.3 0.90 11.0  6.5  8.8 0.409E+02-0.388E+02-0.288E+02 0.204E+01
140107 0520 38.77 45 51.12  98 56.54    6.8    1.0 48 115 55.9 1.04  8.0  6.1  6.9-0.217E+01-0.548E+00-0.974E+01 0.218E+01
140113 1034 41.15 45 45.54  96 33.42    0.0    1.0 50 148 99.5 1.99 18.8 13.2 15.1 0.136E+02-0.729E+02-0.750E+02 0.456E+01
140325 0158 31.40 45 50.75  98 51.09   11.1    1.0 43 114 58.1 0.77  7.0  8.5  6.2 0.533E+01-0.300E+02-0.141E+02 0.165E+01
130717 0657  7.98 46 53.18  98 22.81    9.2    1.0 61 183 42.4 0.62  3.8  5.7  2.9 0.231E+01-0.765E+01 0.191E+01 0.145E+01
130902 1138 49.66 46 13.25 100  2.18   12.8    1.0 57 105 11.8 0.58  3.7  6.0  2.7-0.102E+01 0.930E+01-0.897E+01 0.137E+01
140125 0810 52.49 45 49.27 100  6.85    7.9    1.0 48 126 36.2 1.26 11.2  7.4  8.8 0.441E+01 0.124E+02-0.202E+02 0.275E+01
140214 1801 18.91 45 48.63  98 58.36   15.0    1.0 47 157 60.2 0.88  6.7  5.2  4.8 0.440E+01-0.814E+00-0.121E+02 0.183E+01
140222 1852 13.99 45 44.21 101 26.40    0.6    1.0 49 126110.3 1.26 11.5  7.3 10.5 0.106E+02 0.342E+02-0.593E+01 0.267E+01
140330 0906 31.81 47  1.13 101 19.29   15.1    1.0 54  64 28.9 0.62  2.5  4.0  2.1 0.401E+00 0.358E+00-0.342E+00 0.139E+01
120902 0615 12.78 45 44.34  99  1.55    9.4    1.0 51 163 67.9 1.09  7.2  9.6  4.6 0.182E+01-0.276E+01-0.300E+02 0.254E+01
120722 2135 29.09 46  5.94  96 55.46    0.3    1.0 56 225 44.8 0.88  7.9  4.2  6.2 0.317E+01-0.276E+01-0.964E+01 0.191E+01
130718 1307 23.00 45 59.66  99 48.93    9.0    1.0 61 151 76.8 0.99  6.3  6.5  3.3 0.335E+01-0.186E+01-0.191E+02 0.242E+01
130927 2221 49.95 45 48.50  98 50.67    9.0    1.0 51 195 62.3 0.79  6.7  5.3  5.0-0.110E+02 0.961E+01-0.145E+02 0.173E+01
121105 0051  7.10 46 43.08  97  5.81   15.0    1.0 56 201 11.1 0.89  7.2  4.5  6.3 0.593E+01-0.963E+01-0.315E+01 0.189E+01
131104 0919  8.24 46 54.72  98 34.69    9.0    1.0 66 176 32.1 0.89  5.5  5.2  4.2 0.947E+01-0.900E+01-0.753E+01 0.206E+01
140104 1131 42.09 45 52.51  98 40.90    4.6    1.0 58 106 60.0 0.84  5.7  4.5  4.8-0.876E-01-0.106E+01-0.497E+01 0.187E+01
140111 0002 25.31 45 56.67  97 49.25    5.2    1.0 68 158 63.8 1.42 10.7  8.0  9.1 0.231E+02-0.267E+02-0.239E+02 0.327E+01
140105 1315  2.73 46  6.54 100 31.74    8.7    1.0 66 118 30.0 0.71  3.4  3.6  2.4 0.140E+01 0.201E+00-0.286E+01 0.159E+01
140108 0832 47.62 46 38.58  97  2.00    7.9    1.0 64 200 20.7 1.19  9.2  3.4  8.4 0.740E+01-0.112E+01-0.334E+01 0.269E+01
140130 2033 26.98 45 53.80  98 54.37    4.3    1.0 57 144 51.6 1.01  6.8  5.7  4.9 0.945E+00 0.170E+01-0.110E+02 0.225E+01
130210 1055 51.48 45 53.60  98 50.39    8.1    1.0 62 194 53.3 1.31 10.2  8.5  6.6 0.320E+02-0.290E+02-0.414E+02 0.296E+01
130807 0952 17.17 46 50.85  98  2.94    9.1    1.0 73  85  4.8 1.00  5.2  5.4  4.4 0.403E+01-0.100E+02-0.394E+01 0.234E+01
130920 0110 37.75 45 52.50  98 38.57    8.8    2.0 64 104 61.5 0.90  5.6  4.8  4.6-0.116E+00-0.186E+01-0.635E+01 0.199E+01
140323 2059 43.42 45 50.77  98 51.30   15.0    1.0 50 114 58.0 0.68  5.4  7.1  4.6 0.336E+01-0.179E+02-0.759E+01 0.148E+01
140326 0558 41.61 46 50.13  98  2.19    8.9    1.0 71  99  4.6 0.92  4.0  2.9  3.2 0.265E-01 0.204E-01-0.261E+01 0.218E+01
140401 1343 24.32 46  1.98  98 37.96    1.0    2.0 50 227 47.8 0.59  4.8  3.8  3.2-0.364E+01 0.319E+01-0.766E+01 0.123E+01
130522 0346 54.97 47 20.21  99 59.86   17.8    1.0 73  57  6.5 0.62  2.4  3.8  1.9 0.904E+00 0.204E+01-0.158E-01 0.148E+01
140101 1457 37.53 46  8.05 101 18.92    0.0    1.0 76 132 21.6 1.87  9.3  6.7  5.8-0.494E+01 0.669E+01-0.246E+02 0.445E+01
120625 1708  4.07 45 52.07  97 16.59    0.0    2.0 69 269103.4 1.13 18.8 10.6 16.7 0.116E+03-0.148E+03-0.734E+02 0.246E+01
120909 1016 16.19 47  0.66  99 47.82   14.2    1.0 75  54 28.5 0.60  2.2  5.4  1.6 0.643E+00 0.962E+00-0.104E+01 0.144E+01
130802 1048 33.68 46 52.02  98  0.41    9.2    1.0 72  78 49.7 0.77  3.5  4.0  2.9 0.150E+01-0.345E+01-0.240E+01 0.172E+01
131006 0604  8.74 46 48.97  96 58.62    9.3    2.0 72 127 16.2 1.19  7.3  6.2  6.7-0.483E+00-0.164E+02-0.196E+01 0.275E+01
140125 0702 22.57 46  0.11  97 24.55    2.8    2.0 75 109 39.3 1.76 11.2  6.6  9.8 0.667E+01-0.204E+02-0.600E+01 0.389E+01
140314 1930 23.12 46  8.30  96 54.54    0.0    2.0 61 220 43.1 1.27  9.6  5.3  8.3 0.850E+01-0.310E+01-0.702E+01 0.266E+01
130716 0951  8.80 45 53.53  99  6.36    9.2    1.0 78 150 51.0 1.25  6.9 10.2  4.5 0.719E+01-0.859E+01-0.219E+02 0.305E+01
130822 0209 39.93 47  5.21 101 13.10   15.0    1.0 78  39 19.3 0.77  3.2  3.5  2.7 0.611E+00 0.174E+01 0.967E-01 0.176E+01
140127 0803 13.51 47 11.13 100 31.37    9.0    1.0 76  48 36.8 0.71  2.4  3.4  2.0 0.930E+00 0.470E+00 0.332E+00 0.153E+01
120912 0715 35.03 46  5.81 100 43.69    7.8    1.0 74  71 20.9 0.86  3.9  2.7  3.1-0.117E+00 0.218E+01-0.274E+01 0.185E+01
130118 0725  9.65 45 47.32  98 20.20    5.2    1.0 67 101 50.4 1.74  9.1  8.9  7.1 0.121E+02-0.154E+02-0.199E+02 0.390E+01
130514 1212 17.71 45 44.64  98 47.01    9.5    1.0 68 146 70.4 1.35  7.4  9.7  5.2 0.103E+02-0.230E+02-0.266E+02 0.297E+01
130909 2353 57.65 46  7.62 100 12.34    8.5    1.0 81 108  5.2 0.90  4.1  2.6  2.8 0.532E+00-0.484E+00-0.276E+01 0.210E+01
130923 2229 58.61 46 11.37  96 51.97    2.2    2.0 64 239 43.2 0.71  9.3  6.8  8.1 0.261E+02-0.417E+02-0.243E+02 0.156E+01
131024 2341  4.91 46  4.17  97 12.61    0.0    2.0 76 110 34.5 1.45 10.0  4.8  8.5 0.589E+01 0.458E+00-0.458E+01 0.317E+01
140219 2233 27.54 47  9.11  96 44.70    6.2    2.0 75 141 38.9 1.16  7.3  6.1  6.8-0.136E+01-0.192E+02-0.652E+00 0.259E+01
140228 1520 59.02 46 34.12  96 44.57    0.3    2.0 72 130 42.4 1.57 10.0  5.5  8.9 0.810E+01-0.103E+01-0.523E+01 0.355E+01
121102 1742  3.39 46 17.72  96 56.36    3.4    1.0 71 232 34.1 1.36 10.1  5.6  8.4 0.178E+02-0.917E+01-0.122E+02 0.295E+01
130519 1130  5.80 46 28.11  99 51.01   16.1    1.0 80 111 42.4 0.58  2.6  5.1  2.0 0.629E+00 0.330E+01-0.343E+01 0.133E+01
131123 0931 14.29 46 49.19  97  1.14    9.0    2.0 74 124 13.1 1.12  7.5  6.0  7.0 0.141E+01-0.172E+02-0.264E+01 0.269E+01
140228 1504  3.81 46 32.34  96 40.49    3.2    3.0 74 132 48.6 1.32 10.1  7.7  9.3 0.919E+01-0.416E+02-0.109E+02 0.280E+01
140313 1718 11.10 47 11.98 100 31.33    9.0    1.0 82  48 36.2 0.69  2.5  3.4  2.0 0.121E+01 0.802E+00 0.240E+00 0.164E+01
140326 0431 44.91 46 31.76 100 39.79    9.0    1.0 77  66 17.7 0.57  2.3  3.0  1.7 0.613E+00 0.309E-01-0.144E+01 0.133E+01
121122 1929 18.75 46 34.18  96 43.52    8.4    1.0 72 131 43.4 1.33 10.0  7.7  9.2 0.948E+01-0.392E+02-0.105E+02 0.293E+01
121225 0556 28.10 45 41.91  99  3.53    7.4    1.0 66 113 72.4 1.17  6.4  6.3  4.5 0.205E+01-0.217E+01-0.143E+02 0.265E+01
130105 1152 29.92 47  1.18  96 58.43    7.7    1.0 80 189 24.4 1.36  8.8  4.9  8.1 0.822E+00-0.782E+01-0.315E+01 0.322E+01
130516 1425 38.35 46  4.12  97  8.98    0.0    1.0 57 232 38.7 0.94  7.4  3.8  6.4 0.113E+02-0.277E+01-0.281E+01 0.204E+01
130910 1002 44.28 46 38.93  97 15.99    9.1    2.0 80 174  8.8 1.46 10.9  5.1 10.1 0.164E+02-0.364E+02-0.104E+02 0.312E+01
140322 1052 40.48 46 52.25  98  2.67    8.8    1.0 85  87  7.2 0.96  4.5  3.2  3.5 0.362E+01-0.344E+01-0.518E+01 0.211E+01
121125 0057 34.88 47 27.43 100 39.06   15.0    1.0 82  84 10.7 0.49  1.9  2.6  1.6 0.858E+00 0.131E+01 0.394E+00 0.120E+01
121222 0950 57.70 46 10.89  97 11.06    0.0    1.0 73 266 32.9 1.42 11.0  5.1  9.7 0.248E+02-0.137E+02-0.625E+01 0.313E+01
130318 0815 11.65 46 27.74 100  0.25    9.5    1.0 82  70 36.8 0.84  3.4  5.9  2.6 0.786E+00 0.502E+01-0.341E+01 0.203E+01
131208 0536 15.58 47 30.63 100 49.76   15.7    1.0 85  75 22.4 0.62  2.5  3.9  2.1 0.144E+01 0.247E+01 0.190E+00 0.139E+01
140114 1945 27.94 46 41.81  97 10.81   10.8    2.0 80 113 11.1 1.06  6.4  5.0  5.9-0.460E-01-0.732E+01-0.226E+01 0.238E+01
120626 2104  4.97 45 52.55  98  0.48    6.1    2.0 85 224 96.3 1.29 12.1  9.0  8.3 0.571E+02-0.512E+02-0.626E+02 0.280E+01
121006 0244 47.76 46 51.25  98  0.78    8.8    1.0 87  51  7.2 0.79  3.1  4.2  2.6 0.297E+00-0.513E+01-0.883E+00 0.178E+01
130107 0815 18.51 46 51.22  98  0.15    9.9    1.0 80  78  7.9 0.70  3.0  3.8  2.5 0.670E+00-0.494E+01-0.141E+01 0.157E+01
130116 0954 14.22 47 27.42 100  1.41   19.8    1.0 87  47 17.3 0.56  2.0  3.9  1.6 0.699E+00 0.298E+01 0.120E+01 0.133E+01
131018 1951 35.13 46 13.55  97 14.60    2.2    3.0 79 103 17.5 1.56 10.2  4.7  8.9 0.155E+02-0.254E+01-0.459E+01 0.357E+01
121016 0401 34.98 46 50.54  98  1.69    9.3    1.0 87  54  5.5 0.80  3.0  4.1  2.5 0.545E+00-0.469E+01-0.762E+00 0.182E+01
121130 0016 51.99 46 11.21  97 11.14    0.0    1.0 77 259 23.6 1.37  9.4  4.3  7.9 0.181E+02-0.421E+01-0.355E+01 0.296E+01
130418 0029  8.34 45 59.21  97 26.36    2.4    1.0 71 254 28.0 1.77 13.7  6.4 11.7 0.455E+02-0.268E+02-0.548E+01 0.381E+01
130519 0126 24.91 45 47.01 101 32.21    0.0    1.0 66 111 38.2 1.77  9.8  6.6  7.7-0.130E+02 0.172E+02-0.970E+01 0.357E+01
130717 1910 40.15 46  8.64  97 41.25    0.0    1.0 88 220  9.5 1.48 15.0  9.2 12.5 0.821E+02-0.977E+02-0.547E+02 0.332E+01
131021 0202  1.15 46 13.26 101  3.67    8.6    2.0 81  99 24.3 0.66  3.0  3.0  2.2-0.365E-01 0.128E+01-0.215E+01 0.146E+01
121101 0652 28.15 46 44.74  99  8.53    9.2    1.0 90  86 35.0 0.71  2.6  5.3  2.0 0.122E+01-0.229E+01-0.174E+01 0.153E+01
130117 2220 43.70 46 20.00  97 50.21    9.0    1.0 81  60 22.4 1.01  4.1  4.8  3.3 0.157E+01-0.459E+01-0.277E+01 0.228E+01
131010 1554 50.43 47 11.14 101 26.80   15.0    1.0 84  61 23.9 0.59  2.4  2.9  2.0 0.634E+00 0.141E+01 0.100E+00 0.133E+01
120716 1353  7.56 46 34.40  96 45.74   15.0    1.0 65 130 40.9 1.19 10.1  7.4  9.3 0.148E+02-0.434E+02-0.125E+02 0.259E+01
121128 0459 44.23 46 10.18 101  8.50    1.4    1.0 86 115 31.9 0.93  4.2  3.3  2.8 0.310E+00 0.176E+01-0.470E+01 0.204E+01
130628 0239 39.57 46 51.10  98  1.16   10.1    1.0 80  69  6.7 0.93  3.9  4.6  3.4 0.106E+01-0.728E+01-0.143E+01 0.208E+01
131111 1005 14.72 47  6.00 100 11.60   12.5    1.0 92  33 24.6 0.68  2.3  4.7  1.8 0.833E+00 0.203E+01 0.647E-01 0.163E+01
140327 1344 12.80 47 12.93 100 52.87    9.6    1.0 91  52 16.7 0.72  2.7  5.3  2.3 0.901E+00 0.492E+01-0.960E+00 0.170E+01
120703 0003  1.23 46 13.47  97 31.71    4.2    1.0 79 215  6.4 1.09  8.5  3.7  6.7 0.243E+02-0.138E+02-0.120E+02 0.237E+01
120714 0156 49.07 46  5.75 100 15.46    9.2    1.0 85  84 10.4 0.75  3.1  4.7  2.3 0.173E+00 0.443E+01-0.300E+01 0.178E+01
120812 0345 41.56 46 36.64  98 41.26    9.1    1.0 95  65 40.3 0.86  3.5  7.1  2.8 0.178E+01-0.116E+02-0.350E+01 0.207E+01
121015 0915 37.06 46 51.89  98  1.35   11.0    1.0 86  64  7.5 0.74  3.2  4.2  2.7 0.113E+01-0.592E+01-0.105E+01 0.175E+01
130108 0525 22.93 47 12.76 101  4.37   25.6    0.0 92  58  5.3 0.49  1.9  1.9  1.6 0.393E+00 0.104E+01 0.272E-01 0.117E+01
130417 0219 27.15 46  6.99 100 19.02    7.9    1.0 80 130 13.8 0.94  4.1  3.3  2.7 0.236E+01-0.158E+01-0.387E+01 0.213E+01
130518 1406 10.65 46  6.49  98 57.38    8.7    1.0 82 180 27.8 1.22  7.0  6.9  4.2 0.119E+02-0.119E+02-0.219E+02 0.285E+01
130827 1140 54.21 47 26.75 100 41.29   17.0    2.0 94  67 13.7 0.59  2.3  3.8  1.9 0.117E+01 0.212E+01 0.855E+00 0.141E+01
130907 1651 52.30 46 13.50  99 51.64    9.4    1.0 95  72 23.6 0.64  2.7  5.1  1.9-0.141E+00 0.432E+01-0.500E+01 0.139E+01
140317 0906 57.47 47 11.47 100 31.04    9.1    1.0 95  27 35.4 0.87  2.7  3.7  2.2 0.126E+01 0.683E+00 0.394E-01 0.194E+01
120724 1456 30.04 46 18.72 101  5.19    9.3    1.0 94  83 23.2 0.72  2.8  3.1  2.3-0.246E-01 0.315E+01-0.352E+00 0.151E+01
120930 1538  9.18 47 27.62 100  1.10   15.1    1.0 96  46 17.7 0.58  2.0  3.7  1.5 0.806E+00 0.198E+01 0.984E+00 0.139E+01
121101 1530 46.12 46 50.20  98  1.42   12.3    1.0 82  81  5.5 0.80  3.3  4.0  2.8 0.885E+00-0.589E+01-0.141E+01 0.187E+01
130117 0052 12.81 46 17.41 100  1.66    9.3    1.0 99  98 18.4 0.77  2.9  5.4  2.3 0.427E+00 0.567E+01-0.296E+01 0.178E+01
140303 0917  1.78 47 29.42 100 48.13   15.1    1.0 95  73 20.4 0.55  2.1  3.5  1.7 0.979E+00 0.164E+01 0.395E+00 0.132E+01
120911 0316 26.43 46 38.85  99  9.89    9.6    1.0 95  69 34.2 0.74  2.6  5.8  2.0 0.698E+00-0.162E+01-0.227E+01 0.181E+01
121009 1735 43.89 46 51.90  98  1.08    9.0    1.0 97  66  7.8 0.81  2.9  2.3  2.2 0.871E+00-0.889E+00-0.164E+01 0.174E+01
121012 0651 29.55 47 24.41 100 41.48   17.1    2.0 97  80 16.6 0.51  1.9  3.4  1.5 0.749E+00 0.135E+01 0.618E+00 0.123E+01
121018 2127 58.04 47 35.99 101 23.46    9.1    1.0 90 109 15.9 0.64  2.9  1.8  2.5 0.182E+01 0.919E+00 0.179E+00 0.134E+01
130415 2222  1.19 47 39.32  96 55.81    9.3    1.0 75 138 19.8 0.81  4.7  5.2  4.1-0.212E+01-0.414E+01-0.260E+01 0.184E+01
130715 0620 41.00 46 59.30  99 12.22   15.0    1.0100  47 15.5 0.69  2.2  5.5  1.7 0.601E+00 0.298E-01 0.221E+00 0.156E+01
130830 0125 14.97 45 44.95 100 53.16    5.6    2.0 99  86 12.7 1.44  6.2  3.6  5.2-0.371E+01 0.422E+00-0.337E+01 0.316E+01
131214 0153 34.71 46 12.30 100 10.11    8.9    1.0 94  75  6.8 0.63  2.8  2.4  1.8 0.125E+01-0.938E+00-0.315E+01 0.142E+01
120812 0349  2.35 46 36.13  98 40.68   15.0    1.0101  66 40.1 0.84  3.3  7.9  2.6 0.177E+01-0.102E+02-0.610E+01 0.181E+01
120816 0753 32.31 46  4.40  97 10.72    3.1    3.0 81 110 36.5 1.12  6.8  3.4  6.0 0.552E+01-0.279E+01-0.689E+00 0.241E+01
121007 1116  7.66 46 51.66  98  1.66    9.7    2.0 97  65  7.0 0.82  3.2  4.1  2.6 0.130E+01-0.543E+01-0.118E+01 0.181E+01
121031 2303  0.85 45 46.30  98 59.30    9.6    1.0 90 160 64.4 1.07  6.3  5.8  3.8 0.914E+01-0.748E+01-0.178E+02 0.258E+01
121101 1656  2.46 46 44.71  99  9.52    9.3    1.0 97  65 34.4 0.85  2.9  5.9  2.3 0.135E+01-0.256E+01-0.115E+01 0.199E+01
130326 1142 53.62 45 59.45  97 12.21    0.0    2.0 70 260 39.6 0.98  7.0  3.2  6.0 0.775E+01-0.227E+01-0.574E+00 0.208E+01
130728 2043 57.15 46 45.43  96 57.80    3.1    1.0 99 127 17.7 1.80 10.0  5.7  8.9 0.883E+01-0.874E+01-0.877E+01 0.417E+01
131229 2126 28.97 47 20.41  99 58.56   14.9    1.0102  39  8.1 0.63  2.0  3.6  1.5 0.696E+00 0.925E+00 0.470E+00 0.148E+01
140223 2033 59.36 47 29.58 100 48.43   12.5    1.0 99  73 20.8 0.60  2.2  3.4  1.8 0.102E+01 0.196E+01 0.355E+00 0.141E+01
121029 0425 24.30 46 51.14  98  1.82    8.9    1.0102  45  6.1 0.89  3.2  2.4  2.5 0.883E+00-0.972E+00-0.175E+01 0.198E+01
121129 0319 46.39 45 47.64  98 59.27    7.5    1.0100 121 62.0 1.27  6.5  6.1  4.0 0.487E+01-0.564E+01-0.175E+02 0.290E+01
130406 2034 33.46 46 51.09  98  0.15    9.0    1.0 90  75  7.7 0.89  3.2  2.5  2.5 0.659E+00-0.632E+00-0.151E+01 0.198E+01
130504 1821 18.80 45 48.87  98 51.64    8.8    1.0 99 100 61.3 1.45  6.6  6.7  4.8 0.856E+01-0.851E+01-0.147E+02 0.338E+01
130520 0749 11.57 47 13.60  99 29.77   12.9    2.0103  38 25.7 0.76  2.3  5.6  1.8 0.767E+00-0.775E+00-0.245E+00 0.181E+01
130526 2225 53.15 46 51.05  98  1.51    9.0    1.0100  48  6.3 0.88  3.1  2.4  2.5 0.736E+00-0.911E+00-0.138E+01 0.195E+01
130812 0052 29.92 47 26.77 101 27.84    9.0    2.0100  83 13.1 0.78  3.3  3.4  2.9 0.159E+01 0.416E+01 0.116E+01 0.166E+01
130813 0008  8.41 46 12.93 100 39.77    9.1    1.0103  62  6.8 0.79  3.5  4.1  3.0-0.174E+00 0.792E+01-0.111E+01 0.178E+01
121008 1653 23.52 46 50.21  98  0.84   12.1    1.0 98  56  6.2 0.80  3.0  3.7  2.6 0.764E+00-0.515E+01-0.929E+00 0.173E+01
121117 2218 20.45 46 50.95  98  0.92    9.2    1.0101  78  6.8 0.71  2.7  3.4  2.2 0.751E+00-0.399E+01-0.664E+00 0.156E+01
121123 0705 27.10 46 50.87  98  1.40    9.3    1.0 98  52  6.2 0.73  2.9  3.8  2.4 0.584E+00-0.475E+01-0.107E+01 0.168E+01
121220 1318 11.75 47 17.96 101 11.19    7.0    1.0100  62  2.7 0.89  3.0  1.8  2.6 0.674E+00 0.112E+01 0.230E+00 0.196E+01
121221 2354 13.59 46 53.59  97  5.13    1.8    1.0 98 120 13.3 1.78  9.7  5.3  8.7 0.673E+01-0.135E+02-0.718E+01 0.392E+01
130228 1434 19.60 46 46.25 100  1.51    9.1    1.0104  66  6.9 0.64  2.1  3.6  1.6 0.580E+00 0.202E+01-0.105E+00 0.147E+01
130828 0344 46.02 45 44.09  99  3.00    9.0    2.0105 109 68.3 1.49  7.1  6.7  4.8 0.752E+01-0.638E+01-0.187E+02 0.330E+01
140107 1144 55.66 47 25.23 100 40.85   17.0    2.0102  40 15.0 0.53  1.9  2.8  1.6 0.804E+00 0.103E+01 0.232E+00 0.129E+01
140206 1909 11.63 46 23.76  99 23.51    9.2    1.0106  67 26.7 1.06  3.5  6.9  2.7 0.153E+01-0.251E+01-0.486E+01 0.241E+01
140218 0735 30.79 46 22.48  99 22.73   14.3    1.0107  86 25.4 1.00  3.5  6.9  2.4 0.156E+01-0.330E+01-0.827E+01 0.219E+01
120813 0729 41.63 46 27.51  99 42.12   15.2    2.0 99  92 49.4 0.90  3.3  6.7  2.5 0.132E-01 0.710E+01-0.481E+01 0.188E+01
120915 1817 11.32 45 42.05  98 54.62    8.7    1.0 98 112 72.9 1.32  6.0  5.9  4.1 0.598E+01-0.557E+01-0.130E+02 0.285E+01
121127 1044 11.10 46 51.48  98  1.66    8.8    1.0 99  67  6.7 0.77  3.0  3.9  2.5 0.887E+00-0.528E+01-0.108E+01 0.172E+01
130105 2049 34.81 46 19.24  99 51.98   10.1    1.0104 100 28.9 0.80  3.0  5.4  2.3 0.760E+00 0.470E+01-0.348E+01 0.174E+01
130112 0349 50.10 46 51.51  98  1.01    9.3    1.0101  47  7.3 0.78  2.8  2.2  2.2 0.102E+01-0.896E+00-0.161E+01 0.167E+01
130301 1013 48.63 46 50.72  98  0.49   10.5    1.0103  76  7.0 0.89  3.3  4.0  2.8 0.813E+00-0.569E+01-0.912E+00 0.190E+01
130315 0615 20.84 46 46.15 101 22.99    9.5    1.0 97  43 34.8 0.82  3.0  4.2  2.5-0.270E-01 0.359E+01-0.167E+01 0.181E+01
130505 1437 53.55 46 51.19  98  0.10    9.2    2.0 97  44  7.9 0.68  2.9  3.8  2.5 0.902E+00-0.519E+01-0.114E+01 0.153E+01
120805 2210  8.92 47 29.38 100 39.90    9.0    1.0101  71 10.2 0.51  2.0  3.4  1.6 0.919E+00 0.232E+01 0.545E+00 0.125E+01
120911 0702 27.64 46 39.10  99  8.59    9.4    1.0 94  66 34.3 1.00  3.3  6.8  2.6 0.103E+01-0.450E+01-0.289E+01 0.227E+01
130217 1425 34.87 46 50.98  98  0.78   10.1    1.0104  57  6.9 0.84  3.3  4.1  2.9 0.825E+00-0.628E+01-0.603E+00 0.189E+01
130513 1252 53.57 47  7.35 100 11.82   11.6    1.0102  32 22.4 0.72  2.3  4.6  1.8 0.861E+00 0.286E+01 0.137E-01 0.171E+01
130704 2211 47.93 46 50.51  98  1.12    9.3    1.0104  43  6.1 0.84  3.3  4.0  2.8 0.538E+00-0.504E+01-0.982E+00 0.191E+01
130902 1916 28.79 45 44.53  99  2.61    9.4    2.0110 108 67.5 1.49  6.2  8.8  4.2 0.476E+01-0.519E+01-0.183E+02 0.340E+01
140325 0133 26.32 46  6.25 100 13.27    8.0    1.0 99  71  7.5 0.97  3.6  2.9  2.7 0.176E+01-0.846E+00-0.182E+01 0.218E+01
120726 0339 17.55 45 53.95 100 10.49    8.8    2.0111  80 27.5 1.04  4.3  5.5  3.4-0.552E+00 0.108E+02-0.439E+01 0.225E+01
121007 0305 33.13 46 50.73  98  1.33   10.3    2.0107  39  6.1 0.78  2.9  3.8  2.4 0.760E+00-0.504E+01-0.718E+00 0.172E+01
121103 0852 39.31 46 50.86  98  1.58    8.8    1.0103  50  6.0 0.82  2.8  2.2  2.2 0.654E+00-0.697E+00-0.124E+01 0.182E+01
121108 2009 46.76 46 51.38  98  0.51    9.2    1.0100  75  7.7 0.80  3.1  4.1  2.6 0.845E+00-0.578E+01-0.796E+00 0.173E+01
121112 1526 58.14 46 51.76  98  1.32    8.5    1.0109  39  7.4 1.05  3.6  2.8  2.9 0.186E+01-0.200E+01-0.220E+01 0.227E+01
121113 1814 46.55 46 51.16  98  0.24    9.0    1.0100  75  7.7 0.80  2.6  2.1  2.0 0.737E+00-0.572E+00-0.115E+01 0.165E+01
130103 1040 26.28 46 50.53  98  1.01    9.0    1.0104  80  6.2 0.78  2.7  2.0  2.1 0.699E+00-0.524E+00-0.103E+01 0.170E+01
130423 1134 32.84 47 39.99  97 19.08   10.0    2.0 98  93 39.3 1.56  6.4  7.2  5.5-0.160E+01-0.836E+01-0.146E+01 0.335E+01
130524 2151 49.41 46 17.07 100 12.72   15.0    1.0104  70 16.3 0.65  2.3  4.0  1.8 0.121E+00 0.281E+01-0.257E+01 0.147E+01
130719 2256 26.64 46 26.08  99 41.57    9.4    1.0113  65 47.3 0.83  2.7  5.3  2.1 0.408E+00 0.310E+01-0.250E+01 0.197E+01
130803 2030 44.60 45 50.74  99  0.58    8.6    1.0110  99 56.1 1.35  7.8  6.9  4.7 0.158E+02-0.130E+02-0.296E+02 0.297E+01
130823 2124 16.81 46  7.34  97  6.34    0.0    2.0 99 232 33.1 1.70 10.7  5.2  9.3 0.177E+02-0.662E+01-0.441E+01 0.370E+01
130903 2046 25.22 46 50.24  98  1.18   10.3    1.0109  56  5.8 0.87  3.3  4.1  2.8 0.448E+00-0.557E+01-0.940E+00 0.193E+01
140207 2322 25.03 46 23.47  99 22.03   15.0    1.0111  68 24.7 0.95  3.1  6.3  2.3 0.103E+01-0.275E+01-0.519E+01 0.215E+01
140217 1213 20.55 46  6.13 101  7.84    2.8    2.0107  65 25.8 1.38  4.8  3.6  3.8-0.111E+01 0.177E+01-0.297E+01 0.312E+01
121128 1229  4.69 46 50.73  98  1.18    9.3    1.0105  55  6.3 0.85  3.1  3.8  2.5 0.654E+00-0.456E+01-0.721E+00 0.184E+01
130106 0704 50.57 46 51.28  98  1.36    9.9    2.0101  47  6.7 0.72  2.8  3.6  2.4 0.109E+01-0.472E+01-0.924E+00 0.157E+01
130206 1942  7.40 46 54.88  97  7.00    0.7    1.0101 117 14.2 1.64  9.6  5.4  8.8 0.688E+01-0.190E+02-0.566E+01 0.370E+01
130223 0217 21.16 45 55.20  96 29.35    0.1    2.0 88 130 92.4 2.05 15.1 10.2 13.5 0.843E+01-0.757E+02-0.164E+02 0.449E+01
130501 0119 27.74 47 37.35  97 22.34    9.3    2.0 95  84 33.2 1.04  4.2  5.2  3.7-0.357E+00-0.313E+01-0.148E+01 0.224E+01
130501 0601 29.09 46  0.10 100 26.67    8.8    2.0106  70 28.2 0.78  2.9  3.2  2.2 0.364E+00 0.628E+00-0.239E+01 0.174E+01
130616 1501 51.46 45 44.83  99  1.63    8.0    2.0108 108 67.0 1.56  7.3  6.9  4.9 0.872E+01-0.901E+01-0.203E+02 0.347E+01
131011 0157 40.60 46 51.86  98  1.64    9.3    2.0105  56  7.3 0.95  3.9  4.6  3.4 0.126E+01-0.824E+01-0.741E+00 0.211E+01
140126 1836  5.43 46 48.94  98  1.12   13.0    2.0104  45  5.2 0.97  3.1  2.3  2.5 0.947E+00-0.102E+01-0.120E+01 0.198E+01
120820 1816 27.19 46 13.05  99 59.69   10.9    1.0108  71 14.0 0.83  3.1  5.3  2.3-0.222E+00 0.611E+01-0.471E+01 0.186E+01
120823 0035  8.32 47  6.37 100 12.07   14.9    1.0109  25 24.2 0.63  1.9  4.2  1.5 0.508E+00 0.174E+01 0.503E+00 0.142E+01
121014 1713 35.97 45 59.65  97 21.89    1.9    2.0108 111 30.4 1.79  9.9  5.9  8.6 0.135E+02-0.154E+02-0.618E+01 0.398E+01
121021 1444  1.60 47 19.17  99 58.19   15.1    2.0116  40  7.8 0.62  1.9  3.7  1.4 0.507E+00 0.139E+01 0.559E+00 0.148E+01
121216 1553  5.48 46 50.47  98  0.29   11.3    1.0106  39  7.0 0.81  2.9  3.7  2.5 0.665E+00-0.514E+01-0.774E+00 0.177E+01
130213 2322 13.22 46 51.31  98  1.19    9.0    1.0113  44  6.9 0.81  2.7  2.1  2.2 0.701E+00-0.793E+00-0.102E+01 0.178E+01
130308 1541 31.59 46 50.94  98  1.43   11.0    2.0108  50  6.2 0.96  3.4  4.1  2.8 0.409E+00-0.530E+01-0.520E+00 0.210E+01
130327 2307  5.17 46  5.19 100 36.75    8.6    2.0105  63 19.4 0.88  3.0  3.4  2.4-0.992E-01 0.137E+01-0.187E+01 0.198E+01
130418 2059 54.95 47 12.71 101 25.03    9.3    1.0104  65 21.2 0.72  2.6  3.8  2.2 0.354E+00 0.234E+01-0.140E+01 0.160E+01
130428 1724  4.02 46 45.02 100 33.93    9.4    1.0106  35 23.2 0.63  2.1  3.8  1.7 0.295E+00 0.390E+01-0.800E-01 0.137E+01
130503 0104  8.55 47 24.86 100 41.30   15.0    1.0105  43 15.8 0.57  2.0  3.2  1.6 0.806E+00 0.159E+01 0.249E+00 0.136E+01
130512 1747 43.83 45 54.04  96 25.74    1.7    2.0 85 132 88.7 1.59 12.7  8.2 11.3 0.598E+01-0.519E+02-0.134E+02 0.343E+01
131009 2212 14.71 46 56.40  97 32.49    9.0    1.0107  79 31.3 1.11  4.7  4.6  4.2-0.568E+00-0.702E+01-0.907E+00 0.249E+01
140124 0922 23.81 47 16.82 101 10.89    9.0    2.0106  61  1.9 1.00  3.4  2.8  2.8 0.135E+01 0.150E+01 0.202E+00 0.228E+01
140219 2054 44.78 46  3.21 100 28.97    9.0    1.0108  67 28.1 0.92  3.1  3.6  2.4 0.348E+00 0.113E+01-0.160E+01 0.207E+01
140310 2243 49.72 46 20.19  99 35.85    9.1    2.0112  70 42.1 1.01  3.4  5.6  2.5 0.901E+00 0.266E+01-0.382E+01 0.233E+01
120724 0617 57.51 45 55.08 100 41.58    8.7    2.0109  65 15.3 0.98  4.0  3.1  3.3-0.515E+00 0.371E+01-0.197E+01 0.227E+01
121006 1524 39.64 46 50.86  98  1.59    9.4    2.0111  39  6.0 0.90  3.3  4.2  2.8 0.628E+00-0.628E+01-0.457E+00 0.203E+01
121007 1357 18.19 46 51.51  98  0.33    9.2    2.0107  39  8.0 0.76  3.1  4.1  2.6 0.975E+00-0.588E+01-0.731E+00 0.176E+01
121222 2058  8.05 47 27.45 100  0.96   12.8    1.0118  46 17.4 0.60  1.8  3.8  1.4 0.615E+00 0.174E+01 0.137E+01 0.144E+01
130302 1218  6.88 47 25.86  99 50.16    9.1    1.0110  36 22.6 0.71  2.2  4.8  1.6 0.831E+00 0.171E+01 0.253E+01 0.176E+01
130306 1555 59.51 45 45.30  98 51.55    7.6    2.0104 106 67.8 1.40  5.8  6.0  4.0 0.481E+01-0.528E+01-0.112E+02 0.316E+01
130403 1035 23.48 47  9.16  96 43.54    0.8    2.0103 142 39.0 2.03 13.3  8.5 12.5-0.478E+00-0.649E+02 0.378E+01 0.448E+01
130504 2323 42.32 46 51.58  98  1.75    9.1    1.0111  63  6.8 0.84  3.3  4.1  2.9 0.105E+01-0.648E+01-0.551E+00 0.191E+01
130505 1419 20.55 45 55.16  97  1.22    0.0    2.0105 127 55.7 2.04 14.3  9.6 12.6 0.323E+02-0.674E+02-0.294E+02 0.455E+01
130801 2303 27.12 45 45.29  99  1.86    8.6    2.0116 107 66.1 1.53  6.9  8.8  4.6 0.729E+01-0.755E+01-0.225E+02 0.342E+01
130816 0924 48.25 47 27.07 100 37.87    9.2    2.0106  34  9.9 0.61  2.0  3.8  1.7 0.742E+00 0.169E+01-0.206E+00 0.142E+01
131022 2133 47.02 47  8.42  99 22.47   17.1    2.0117  37 15.4 0.55  1.6  3.5  1.2 0.346E+00-0.196E-01 0.178E+00 0.134E+01
140313 1401 40.23 47 11.84 100 31.54   11.6    1.0107  27 36.5 0.83  2.8  5.0  2.3 0.130E+01 0.570E+01 0.720E+00 0.181E+01
121018 1036  7.09 46 51.17  98  1.60    9.5    2.0114  39  6.4 0.92  3.2  4.2  2.7 0.701E+00-0.620E+01-0.565E+00 0.197E+01
121027 0135  5.33 46 50.72  98  1.22    9.3    1.0112  76  6.2 0.92  3.2  4.0  2.7 0.414E+00-0.508E+01 0.922E-02 0.209E+01
121129 1132 43.36 47  9.54 100 28.94    9.2    1.0117  43 35.2 0.78  2.5  5.3  2.1 0.101E+01 0.627E+01 0.818E+00 0.171E+01
121221 1409 47.66 46 56.40  97  7.49    0.7    2.0106 116 16.7 1.49  8.1  4.3  7.4 0.312E+01-0.894E+01-0.105E+01 0.322E+01
130127 0046 22.79 45 44.19  98 48.83    9.0    2.0111 107 70.6 1.55  6.8  6.6  4.5 0.558E+01-0.523E+01-0.158E+02 0.354E+01
130409 2136  7.98 46 54.79  97 10.71    0.0    2.0101 160 13.0 1.14  6.8  3.8  6.4 0.216E+01-0.115E+02-0.228E+01 0.246E+01
130504 1547 43.20 46 50.48  98  1.08    9.1    2.0111  43  6.1 0.89  3.3  4.0  2.8 0.645E+00-0.595E+01-0.488E+00 0.194E+01
130522 1803 26.30 47 39.91  97 34.56    4.6    2.0107  72 26.6 1.62  6.0  4.2  5.2-0.203E+01 0.521E+00-0.172E+01 0.376E+01
130801 0449 52.73 47 27.18 100  0.55   15.0    2.0114  34 17.1 0.64  2.0  4.0  1.6 0.735E+00 0.174E+01 0.952E+00 0.159E+01
140309 1513 15.90 47 21.59  99 51.24    9.9    2.0113  38 17.4 0.91  2.6  3.7  2.0 0.108E+01 0.312E+00 0.307E+00 0.216E+01
140315 1808 13.35 46 41.83  99 19.48    9.0    2.0114  50 34.6 0.92  2.8  6.1  2.2 0.992E+00-0.130E+01-0.916E+00 0.217E+01
120907 1550 14.70 47  1.84  98 20.90   11.2    1.0113  43 33.8 0.69  2.5  4.7  2.1-0.164E+00-0.642E+01 0.111E+01 0.158E+01
120924 2117 29.36 47  2.31  98 20.25   11.1    1.0115  40 34.1 0.87  3.1  5.3  2.6-0.659E+00-0.882E+01 0.224E+01 0.197E+01
121129 0723 20.43 47  9.55 100 28.49    9.3    1.0118  35 34.7 0.71  2.3  4.4  1.9 0.761E+00 0.421E+01 0.437E+00 0.164E+01
121229 1704 44.38 46 50.73  98  1.13    9.2    1.0114  39  6.3 0.84  2.8  3.6  2.4 0.274E+00-0.395E+01-0.933E-01 0.184E+01
130116 0239 28.86 46 50.86  98  0.99    9.4    2.0116  39  6.6 0.82  2.9  3.6  2.4 0.487E+00-0.448E+01-0.249E+00 0.179E+01
130208 0555 58.40 46 23.76  96 44.61    0.0    2.0 97 217 48.7 2.06 13.4  6.8 11.4 0.250E+02-0.169E+02-0.142E+02 0.446E+01
130223 2147 32.81 46 51.87  98  2.64    9.1    1.0111  44  6.6 0.83  3.0  3.7  2.6 0.515E+00-0.431E+01 0.307E+00 0.188E+01
130228 2100 37.96 46 57.15  98 59.68    9.4    1.0118  29 31.8 0.82  2.5  5.2  2.0 0.566E+00-0.397E+01 0.675E+00 0.186E+01
130329 2124 53.14 46 51.48  98  0.87    9.3    1.0105  48  7.4 0.75  2.7  3.5  2.3 0.372E+00-0.363E+01-0.170E+00 0.168E+01
130418 2136 48.99 46 50.76  98  1.04   10.5    1.0111  43  6.4 0.87  3.3  4.0  2.8 0.831E+00-0.599E+01-0.677E+00 0.194E+01
130426 0357 40.89 46 50.88  98  1.37    9.4    2.0113  43  6.2 0.92  3.2  3.9  2.7 0.435E+00-0.476E+01-0.340E+00 0.203E+01
130617 1757  1.59 46  6.83 100 13.03    9.7    1.0113  71  6.7 0.78  3.0  4.7  2.2-0.204E+00 0.470E+01-0.392E+01 0.171E+01
140323 2050 52.74 46 50.02  98 58.33   15.0    2.0112  40 38.1 0.75  2.3  4.9  1.8 0.601E+00-0.204E+01 0.642E-01 0.180E+01
140325 0604  0.95 46 47.99 100  8.88    9.3    2.0111  47  7.5 0.82  2.5  4.4  2.0 0.737E+00 0.311E+01-0.395E+00 0.175E+01
120918 1802 28.50 47 26.74  99 58.68    9.3    1.0116  37 17.1 0.72  2.1  4.4  1.6 0.907E+00 0.198E+01 0.253E+01 0.159E+01
121008 0250 31.48 46 50.95  98  1.62    8.9    2.0113  49  6.1 0.84  2.9  3.7  2.4 0.401E+00-0.404E+01-0.222E+00 0.185E+01
121019 2026 36.30 45 45.57  99  0.23    9.9    1.0119 107 65.7 1.40  5.9  8.3  4.0 0.553E+01-0.756E+01-0.189E+02 0.302E+01
121110 1407 31.92 46 51.70  98  1.25    9.9    1.0116  39  7.4 0.92  3.2  4.2  2.8 0.786E+00-0.630E+01-0.580E+00 0.198E+01
121112 0749 49.06 46 50.58  98  1.23   10.2    2.0112  39  6.1 0.92  3.3  4.2  2.8 0.622E+00-0.604E+01-0.950E+00 0.202E+01
121125 2129 34.38 47 27.21 100 38.62    9.6    2.0115  43 10.5 0.57  1.8  3.3  1.5 0.586E+00 0.143E+01-0.669E-01 0.135E+01
121212 2227 24.76 45 51.31  98 53.37    8.9    2.0122  97 56.4 1.55  6.2  6.3  4.3 0.627E+01-0.610E+01-0.128E+02 0.357E+01
130216 1108 12.99 46 49.95  98 47.49   10.1    2.0118  41 38.8 0.71  2.3  4.7  1.9 0.402E+00-0.373E+01 0.164E+00 0.173E+01
130412 1822 40.84 46 50.62  98  1.31   11.8    2.0116  43  6.0 0.94  3.4  4.2  2.9 0.657E+00-0.645E+01-0.423E+00 0.207E+01
130429 0603 23.15 46 51.73  98 45.20   16.3    2.0114  41 35.3 0.73  2.5  5.3  2.0 0.517E+00-0.475E+01 0.823E-01 0.172E+01
130720 2349 11.89 47 27.21 101 28.11    9.2    2.0113  83 12.9 0.86  3.4  4.2  3.0 0.103E+01 0.235E+01-0.136E+01 0.191E+01
130823 0714 35.17 47 14.77 100 50.49    9.3    2.0117  33 14.4 0.88  2.9  5.2  2.5 0.824E+00 0.616E+01-0.404E+00 0.204E+01
131114 1730  8.63 46  0.76 100 40.19    8.2    2.0115  64 18.4 0.90  3.3  2.9  2.7-0.124E+00 0.258E+01-0.210E+01 0.204E+01
140212 0009 53.54 46 23.27  99 23.15    9.6    2.0114  68 26.1 0.95  3.0  5.9  2.2 0.104E+01-0.153E+01-0.346E+01 0.213E+01
120710 1438 34.36 47  1.81  99 44.94   15.1    2.0122  53 26.2 0.55  1.6  3.5  1.2 0.294E+00 0.653E+00 0.169E-02 0.133E+01
120901 1553 40.13 47 30.72 100 46.71   15.0    2.0116  42 18.5 0.54  1.9  3.0  1.5 0.696E+00 0.149E+01 0.182E+00 0.131E+01
121007 0222  7.87 46 50.89  98  0.77   10.3    2.0111  39  6.9 0.89  3.2  4.0  2.7 0.108E+01-0.571E+01-0.108E+01 0.190E+01
121114 0652 49.92 46 50.78  97 59.85    9.7    2.0116  39  7.8 0.90  2.9  2.3  2.3 0.646E+00-0.679E+00-0.113E+01 0.194E+01
121206 1213  2.16 46 50.71  98  0.32   10.6    2.0106  55  7.2 0.78  2.9  3.9  2.4 0.616E+00-0.550E+01-0.830E+00 0.170E+01
130223 2221 47.33 46 16.41  99 57.89   13.2    1.0116  69 19.8 0.74  2.4  4.5  1.8 0.164E+00 0.324E+01-0.248E+01 0.165E+01
130224 1359 13.67 46 52.48  98 26.35   10.5    2.0117  45 27.7 0.84  3.0  5.1  2.6 0.212E+00-0.845E+01 0.446E+00 0.192E+01
130505 2132 59.96 46 23.66  99 22.56   12.8    1.0120  68 25.5 0.83  2.4  4.9  1.8 0.673E+00-0.989E+00-0.237E+01 0.181E+01
130510 2149 25.84 45 47.13 100 11.16    9.6    2.0105  84 40.2 1.01  4.0  5.4  3.2-0.422E-01 0.797E+01-0.351E+01 0.230E+01
130913 0127  4.90 46 50.83  98  1.21   11.1    2.0116  52  6.3 0.89  3.0  3.6  2.6 0.179E+00-0.384E+01 0.656E-01 0.197E+01
130916 0216 34.84 47  7.14  98 33.33    9.3    2.0117  36 15.3 0.90  3.0  6.0  2.5-0.363E+00-0.826E+01 0.327E+01 0.204E+01
140102 0045 57.97 46 10.57  99 52.78    9.3    2.0113  74 20.7 0.83  3.0  5.6  2.2 0.504E+00 0.437E+01-0.494E+01 0.188E+01
140118 1422 32.71 46 39.77  99 24.43    8.8    2.0116  58 37.9 1.07  3.2  4.2  2.5 0.106E+01-0.666E+00-0.150E+01 0.245E+01
140202 0346 49.77 46 22.53  99 22.91   13.2    3.0115  68 25.6 0.98  3.1  6.0  2.3 0.103E+01-0.178E+01-0.493E+01 0.218E+01
140215 1847 30.52 46 23.18  99 23.08    9.1    2.0117  68 26.0 1.05  3.3  6.4  2.4 0.104E+01-0.150E+01-0.435E+01 0.242E+01
140228 2006 12.54 46 19.23 100 37.43   15.0    3.0112  57 13.6 0.62  2.2  3.6  1.8-0.196E+00 0.368E+01-0.116E+01 0.136E+01
121121 0845  1.14 46 50.67  99  9.77   10.7    2.0123  32 25.6 0.94  2.7  5.9  2.1 0.691E+00-0.242E+01 0.733E+00 0.226E+01
121129 1817 12.35 47 10.09 100 28.77    9.0    2.0120  43 34.5 0.66  1.9  2.5  1.4 0.559E+00 0.497E+00 0.434E-01 0.149E+01
121212 2315 56.33 46 51.41  98  1.45    8.9    1.0116  39  6.8 0.86  2.8  2.2  2.2 0.604E+00-0.676E+00-0.103E+01 0.192E+01
121218 0506 14.37 46 50.94  98  1.35    8.7    2.0121  39  6.3 0.97  3.2  4.1  2.7 0.270E+00-0.496E+01 0.946E-01 0.214E+01
121218 1737 46.99 47 30.23  99 50.64   13.2    2.0122  34 27.9 0.59  1.7  3.6  1.3 0.470E+00 0.104E+01 0.107E+01 0.142E+01
121222 1330 30.64 46 50.40  98  1.34   10.3    2.0116  43  5.8 0.82  2.9  3.5  2.4 0.336E+00-0.375E+01-0.488E-01 0.181E+01
130105 2224  5.14 46 51.25  98  1.48    9.7    1.0118  39  6.6 0.83  2.9  3.5  2.4 0.354E+00-0.380E+01 0.646E-01 0.186E+01
130119 2258 39.13 46 18.60  99 49.01   15.0    1.0120  69 31.2 0.85  2.7  5.8  2.0 0.330E+00 0.321E+01-0.352E+01 0.194E+01
130323 0022 17.62 46 50.61  98  2.17    8.9    2.0117  49  5.1 0.87  3.0  3.6  2.5 0.297E+00-0.404E+01-0.301E+00 0.191E+01
130404 1201 59.48 45 45.52  99  2.09    7.9    2.0116 107 65.7 1.48  6.4  6.2  4.4 0.621E+01-0.591E+01-0.140E+02 0.340E+01
130412 2006 53.09 47 12.29 101 16.00    7.6    1.0117  57 12.1 1.04  3.2  2.2  2.7 0.935E+00 0.644E+00 0.835E+00 0.226E+01
130803 0433 18.90 46 51.64  98  2.33    9.0    2.0118  44  6.4 0.91  3.2  2.4  2.6 0.102E+01-0.141E+01-0.141E+01 0.202E+01
130928 1425 31.23 47  6.62  98 33.32    9.9    2.0119  36 15.7 0.78  2.5  4.9  2.1-0.316E+00-0.544E+01 0.263E+01 0.172E+01
121012 1628 52.69 46 50.60  98  0.83    9.9    2.0118  39  6.5 0.84  2.8  3.5  2.3 0.274E+00-0.360E+01-0.166E+00 0.181E+01
121012 1641 28.84 46 52.14 100 22.22   11.5    2.0121  36 24.2 0.65  2.0  3.9  1.6 0.286E+00 0.351E+01-0.211E+00 0.146E+01
121027 1851 35.19 46 50.16  98  0.45   12.2    2.0114  52  6.6 0.79  2.9  3.4  2.4 0.508E+00-0.468E+01-0.471E+00 0.170E+01
121108 2302  0.02 46 50.56  98  0.66   10.6    2.0117  39  6.7 0.82  2.8  3.5  2.3 0.428E+00-0.421E+01-0.435E+00 0.175E+01
121128 0549 49.07 46 50.84  98  1.88    9.0    2.0116  39  5.7 0.76  2.5  2.0  2.0 0.566E+00-0.698E+00-0.107E+01 0.169E+01
130105 1405  4.66 46 17.91  99 49.25   16.0    2.0120  70 30.2 0.86  2.8  5.5  2.1 0.386E+00 0.347E+01-0.324E+01 0.187E+01
130209 0536 53.22 46 51.17  98  1.25    9.3    2.0116  44  6.7 0.87  3.1  3.7  2.6 0.293E+00-0.439E+01 0.263E+00 0.197E+01
130314 1356 40.37 46 45.17 100 38.69    9.2    2.0115  35 18.5 0.58  2.0  3.4  1.7 0.234E+00 0.353E+01 0.121E+00 0.133E+01
130425 1235 33.99 47  2.65  98 20.84   10.3    2.0114  40 33.1 0.73  2.7  5.2  2.3-0.256E+00-0.781E+01 0.197E+01 0.170E+01
130514 1159 13.30 45 42.86  98 48.05    9.5    3.0121 109 73.2 1.34  5.4  7.1  3.7 0.370E+01-0.477E+01-0.115E+02 0.292E+01
130721 1850 52.78 46 51.25  98 58.45    9.2    2.0120  32 36.9 0.82  2.5  5.2  2.0 0.499E+00-0.335E+01 0.911E+00 0.202E+01
130910 1746 23.02 46 50.84  98  0.92    8.9    2.0121  44  6.6 0.97  3.1  2.4  2.6 0.412E+00-0.814E+00-0.968E+00 0.212E+01
131009 2206 21.75 47  8.42  99 22.61   15.6    2.0123  25 15.4 0.63  1.8  3.7  1.4 0.341E+00-0.426E-01 0.274E+00 0.153E+01
120804 0030 37.63 46 18.76  99 41.45    9.0    2.0124  70 39.6 0.80  2.6  4.6  1.9 0.236E+00 0.250E+01-0.268E+01 0.188E+01
121006 1105 51.91 46 50.60  98  0.37    9.4    3.0119  39  7.0 0.81  2.7  3.4  2.3 0.138E+00-0.359E+01 0.321E+00 0.181E+01
121006 1217 31.12 46 50.12  98  1.08   11.6    2.0115  39  5.8 0.81  2.8  3.5  2.4 0.456E+00-0.439E+01-0.504E+00 0.171E+01
121017 0249 19.66 46 51.31  98  1.93    9.3    2.0117  39  6.2 0.74  2.4  1.9  1.9 0.422E+00-0.556E+00-0.859E+00 0.163E+01
121128 2122 52.48 45 48.48  98 47.89    7.9    2.0126 100 63.3 1.40  5.5  5.5  3.8 0.384E+01-0.424E+01-0.103E+02 0.312E+01
121231 0322 58.25 45 45.40  98 48.31    8.7    2.0127 105 68.6 1.58  6.3  6.2  4.3 0.528E+01-0.564E+01-0.131E+02 0.355E+01
130116 0430 32.25 46 17.76  96 39.20    0.0    2.0112 125 55.8 2.09 13.7  9.1 12.4 0.604E+01-0.593E+02-0.106E+02 0.471E+01
130117 0901 55.89 46 19.20  99 50.76    9.2    2.0122  69 30.1 0.93  3.2  5.7  2.3 0.525E+00 0.518E+01-0.365E+01 0.215E+01
130118 1612 16.90 45 55.33  99 26.57    9.3    2.0116  92 56.3 0.88  3.5  5.4  2.3 0.977E+00 0.140E+01-0.655E+01 0.208E+01
130129 1804 28.05 46  7.06  98 59.04    9.0    2.0123  79 26.3 1.17  4.1  4.6  2.9 0.190E+01-0.214E+01-0.475E+01 0.270E+01
130206 0528 25.55 45 44.49  98 46.51    8.9    2.0123 106 70.1 1.62  6.7  6.5  4.6 0.633E+01-0.630E+01-0.147E+02 0.365E+01
130319 1950 37.75 46 51.33  98  1.46    9.5    2.0118  44  6.7 0.85  3.0  3.6  2.5 0.403E+00-0.418E+01 0.113E-01 0.184E+01
130426 2038 20.60 47 28.18  99 56.68   15.0    3.0127  35 20.6 0.57  1.8  3.5  1.4 0.553E+00 0.149E+01 0.109E+01 0.140E+01
130505 2100 26.66 46 50.38  98  2.28    9.3    2.0120  42  4.7 0.90  2.9  2.3  2.4 0.506E+00-0.944E+00-0.959E+00 0.204E+01
130714 1822 10.57 45 46.08  99  2.86    7.0    2.0126 106 64.6 1.56  6.2  6.1  4.2 0.456E+01-0.428E+01-0.130E+02 0.356E+01
130815 2039  6.24 46 38.69  99 10.02    9.2    3.0128  40 34.0 0.81  2.4  5.2  1.9 0.485E+00-0.200E+01-0.999E+00 0.192E+01
130818 1441 13.92 46 49.85 100  4.54    9.7    2.0124  49  1.3 0.85  2.5  4.0  2.0 0.526E+00 0.267E+01-0.198E+00 0.200E+01
131125 1014 44.11 46  6.05 100 11.06    9.2    4.0121  72  5.9 0.67  2.3  3.2  1.7 0.282E+00 0.161E+01-0.141E+01 0.143E+01
140113 1843 30.50 46 18.45  99 49.03   14.4    3.0120  69 31.0 0.73  2.3  4.2  1.8 0.273E+00 0.232E+01-0.200E+01 0.157E+01
121006 1410 21.88 46 49.92  98  1.26   10.9    3.0116  39  5.4 0.66  2.2  2.7  1.8 0.313E+00-0.249E+01-0.166E+00 0.134E+01
121118 2222 23.85 46 50.99  98  1.84   10.7    2.0119  39  5.9 0.83  2.9  3.5  2.4 0.426E+00-0.403E+01-0.737E-01 0.183E+01
121121 0323 40.85 46 45.48  99 12.98   11.9    2.0126  38 30.9 0.88  2.6  5.8  2.0 0.620E+00-0.197E+01-0.277E+00 0.215E+01
121124 1112 47.94 46 51.05  98  1.70   10.4    2.0122  39  6.1 0.93  3.1  3.7  2.6 0.395E+00-0.448E+01 0.613E-02 0.204E+01
130105 1546 15.81 46 18.42  99 48.81    9.2    2.0126  69 31.2 0.86  2.8  5.1  2.0 0.201E+00 0.345E+01-0.352E+01 0.199E+01
130116 1959  4.72 47 14.33 101 26.62    9.3    2.0117  66 19.7 0.95  3.3  4.5  2.8 0.793E+00 0.304E+01-0.200E+01 0.210E+01
130302 2135 49.39 46  5.71  99 11.81   13.8    2.0125  82 30.4 0.98  3.3  6.2  2.4 0.141E+01-0.273E+01-0.480E+01 0.213E+01
130420 1726 12.44 46 56.03  98 28.70   12.9    2.0114  72 32.7 0.63  2.3  4.0  1.9 0.164E+00-0.445E+01 0.751E+00 0.149E+01
121204 1735 57.15 46 51.19  98  1.53    9.3    2.0119  39  6.4 0.88  2.9  3.7  2.5 0.202E+00-0.416E+01 0.230E+00 0.193E+01
130103 0445  0.15 46 50.24  98  0.75   10.6    3.0118  39  6.3 0.72  2.5  3.1  2.1 0.262E+00-0.318E+01-0.134E+00 0.156E+01
130118 1705 53.98 47  6.00  99 50.74   10.6    2.0127  46 28.4 0.76  2.1  4.3  1.6 0.564E+00 0.214E+01 0.607E+00 0.178E+01
130124 2259 10.63 46 18.31  99 49.37   13.9    2.0122  69 30.5 0.80  2.6  5.3  1.9 0.384E+00 0.216E+01-0.315E+01 0.182E+01
130204 1749 23.00 46  6.24 100 22.51    9.3    2.0121  68 18.4 0.79  2.6  3.2  2.0 0.137E+00 0.627E+00-0.168E+01 0.189E+01
130211 2119 59.90 46 50.28  98  0.62   10.7    3.0120  39  6.5 0.72  2.5  3.1  2.1 0.191E+00-0.300E+01-0.294E-01 0.160E+01
130214 0122 11.66 45 59.55 100 29.90    8.9    2.0121  68 32.3 0.78  2.7  3.0  2.1-0.167E-01 0.946E+00-0.142E+01 0.183E+01
130425 1110 22.42 47  2.25  98 20.72   11.3    3.0119  43 33.6 0.65  2.4  4.5  2.1-0.212E+00-0.618E+01 0.137E+01 0.153E+01
130918 1734 58.54 47  6.90  98 33.13   10.9    2.0121  36 15.7 0.82  2.6  5.0  2.2-0.354E+00-0.561E+01 0.258E+01 0.189E+01
120910 1230 12.04 46 39.83  99 33.14    9.0    3.0132  58 39.4 0.86  2.4  3.3  1.8 0.523E+00-0.131E+00-0.101E+01 0.204E+01
121003 2223 18.52 46 49.43  98  0.29   12.1    5.0120  39  6.4 0.67  2.2  2.8  1.8 0.737E-01-0.227E+01 0.349E-01 0.143E+01
121128 0518 18.30 46 50.87  98  2.05    9.2    3.0120  39  5.6 0.69  2.4  2.9  2.0 0.255E+00-0.257E+01 0.110E+00 0.150E+01
121206 2131 40.42 46 48.67 100  1.73    9.1    2.0126  52  3.0 0.67  2.0  2.9  1.5 0.368E+00 0.180E+01 0.239E+00 0.150E+01
130105 1342 45.66 46 18.37  99 48.82   14.6    4.0125  69 31.1 0.66  2.1  4.3  1.6 0.140E+00 0.188E+01-0.176E+01 0.148E+01
120828 1810  2.62 46 22.15  99 58.38   14.5    3.0125  66 28.1 0.64  2.0  3.8  1.6 0.138E+00 0.236E+01-0.131E+01 0.144E+01
121214 1504  0.73 46 48.88  99  1.86    9.2    3.0131  32 35.5 0.78  2.3  4.6  1.8 0.434E+00-0.229E+01 0.580E+00 0.191E+01
130105 0612 47.76 46 18.20  99 48.44   13.4    4.0128  70 31.3 0.62  2.0  3.6  1.5 0.120E+00 0.183E+01-0.140E+01 0.139E+01
130105 1557  1.90 46 17.98  99 48.41   14.7    3.0129  70 31.1 0.66  2.1  4.5  1.5 0.184E+00 0.178E+01-0.199E+01 0.142E+01
130414 1555 22.30 46 31.08 100 36.50   15.0    3.0124  37 20.2 0.59  2.0  3.2  1.7-0.761E-01 0.326E+01-0.656E+00 0.135E+01
120713 0209 54.31 46  4.84 100  4.59   15.0    3.0127  75  8.9 0.74  2.5  3.6  1.8-0.841E-02 0.267E+01-0.184E+01 0.159E+01
120911 0313 32.02 46 39.13  99  9.64   15.0    3.0130  39 34.7 0.79  2.2  4.7  1.7 0.547E+00-0.152E+01-0.477E+00 0.183E+01
