 Date    Origin    Lat      Long      Depth    Mag No Gap Dmin  Rms  Erh  Erz  Erx      Cvxy      Cvxz      Cvyz     Oterr
160917 1225 30.88 46 16.48 106 10.02    8.5    0.0 15 175  5.1 0.14  1.9  2.4  1.1 0.125E+00-0.133E+01-0.115E+01 0.430E+00
160917 1544 50.59 46 12.55 106 30.67    7.1    0.0 20 127  6.6 0.17  2.0  2.7  0.8 0.147E+00 0.311E+00 0.194E+01 0.483E+00
160918 1250 23.30 46 12.12 106 48.72    8.5    0.0 16 134  5.3 0.13  1.8  2.0  1.1-0.458E+00 0.128E+01-0.137E+01 0.405E+00
160918 2124 15.08 46 12.57 106 49.35    9.1    0.0 11 146  6.3 0.34  4.4  4.8  2.7-0.372E+01 0.716E+01-0.875E+01 0.801E+00
160918 2126 18.56 46 12.13 106 30.14   14.1    0.0 16 159 22.1 0.13  1.5  2.8  0.8 0.820E-01 0.581E+00 0.119E+00 0.394E+00
160919 1523 46.26 46 18.20 106 32.80   21.5    2.0 22 103 25.8 0.24  2.0  3.7  1.4-0.499E+00 0.992E+00-0.344E+01 0.639E+00
160920 1038 50.24 46 11.88 106 35.61    9.0    0.0  8 163 15.8 0.11  3.0  6.3  1.1-0.713E+00 0.323E+01-0.113E+02 0.374E+00
160921 1247  2.27 46 12.25 106 33.98    5.2    0.0 15 160 17.9 0.12  2.3  6.2  0.8-0.178E+00 0.231E+01-0.770E+01 0.382E+00
160922 1006 22.30 46 28.49 106 18.49    8.6    1.0 23  85 29.9 0.27  2.0  4.5  1.7-0.566E+00 0.239E+01-0.214E+01 0.712E+00
160922 1540 11.15 46 11.34 106  3.75    2.0    0.0  6 103  7.5 0.37  4.5 16.3  3.8 0.164E+00 0.290E+02-0.398E+00 0.934E+00
160922 2006 45.47 46 11.79 106 15.28   13.0    1.0 18 150  8.4 0.11  1.2  1.6  0.8 0.312E-01-0.685E+00-0.188E-01 0.343E+00
160923 1954 59.06 46 12.41 106 19.59    8.0    0.0  8 171 11.9 0.21  3.5  6.0  2.1 0.176E+01-0.429E+01-0.630E+01 0.598E+00
160924 0953  6.26 46  8.76 106 15.02    7.6    0.0 14 131  3.0 0.25  1.5  1.7  1.1 0.381E+00-0.589E+00 0.105E-02 0.392E+00
160924 1803  8.02 46  2.26 106  2.31    6.4    0.0 18 182  8.4 0.15  1.8  2.9  1.5 0.278E+00-0.200E+01 0.800E+00 0.430E+00
160925 1157 46.85 46 10.18 106 23.34    9.6    0.0  8 161 13.3 0.52  8.5 12.5  4.2 0.762E+01-0.122E+02-0.309E+02 0.122E+01
160926 1140 19.23 46 14.27 106 17.34    7.5    1.0 18 167 11.9 0.15  1.5  3.1  1.0 0.406E-01-0.164E+01-0.460E+00 0.439E+00
160927 0840  9.55 46 12.29 106 26.80   13.7    0.0 16 160 19.0 0.15  1.6  3.0  0.9 0.401E-01-0.398E+00-0.100E+00 0.441E+00
160927 2059 20.66 46 12.07 106 33.82    1.8    0.0 17  86 17.9 0.19  1.6 13.0  1.0-0.155E+00 0.514E+01-0.568E+01 0.529E+00
160928 0556 50.32 46 11.72 106 36.64   16.7    0.0 12 156 15.5 0.29  3.7  5.3  2.6 0.144E+01 0.863E+01 0.159E+01 0.772E+00
160929 0318 10.53 46 12.14 106 34.07    4.8    0.0 10 159 17.7 0.04  1.2  6.5  0.8 0.119E+00 0.336E+01 0.883E+00 0.260E+00
160929 1643 57.66 46 10.87 106 12.44    6.7    0.0 10 137  6.7 0.06  1.3  1.5  1.0 0.416E+00-0.553E+00-0.169E+00 0.282E+00
161001 2037 22.35 46 11.49 106 34.61    9.4    0.0 11 180 16.5 0.23  3.2  6.8  2.1 0.202E+01 0.916E+01 0.398E+01 0.636E+00
161001 2323 15.81 46 13.87 106  8.18   14.5    0.0 14 128  0.4 0.15  2.1  2.0  1.5 0.459E+00-0.138E+01 0.199E+00 0.452E+00
161002 1056  6.78 46 11.64 106 13.22    5.1    0.0 10 140  7.9 0.12  2.2  3.0  1.5 0.152E+01-0.295E+01-0.282E+01 0.383E+00
161002 1233 10.79 46 11.02 106 12.06    2.0    0.0 10 138  7.1 0.10  1.8  3.6  1.3 0.112E+01-0.285E+01-0.248E+01 0.350E+00
161002 1441 51.71 46 10.62 106 46.00    8.5    0.0  9 156  3.7 0.14  3.3  2.8  2.0-0.356E+01 0.260E+01-0.444E+01 0.435E+00
161005 2045  8.61 46 11.26 106 13.06    5.6    0.0 12 135  7.2 0.18  2.1  3.0  1.6 0.926E+00-0.246E+01-0.103E+01 0.515E+00
161005 2234 52.04 46 11.79 106 33.84    3.2    0.0 15 157 17.6 0.23  2.2 11.7  1.3 0.437E-01 0.772E+01-0.206E+01 0.624E+00
161006 0637  0.57 46 11.62 106 49.86   10.8    0.0  9 130  4.8 0.11  2.4  2.2  1.5-0.131E+01 0.123E+01-0.176E+01 0.378E+00
161006 1655 43.72 46 13.91 106 47.67    4.7    0.0 11 170  8.6 0.16  3.2  6.3  2.6-0.238E+01 0.140E+02-0.781E+01 0.485E+00
161006 2203  3.50 46 14.68 106 52.97    7.7    0.0  8 250  1.9 0.37 10.0  5.7  6.1-0.364E+02-0.433E+01 0.117E+02 0.929E+00
161007 0857 22.94 46  9.71 106  3.98   12.6    0.0 11 164  9.6 0.18  2.4  3.0  1.9 0.862E+00-0.715E+00 0.203E+01 0.515E+00
161007 1433 42.66 46 17.77 106 52.03    7.0    0.0  8 278  7.2 0.12  4.8  3.7  2.9-0.844E+01 0.586E+01-0.807E+01 0.397E+00
161007 1529  3.40 46 17.88 106 51.79    7.1    0.0  8 279  7.5 0.11  4.6  3.7  2.8-0.777E+01 0.570E+01-0.777E+01 0.375E+00
161007 1922 17.70 46 10.76 106 49.89    9.9    0.0  7 184  8.6 0.02  3.1  2.0  2.3-0.416E+01-0.164E+01 0.193E+01 0.276E+00
161009 0028 19.07 46 12.00 106 30.18    8.4    0.0 14 159 21.9 0.18  1.9  5.4  1.0 0.179E-01 0.678E-01-0.457E+00 0.528E+00
161009 0121 13.73 46 13.72 106 14.48    8.2    0.0  7 162  8.3 0.12  2.7  3.6  1.7 0.194E+01-0.349E+01-0.420E+01 0.404E+00
161009 0222 42.37 46 11.88 106 19.60   14.6    0.0 13 155 11.2 0.04  0.9  1.3  0.6 0.414E-01-0.377E+00 0.612E-02 0.229E+00
161009 0343 47.09 46 11.82 106 15.08    9.7    0.0  7 239  8.4 0.04  5.1  1.8  4.6 0.895E+01-0.142E+00 0.769E-02 0.293E+00
161010 1326 26.46 46 10.36 106 50.08    8.2    0.0  8 185  9.0 0.09  2.9  3.1  2.3-0.280E+01 0.569E+01-0.337E+01 0.339E+00
161012 0056 15.05 46 18.10 106  6.95    4.0    0.0  6 247  7.6 0.01  5.8  4.1  4.0 0.160E+02-0.108E+02-0.121E+02 0.290E+00
161012 1048 56.97 45 50.81 106 59.58    9.6    2.0 26 242 33.1 0.28  3.4  7.3  2.6-0.352E+01-0.413E+01 0.671E+01 0.747E+00
161012 1753 11.30 46 12.17 106 33.75    6.0    0.0 11  86  6.4 0.29  3.1  5.9  1.9 0.154E+01 0.360E+01 0.905E+01 0.761E+00
161013 0648 25.86 45 50.38 107  0.58   15.1    1.0 32 228 33.7 0.35  4.0  3.3  3.2-0.465E+01-0.529E+01 0.298E+01 0.909E+00
161014 1601 36.26 46 11.58 106 49.77   11.8    0.0 16 121  7.6 0.13  1.5  1.9  0.9 0.336E-01 0.819E+00 0.438E+00 0.385E+00
161014 1606  8.88 46 12.32 106 24.75   11.1    0.0 17 136 12.6 0.18  1.7  3.0  1.0-0.125E+00-0.501E+00 0.109E+01 0.516E+00
161014 1857 36.99 46 11.43 107  1.83    8.9    0.0  9 117  4.2 0.30  5.5  6.0  4.0 0.555E+01 0.163E+02 0.727E+01 0.796E+00
161014 2218 28.45 46  9.48 106 49.11    9.1    0.0 11 122  6.8 0.09  1.3  1.7  0.9-0.233E+00 0.183E+00 0.382E+00 0.319E+00
161015 2142 28.47 46 12.03 106 50.29    6.5    0.0  6 127  6.5 0.33  4.9  7.9  3.2-0.361E+01 0.112E+02-0.584E+01 0.855E+00
161016 1314 43.20 46 17.25 106  6.97    9.4    1.0 18 181  6.1 0.25  2.9  3.3  2.0 0.413E+00-0.351E+01-0.129E+01 0.683E+00
161016 1639 10.44 46  9.93 106 52.55    8.1    0.0  7 137  8.3 0.44  5.8  7.9  4.3-0.400E+01 0.334E+00 0.477E+01 0.992E+00
161016 1757 26.51 46 12.38 106 19.28    6.1    0.0  9 144 11.6 0.11  1.8  4.0  0.9 0.200E+00-0.876E+00-0.280E+01 0.370E+00
161016 2328 56.32 46 13.31 106 29.20   10.9    0.0  6 153  6.8 0.09  4.3  4.5  2.0 0.597E+01 0.678E+01 0.130E+02 0.373E+00
161017 0638 44.80 46 11.89 106 44.58    9.5    0.0 15 135  9.5 0.16  2.0  2.5  1.0 0.194E+00 0.727E+00-0.992E+00 0.457E+00
161017 1151 59.24 46 17.41 106  7.53   15.0    0.0  8 182  6.3 0.42  5.0  5.7  3.1 0.623E+01-0.773E+01-0.106E+02 0.709E+00
161017 1535 40.12 46 11.81 106 13.62    7.3    0.0  8 134  8.3 0.08  1.8  2.5  1.2 0.631E+00-0.106E+01-0.179E+01 0.332E+00
161017 1607 14.09 46 11.30 106 13.40    8.7    0.0  7 126  7.3 0.13  2.7  3.5  1.8 0.152E+01-0.303E+01-0.386E+01 0.425E+00
161017 2220 42.86 46 17.45 106  7.59   10.0    0.0  9 183  6.3 0.15  3.2  3.2  1.9 0.270E+01-0.353E+01-0.391E+01 0.455E+00
161018 0110 45.98 46 11.58 106 13.30    7.1    0.0 12 129  7.8 0.10  1.3  1.8  1.0 0.237E+00-0.648E+00 0.307E-02 0.347E+00
161018 0432 55.90 46 17.33 106  7.38    8.5    1.0 18 181  6.1 0.28  3.2  3.8  2.2 0.556E+00-0.447E+01-0.201E+01 0.761E+00
161019 0335 15.61 46 15.82 106  9.29   10.1    0.0 17 169  3.6 0.16  1.9  2.1  1.3 0.148E+00-0.143E+01-0.287E+00 0.463E+00
161020 0757 31.26 46 12.12 106 41.49    8.6    0.0 10 135 11.1 0.09  1.5  2.3  0.8 0.263E+00 0.105E+00-0.742E-01 0.329E+00
161020 1636  7.70 46 11.33 106 41.73    9.5    0.0  8 156  9.6 0.17  4.0  4.8  2.7 0.550E+01-0.895E+01-0.809E+01 0.513E+00
161021 0737 20.93 46 12.22 106 31.59   15.8    0.0 21  77  6.6 0.25  1.8  2.7  1.3 0.426E-01 0.246E+00-0.583E+00 0.666E+00
161022 1334 10.96 46 13.18 106 24.90   11.4    0.0  8 145 11.8 0.05  1.6  2.3  0.8 0.147E+00 0.204E+00 0.352E+00 0.282E+00
161024 0758 44.04 46  4.85 106  4.65    6.6    0.0 11 178 12.7 0.13  1.8  3.6  1.5 0.474E+00 0.901E+00 0.150E+01 0.401E+00
161024 0916 54.50 46 11.97 106 33.64    4.2    0.0 16  84  6.7 0.15  1.4  3.2  0.8 0.887E-01 0.418E+00 0.195E+01 0.431E+00
161024 1307 47.11 46 14.17 106 23.80    3.5    0.0  8 157 12.6 0.15  2.3  8.3  1.2-0.105E+00 0.356E+01 0.142E+01 0.469E+00
161024 1450 52.64 46 12.38 106 34.09    6.7    0.0  4 152  6.0 0.00  3.4  6.4  2.4 0.276E+01 0.711E+01 0.146E+02 0.335E+00
161024 1453 35.46 46 11.01 106 28.55    2.7    0.0 12 110 10.5 0.24  2.4 10.9  1.5 0.210E+00 0.401E+01 0.132E+02 0.664E+00
161024 1725  9.47 46 11.77 106 44.28    8.5    0.0  8 134  9.3 0.08  1.7  2.8  1.0 0.399E-01 0.124E+01-0.142E+01 0.330E+00
161024 2043 32.72 46 11.07 106 29.20   15.0    0.0  5 171  9.9 0.56 13.3 12.9 10.2 0.450E+02-0.334E+02 0.221E+02 0.102E+01
161025 0526 35.50 46 10.83 106 51.94    4.6    0.0  8 123  7.0 0.19  2.7  4.3  1.9-0.957E+00 0.269E+00 0.171E+01 0.542E+00
161025 1700 48.18 46 15.18 106 16.88    7.2    0.0 11 168 11.5 0.16  1.8  3.5  1.3 0.390E-02-0.144E+01 0.196E+00 0.472E+00
161027 0325 55.60 46 10.24 106 19.25   20.7    0.0 12 140  8.7 0.20  3.8  3.1  1.6 0.114E+01-0.206E+01-0.990E+00 0.563E+00
161028 0626 27.90 46 11.91 106 19.27   10.9    0.0  7 151 10.9 0.04  1.8  3.0  1.0-0.166E+00-0.171E+00-0.227E+01 0.291E+00
161028 0627 21.59 46 11.99 106 19.07   11.2    0.0 11 141 10.9 0.07  1.2  1.8  0.8 0.745E-01-0.207E+00 0.247E+00 0.297E+00
161029 0108 45.93 46 10.02 106 43.51   13.1    0.0 12 131  6.5 0.13  1.5  2.1  1.0-0.141E-01 0.275E+00 0.450E+00 0.396E+00
161029 0927 38.44 46  9.27 106  4.68   14.5    0.0 11 163  9.9 0.08  1.6  1.7  1.3 0.474E+00-0.338E+00 0.423E+00 0.312E+00
161030 0518 55.08 46  9.35 106  4.96   14.9    0.0  9 162  9.6 0.10  2.0  2.1  1.6 0.718E+00 0.176E-01 0.649E+00 0.349E+00
161030 0524 39.73 46 14.33 106 52.62    6.0    0.0 15 180  2.2 0.13  1.6  1.9  1.0 0.303E+00 0.958E+00 0.670E+00 0.400E+00
161030 0527 50.59 46 10.00 106  4.03   13.6    2.0 22 163  9.1 0.21  2.2  2.1  1.9 0.626E+00-0.126E+01-0.343E+00 0.586E+00
161030 0759 39.28 46 13.08 106 27.37   11.3    0.0  6 145  9.0 0.05  2.2  2.7  1.0 0.295E+00 0.541E+00 0.222E+01 0.316E+00
161030 0939  5.56 45 51.47 106 58.49   18.7    2.0 26 224 32.3 0.32  4.1  2.9  3.2-0.495E+01-0.428E+01 0.246E+01 0.856E+00
161030 1630 49.52 46 12.62 106 55.83   11.2    0.0  8 168 11.2 0.13  2.9  4.0  1.5-0.121E+00 0.325E+01-0.313E+01 0.422E+00
161031 1211  0.08 46 11.88 106 54.63   11.2    0.0  9 116  4.3 0.15  2.6  3.2  1.5 0.268E+00 0.851E+00 0.191E+01 0.461E+00
161031 1428 36.53 46 13.52 106 38.42    6.2    0.0  8 165  7.6 0.14  2.9  3.0  1.6 0.282E+01 0.256E+00 0.145E+01 0.435E+00
161031 1738 17.55 46  9.68 106  4.26   15.7    0.0  8 163  9.5 0.04  1.7  2.0  1.4 0.623E+00 0.413E+00 0.820E+00 0.282E+00
161101 0124 32.46 46  9.48 106 49.77   15.0    0.0  8 132  7.4 0.40  6.2  5.9  3.0 0.887E+01-0.808E+01-0.201E+02 0.656E+00
161101 0145 42.52 46 12.46 106 43.21    6.2    0.0  8 163 10.8 0.11  2.2  4.3  1.2-0.470E+00 0.143E+01-0.412E+01 0.388E+00
161101 0148  7.75 46 12.04 106 29.87   12.8    0.0 16 111  8.0 0.18  1.8  2.7  1.0-0.687E-01 0.344E-01 0.141E+01 0.513E+00
161101 0204 39.07 46 12.13 106 42.89    8.9    0.0 12 137 10.4 0.18  2.1  3.6  1.1 0.310E+00 0.763E+00-0.154E+01 0.512E+00
161101 0711  8.05 46  9.94 106 29.92    0.0    0.0  9 151 11.4 0.28  3.6 39.4  1.8-0.107E+01-0.103E+02 0.786E+02 0.737E+00
161101 1142  6.94 46 13.26 106 30.69    7.7    0.0 10 121  5.5 0.22  3.3  3.8  1.5 0.146E+01 0.146E+01 0.588E+01 0.603E+00
161102 2017 53.66 46 13.21 106  3.39   20.3    0.0 18 149  6.2 0.20  2.7  2.3  2.0 0.198E+00-0.217E+01 0.712E+00 0.560E+00
161102 2018 24.40 46 13.03 106  3.52   20.6    0.0 17 149  6.2 0.19  2.6  2.3  1.9 0.146E+00-0.207E+01 0.831E+00 0.540E+00
161102 2020 51.91 46 13.21 106  3.80   20.0    0.0 18 147  5.7 0.17  2.4  2.0  1.8 0.142E+00-0.168E+01 0.559E+00 0.498E+00
161102 2231 16.52 46 11.32 106 15.39    4.6    0.0  9 133  7.5 0.10  1.8  3.4  1.1 0.706E+00-0.193E+01-0.298E+01 0.351E+00
161103 0740 32.69 46 13.35 106 27.67   12.9    0.0 12 139  8.4 0.06  1.4  1.6  0.6 0.663E-01 0.157E+00 0.155E+00 0.270E+00
161103 0853  6.99 46 12.17 106 28.57    5.6    0.0 14 131  8.8 0.24  2.9  4.9  1.3 0.727E-01 0.631E+00 0.481E+01 0.660E+00
161103 1108 57.07 46  6.18 106  5.23   14.0    0.0  9 172 11.3 0.07  1.7  2.0  1.4 0.532E+00 0.373E+00 0.532E+00 0.298E+00
161103 1310  0.04 46 15.46 106 52.38    6.8    0.0  8 197  3.4 0.14  5.6  2.5  2.3 0.930E+01 0.665E+00-0.876E-01 0.441E+00
161103 1745 27.67 46 12.87 106 25.79   12.2    0.0 13 139 11.0 0.09  1.6  1.9  0.7 0.120E+00-0.540E-01 0.271E+00 0.320E+00
161104 2152 29.25 46 10.82 106 45.22    0.0    0.0 10 123  7.4 0.36  4.2 33.0  2.8 0.190E+01-0.314E+02-0.659E+02 0.937E+00
161104 2323 36.19 46 12.46 106 30.43    6.8    0.0 12 110  6.9 0.17  2.2  3.9  1.5 0.995E+00 0.328E+01 0.392E+01 0.489E+00
161105 1008  8.89 46 14.38 106 44.86    4.6    0.0  9 173 12.1 0.14  1.9  5.4  1.0 0.162E+00 0.814E+00 0.685E-01 0.430E+00
161105 1115 45.15 46 11.72 106 35.56    4.6    0.0  7 152  7.7 0.14  3.1  5.0  1.8 0.355E+01 0.509E+01 0.898E+01 0.437E+00
161105 1125  9.56 46 13.12 106 36.24    9.6    0.0  5 173  5.9 0.00  3.0  4.0  2.0 0.327E+01 0.615E+01 0.660E+01 0.310E+00
161105 2016  2.70 46 12.63 106 26.35   11.6    0.0 11 135 10.6 0.12  1.4  2.4  0.9 0.267E-01 0.188E+00 0.110E+01 0.383E+00
161105 2046 28.08 46 12.09 106 33.49    1.2    0.0 15  83  6.5 0.24  2.3  8.8  1.3 0.433E+00 0.204E+01 0.104E+02 0.658E+00
161106 0026  2.00 46 11.82 106 49.73   12.2    0.0  8 156 10.8 0.11  2.6  3.4  1.2 0.629E+00 0.475E+00-0.397E+01 0.388E+00
161106 0635 14.51 46 13.63 106 19.59    3.4    0.0  8 154 13.7 0.05  1.5  5.0  0.8-0.181E+00 0.398E+00-0.330E+01 0.282E+00
161108 0443 32.24 46 13.53 106 18.03    6.2    0.0  8 154 12.6 0.09  1.8  3.9  1.0 0.256E-02-0.389E+00-0.312E+01 0.339E+00
161108 1827 46.69 46 11.31 106 20.99    0.0    0.0 18 133 11.7 0.22  1.9 19.6  1.2-0.151E+00-0.115E+02 0.787E+00 0.617E+00
161108 2146  6.21 46 12.33 106 29.39    9.6    0.0 18 117  7.9 0.10  1.1  1.8  0.6-0.207E-01 0.872E-02 0.582E+00 0.327E+00
161109 0949 54.40 46 12.44 106 35.79   13.0    0.0 10 122  6.6 0.15  2.5  2.9  1.3 0.654E+00 0.118E+01 0.154E+01 0.460E+00
161110 0213 20.90 46 11.88 106 15.61    3.9    0.0  8 140  8.6 0.12  2.0  4.6  1.3 0.578E+00-0.211E+01-0.452E+01 0.394E+00
161110 2217 29.02 46 10.42 106 43.50   14.7    0.0  4 147  7.1 0.00  3.2  4.6  2.2 0.261E+01-0.570E+01-0.579E+01 0.335E+00
161111 0145 29.80 46  9.97 106 15.52    4.6    0.0  9 117  5.3 0.14  2.4  3.9  1.4 0.135E+01-0.284E+01-0.536E+01 0.437E+00
161111 0155 50.73 46  9.74 106 15.30    5.5    0.0 10 114  4.8 0.14  1.7  2.5  1.3 0.398E+00-0.106E+01-0.701E+00 0.429E+00
161111 0731  1.92 46  6.05 106  5.00   14.4    0.0  8 173 11.6 0.05  1.7  2.3  1.5 0.625E+00 0.973E+00 0.809E+00 0.284E+00
161111 0843 11.24 46 12.63 107  4.76   15.0    0.0  9 234  0.4 0.23  3.6  3.1  2.6 0.214E+01 0.445E+01 0.374E+00 0.440E+00
161111 0943 25.11 46 12.75 107  3.80   11.9    0.0 13 170  0.9 0.25  4.8  3.6  3.4 0.393E+01 0.852E+01 0.705E+00 0.666E+00
161111 1632 20.90 46 11.23 106 52.56    9.6    0.0  9 120  6.0 0.15  2.3  3.2  1.4-0.160E+00-0.828E-03 0.137E+01 0.455E+00
161111 2210  6.88 46 11.51 106 26.80    4.2    0.0 18 122 11.3 0.19  1.6  5.0  0.9-0.152E+00-0.417E+00 0.263E+01 0.529E+00
161111 2235 32.43 46 15.96 106 12.65   11.2    0.0 13 172  6.9 0.38  4.2  5.3  3.0 0.140E+01-0.911E+01-0.318E+01 0.940E+00
161112 0537 37.09 46  5.80 106  4.03   11.5    0.0 13 178 13.0 0.20  2.6  3.4  2.1 0.764E+00-0.892E+00 0.189E+01 0.571E+00
161112 1103 48.18 46 11.41 106 33.00    0.0    0.0 10 161  7.8 0.24  3.8 23.1  1.8 0.329E+01 0.152E+02 0.584E+02 0.661E+00
161112 2042 39.98 46 11.85 106 46.43    4.4    0.0  5 134  9.4 0.01  2.0  5.6  1.6-0.500E+00 0.556E+01-0.325E+01 0.310E+00
161112 2148 12.58 46 12.17 106 44.19    8.7    0.0 16 139 10.1 0.19  2.2  3.0  1.1 0.259E+00 0.104E+01-0.119E+01 0.537E+00
161113 0035 46.47 46 11.88 106 31.94    7.2    0.0 18  92  7.1 0.28  2.2  4.0  1.2 0.687E-01 0.359E+00 0.332E+01 0.678E+00
161113 1505 11.54 46  9.80 106 41.62    6.1    0.0 18 108  7.4 0.31  2.4  4.6  1.5 0.606E-01 0.232E+01 0.606E-01 0.805E+00
161113 1625 45.49 46 12.23 106 33.93    3.1    0.0 10 127  6.3 0.20  2.7  5.4  1.2 0.796E+00 0.645E+00 0.822E+01 0.569E+00
161113 1713 47.61 46 11.43 106 33.62    0.0    0.0 17  81  7.7 0.24  2.1 17.8  1.2 0.167E-01-0.139E+00 0.200E+02 0.656E+00
161114 0523 24.08 46 11.28 106 22.69    5.9    1.0 18 131 15.9 0.27  2.2  5.4  1.3-0.261E+00-0.249E+01 0.160E+01 0.693E+00
161114 0805 57.01 46 12.07 106 33.36    4.1    0.0  8 155  6.5 0.18  3.2  4.9  1.7 0.146E+01-0.610E-01 0.800E+01 0.533E+00
161114 1447 29.05 46 12.49 106 27.37   11.7    0.0 17 130  9.6 0.12  1.3  2.0  0.7-0.337E-01-0.671E-01 0.655E+00 0.370E+00
161114 1739 44.18 46  8.88 106  7.09   13.6    0.0 15 155  9.7 0.18  2.2  2.3  1.7 0.463E+00-0.117E+01 0.854E+00 0.518E+00
161114 1754 59.82 46 12.37 105 58.58   14.7    0.0 11 180 11.5 0.09  1.9  2.0  1.5 0.365E+00-0.501E+00 0.119E+01 0.325E+00
161114 2202 26.80 46 11.78 106 33.58    3.2    0.0 18  83  7.1 0.17  1.5  4.1  0.8 0.851E-01 0.316E+00 0.295E+01 0.484E+00
161115 1256 25.68 46  5.85 106  4.06   10.9    0.0 16 177 12.9 0.18  2.1  2.8  1.7 0.543E+00-0.752E+00 0.133E+01 0.499E+00
161115 1519 12.59 46 11.66 107  3.73   10.4    0.0 12 135  2.2 0.15  2.8  2.3  2.3 0.109E+01 0.348E+01 0.142E+01 0.439E+00
161115 1852 33.83 46 16.87 106  5.26    6.0    0.0  7 176  6.3 0.02  1.9  2.2  1.2 0.114E+01-0.908E+00-0.123E+01 0.278E+00
161116 0129 57.69 46 12.00 106 20.08    7.5    0.0  7 155 11.7 0.06  1.9  3.9  1.0-0.341E+00 0.159E+00-0.331E+01 0.310E+00
161116 0538 54.78 46 10.25 106 16.65   10.2    0.0 10 123  6.4 0.12  1.6  2.2  1.2 0.248E+00-0.692E+00-0.172E+00 0.391E+00
161116 1551 18.83 46 11.68 106 19.60    6.3    0.0 18 138 10.9 0.18  1.6  3.6  1.1-0.551E-01-0.184E+01 0.865E-01 0.519E+00
161117 0224  9.97 46 12.70 106 59.29   11.2    0.0 10 156  6.7 0.09  2.1  2.0  1.3 0.735E+00 0.137E+01 0.569E+00 0.333E+00
161117 1021  0.38 46 12.32 106 34.17    7.3    0.0 16  98  6.1 0.30  2.1  4.1  1.2 0.302E+00 0.493E+00 0.404E+01 0.597E+00
161117 1552 44.63 46 12.53 106 34.13    3.9    0.0 10 124  5.8 0.28  3.6  6.0  1.7 0.152E+01 0.951E+00 0.117E+02 0.741E+00
161118 1801  5.36 46  8.09 106 13.30    3.7    2.0 22 138  1.5 0.28  2.2  2.8  1.8 0.665E+00-0.153E+01-0.110E+01 0.730E+00
161118 2207 15.69 46 11.73 106 19.59    0.1    0.0 14 138 10.9 0.21  2.4 20.5  1.3 0.568E+00-0.148E+02-0.188E+02 0.584E+00
161120 0956 48.68 46  8.49 106 14.10    4.3    0.0 10 115  2.1 0.15  1.8  2.2  1.4 0.571E+00-0.794E+00-0.667E+00 0.462E+00
161120 1245 27.79 46  9.11 106 14.14    1.6    0.0 10 116  3.2 0.20  3.4  6.1  1.9 0.352E+01-0.758E+01-0.141E+02 0.575E+00
161121 1059 14.63 46  7.81 106 13.87    6.2    0.0  5 144  0.8 0.01  2.9  2.9  1.8 0.166E+01-0.230E+01-0.498E+01 0.310E+00
161121 1241 57.92 46 12.06 106 21.86    9.9    0.0  9 139 13.5 0.10  1.5  2.9  1.0-0.571E-01-0.360E+00 0.130E+01 0.362E+00
161121 2040 38.85 46 12.59 106 19.10    7.3    0.0  7 146 14.4 0.14  2.6  5.8  1.4-0.290E+00-0.756E+00-0.680E+01 0.454E+00
161121 2339 13.33 46 11.27 106 38.98    6.3    0.0 16 117 10.8 0.15  1.4  2.7  0.9 0.129E+00 0.758E+00 0.680E+00 0.431E+00
161122 0931  8.38 45 49.68 106 60.00    7.6    1.0 22 246 35.1 0.33  4.5 12.7  3.4-0.552E+01-0.869E+01 0.184E+02 0.872E+00
161122 1108 42.29 46 12.99 106 15.58    3.7    0.0 10 149  9.9 0.13  1.7  3.9  1.3 0.283E+00-0.222E+01-0.797E+00 0.420E+00
161122 1711 43.92 46 12.50 106 34.13    6.2    0.0 11 151  5.8 0.16  2.5  3.5  1.8-0.572E+00-0.256E+01 0.347E+01 0.470E+00
161122 2014 49.14 46 11.52 106 41.22   10.2    0.0 13 139  9.9 0.19  2.1  2.8  1.3 0.537E+00 0.654E+00 0.395E-01 0.549E+00
161122 2057 25.55 46 13.59 106 21.93    0.0    0.0 11 153 15.1 0.15  1.6 18.8  0.9-0.113E+00-0.423E+01 0.447E+01 0.442E+00
161123 0043 20.96 46 11.81 106 21.39    6.5    0.0 15 177 16.9 0.17  3.6  5.4  1.1 0.194E+01 0.255E+00 0.900E+01 0.500E+00
161123 0443 18.61 46 10.49 106 50.79    6.8    0.0  8 157  4.0 0.24  4.6  5.1  3.6-0.591E+01-0.106E+02 0.527E+01 0.669E+00
161123 1224  4.96 46  5.97 106  4.30   11.4    0.0 16 176 12.6 0.14  1.8  2.4  1.5 0.422E+00-0.472E+00 0.102E+01 0.428E+00
161123 1402 37.71 46 12.32 106 21.74    2.6    0.0  8 160 13.7 0.39  5.4 28.2  3.0-0.619E+01 0.295E+02-0.661E+02 0.936E+00
161124 1356 53.86 46 11.00 106 51.86    9.3    0.0 13 113  5.7 0.14  1.9  2.0  1.2-0.615E+00-0.103E+00 0.100E+01 0.427E+00
161124 2342 52.80 46 11.62 106 50.74   12.8    0.0  5 174  5.4 0.13  4.3  5.2  3.6-0.220E+01 0.119E+02-0.378E+01 0.440E+00
161125 0205 38.15 46 11.98 106 49.93   11.0    0.0 10 126  5.5 0.10  1.9  2.0  1.2 0.143E+00 0.656E-01-0.510E+00 0.358E+00
161125 0611 38.63 46  8.56 106 13.52    3.3    0.0 20  97  2.2 0.23  2.3  2.9  1.3 0.802E+00-0.151E+01-0.228E+01 0.633E+00
161125 1012  3.91 46 16.96 106 14.63    8.3    0.0 14 182 10.0 0.08  1.3  2.1  0.7 0.724E-01-0.646E+00-0.755E+00 0.288E+00
161125 1247 20.40 46 13.06 107  2.37   15.9    0.0  6 181  2.8 0.04  3.1  2.3  1.9 0.893E+00 0.181E+01 0.613E+00 0.303E+00
161125 1304 36.12 46 15.56 106 45.76    9.5    0.0  9 188 11.3 0.29  4.2  6.9  2.4 0.131E+01 0.545E+01-0.105E+02 0.762E+00
161125 1317 35.01 46 12.72 106 30.13    9.1    0.0  7 126  6.8 0.10  2.3  3.8  1.2 0.111E+01 0.264E+01 0.428E+01 0.380E+00
161125 2040  7.80 46 11.41 106 49.48    9.6    0.0  5 119  4.3 0.12  3.0  3.5  1.8 0.109E+01 0.368E+00-0.739E+00 0.432E+00
161126 0107 31.85 46 10.78 106 53.26   12.6    0.0 11 114  6.5 0.15  2.2  2.2  1.5 0.122E+00 0.121E+01 0.446E+00 0.460E+00
161126 0833 32.48 46 16.51 106  8.39    7.5    0.0  9 175  4.6 0.15  2.2  2.6  1.5 0.402E+00-0.123E+01-0.150E+01 0.446E+00
161126 1358 43.58 46  8.33 106  8.06   23.4    0.0  6 112  7.6 0.08  2.3  3.2  1.9 0.149E+00-0.225E+01 0.941E+00 0.356E+00
161126 1404 31.71 46  7.68 106  6.86   22.8    0.0 10  95 10.6 0.24  3.6  4.0  2.9-0.326E-01-0.615E+01 0.168E+01 0.657E+00
161126 1847 14.40 46 12.41 106 44.76   11.3    1.0 28  58  7.3 0.17  1.2  1.7  0.9-0.180E+00 0.619E+00-0.686E+00 0.474E+00
161126 1858 33.83 46 13.19 106 52.99    9.8    0.0 11 122  2.5 0.15  2.3  2.5  1.3-0.291E+00-0.445E-01 0.570E+00 0.450E+00
161126 2220  1.48 46 15.30 106 21.51   24.6    0.0 12 170 15.2 0.15  2.2  2.9  1.3 0.192E+00 0.236E+00 0.136E+01 0.443E+00
161126 2317 38.75 46  9.80 106 50.04    8.1    0.0  9 121  2.6 0.17  2.2  2.5  1.6-0.719E+00-0.412E+00 0.778E+00 0.499E+00
161127 0128  5.54 46  8.42 106 17.38    8.7    0.0 14 153  5.0 0.19  2.4  2.8  1.2 0.419E+00-0.129E+01-0.120E+01 0.533E+00
161127 1229 44.19 46 12.70 106 21.80   11.3    0.0 16 145 14.2 0.14  1.9  2.5  0.8 0.677E-01-0.485E+00-0.151E+00 0.428E+00
161127 1346  0.84 46 11.43 106 41.84   12.0    0.0  7 156  9.1 0.10  3.8  3.2  2.5 0.552E+01-0.309E+01-0.383E+01 0.379E+00
161127 1402 55.70 46 13.46 106 22.44    5.6    0.0  6 151 15.8 0.18  3.1  9.1  1.8-0.203E+01 0.680E+01-0.800E+01 0.522E+00
161127 1441 21.51 46 12.34 106 33.81    8.6    0.0  5 156  6.1 0.05  2.7  4.4  1.8-0.716E+00-0.146E+01 0.769E+01 0.331E+00
161127 1447 16.05 46 11.18 106 33.75    0.0    0.0  8 102  8.2 0.39  6.0 60.6  3.1-0.808E+01-0.101E+03 0.281E+03 0.953E+00
161128 0054 24.11 46 12.30 106 49.63   19.4    0.0 14 133  5.9 0.10  1.7  1.5  1.1 0.269E+00 0.789E+00 0.396E+00 0.342E+00
161128 0600  4.76 46  9.92 106  4.39   15.6    0.0  9  94  9.0 0.16  2.3  2.8  1.9 0.369E+00-0.760E+00 0.580E+00 0.468E+00
161128 0821  9.28 46 11.39 106 43.30    6.4    1.0 28  52  7.4 0.22  1.5  2.7  1.1-0.223E+00 0.117E+01-0.124E+01 0.608E+00
161128 1513  8.32 46 11.85 106 15.68    4.3    0.0 10 140  8.6 0.09  1.4  2.8  0.9-0.258E-01-0.273E+00-0.120E+01 0.326E+00
161128 2145  9.85 46 13.01 106 32.42    9.2    0.0 18 122  4.9 0.35  3.8  4.2  1.6 0.115E+01 0.149E+01 0.482E+01 0.868E+00
161129 1011  2.52 45 48.72 107  1.36    1.2    1.0 27 252 36.5 0.44  5.5 56.5  4.4-0.825E+01-0.924E+02 0.754E+02 0.112E+01
161129 1156 35.49 46 11.05 106 14.26    1.5    0.0  7 126  6.8 0.13  1.9  5.8  1.4-0.257E-01-0.562E+00-0.244E+01 0.423E+00
161129 1313 23.13 46 12.97 107  6.49   15.0    0.0  7 272  2.6 0.28  4.4  3.2  2.9 0.250E+01 0.489E+01-0.157E+01 0.403E+00
161129 1732 41.73 46 11.22 106 44.00    3.9    0.0 17 127  6.5 0.41  2.3  5.2  1.5-0.150E+00 0.388E+01-0.252E+01 0.739E+00
161129 1806 43.01 46 11.88 106 58.77   12.5    0.0 12 131  7.2 0.13  2.4  2.2  1.4 0.318E+00 0.134E+01 0.258E+00 0.408E+00
161129 1849 50.85 46 11.26 106 14.54   13.6    0.0 17 130  7.2 0.15  1.5  2.0  1.0 0.162E-01-0.854E+00 0.267E+00 0.442E+00
161129 2259  1.48 46 11.22 106 43.48    7.0    0.0 13 126  7.0 0.20  2.0  3.1  1.4 0.275E+00 0.157E+01-0.457E+00 0.560E+00
161201 0002 42.96 46 11.05 106 12.20    4.6    0.0 16 116  7.1 0.18  1.5  2.7  1.1 0.160E+00-0.109E+01 0.332E-01 0.505E+00
161201 1313 21.55 46  0.43 105 40.61    4.3    1.0 24 259 25.9 0.20  3.0  9.4  2.6 0.144E+01 0.860E+01 0.489E+01 0.546E+00
161202 1707 38.19 46 12.53 106 35.80    9.2    0.0 17 111  6.5 0.17  1.7  2.5  0.9 0.209E+00 0.455E+00 0.107E+01 0.490E+00
161202 2231  6.91 46 13.01 106 41.90    7.8    0.0 22 148 10.6 0.15  1.4  2.1  0.8 0.131E+00 0.670E+00-0.957E-02 0.443E+00
161203 1100 48.88 46 12.08 106 48.75    4.0    0.0 12 133  5.2 0.14  1.7  2.9  1.1-0.229E+00-0.764E-01-0.133E+01 0.438E+00
161203 1126 54.50 46 10.70 106  3.89    8.9    0.0 13 102  8.2 0.24  2.7  3.4  1.9 0.575E+00-0.303E+01-0.637E+00 0.642E+00
161203 1617 26.32 46 11.63 106 49.79    7.0    0.0  6 155  4.8 0.11  2.9  4.3  2.3-0.228E+01 0.547E+01-0.444E+01 0.401E+00
161203 1633  8.04 46 11.05 106 19.92    8.1    0.0  8 165 10.4 0.10  2.2  3.5  1.4-0.910E+00 0.154E+01-0.292E+01 0.361E+00
161203 2025 59.65 46 14.57 106 53.43    9.7    0.0 10 189 11.9 0.16  2.6  2.6  1.4 0.256E+00 0.395E+00-0.837E+00 0.477E+00
161204 0159 36.14 46 12.04 106 41.57    7.7    0.0 14 134  9.9 0.12  1.7  2.2  0.9 0.372E+00 0.799E+00-0.684E-01 0.388E+00
161204 1450 44.18 46 11.28 106 42.78    2.2    0.0 22 126  7.9 0.17  1.4  4.2  0.9 0.298E-01 0.164E+01-0.845E+00 0.495E+00
161206 0630 19.21 46 10.70 106 20.46    6.3    0.0 10 173 10.5 0.09  1.8  3.0  1.1-0.633E+00 0.552E+00-0.156E+01 0.330E+00
161206 1223 38.75 46 13.45 106 27.99   13.0    0.0  7 154  8.0 0.09  3.6  3.4  1.5 0.357E+01 0.293E+01 0.678E+01 0.348E+00
161206 1257 45.38 46 12.57 106 44.80   11.3    0.0 10 158  7.5 0.11  2.5  2.8  1.5 0.156E+01-0.209E+01-0.339E+01 0.364E+00
161206 1723  8.96 46 12.83 106 32.39    8.0    0.0  5 151  5.3 0.12  6.0  7.3  3.7 0.154E+02 0.239E+02 0.305E+02 0.426E+00
161207 0236 38.32 46 10.90 106 20.00    3.8    0.0 13 136 10.3 0.13  1.7  4.0  0.9-0.121E+00-0.998E+00-0.153E+01 0.400E+00
161207 0916 10.20 46 11.99 106  4.70   11.4    0.0 12  98  5.8 0.09  1.3  1.6  1.0 0.546E-01-0.577E+00 0.171E+00 0.319E+00
161207 0927 49.56 46 11.30 106 36.17    4.7    0.0  6 211  8.7 0.03  4.6  4.6  3.6 0.938E+01 0.412E+01 0.644E+01 0.301E+00
161207 1026 36.83 46 12.12 106 44.38   10.2    1.0 22 139  7.2 0.14  1.3  1.6  0.8 0.309E-01 0.614E+00-0.908E-01 0.406E+00
161207 1536 47.46 46 11.07 106 51.05    0.1    0.0 11 117  5.0 0.34  3.2 14.6  2.2-0.164E+01-0.465E+01-0.504E+01 0.900E+00
161207 1552 27.13 46 13.08 106 27.63   12.4    0.0 13 136  8.7 0.11  1.8  2.3  0.8 0.267E+00 0.560E+00 0.770E+00 0.366E+00
161207 1756  7.73 46 10.44 106 51.52    1.0    0.0 22 117  4.8 0.28  2.2  5.7  1.4-0.649E+00 0.135E+01-0.498E+00 0.754E+00
161207 1813 25.70 46 10.64 106 51.24    1.8    0.0 13 115  4.7 0.28  2.6  5.4  1.8-0.133E+01-0.177E+01 0.547E+00 0.745E+00
161207 2318 59.07 46 15.23 106 18.03    5.1    0.0  7 168 13.0 0.05  1.6  4.8  0.9-0.609E-02-0.950E+00-0.250E+01 0.298E+00
161208 0327 17.46 45 50.03 106 59.40    5.7    2.0 24 244 34.6 0.33  4.1 15.8  3.0-0.459E+01-0.675E+01 0.215E+02 0.849E+00
161208 0327 16.69 45 48.21 107  1.60    1.1    2.0 28 264 37.4 0.28  3.7 37.2  2.5-0.388E+01-0.393E+02 0.594E+02 0.746E+00
161208 0658 47.36 46 10.22 106 51.50    2.8    1.0 24 118  4.6 0.28  2.1  3.5  1.4-0.742E+00 0.946E+00-0.796E+00 0.750E+00
161208 0712 45.02 46 10.45 106 51.21    1.5    0.0 14 117  4.4 0.31  2.6  5.9  1.8-0.107E+01-0.684E+00-0.702E+00 0.818E+00
161208 0714 22.41 46 11.11 106 51.30    0.6    0.0 11 117  5.2 0.30  2.8 10.0  1.9-0.112E+01-0.402E+01-0.274E+01 0.791E+00
161208 0726 44.95 46 11.38 106 51.98    8.2    0.0 12 116  6.2 0.23  2.8  3.3  1.7-0.491E+00-0.107E+00-0.453E+00 0.631E+00
161208 0728 40.57 46 10.41 106 51.68    1.8    0.0 21 117  5.0 0.26  2.0  4.2  1.3-0.540E+00 0.104E+01-0.118E+00 0.703E+00
161208 0729 21.39 46 10.87 106 51.32    2.2    0.0  7 148  5.0 0.25  4.0  8.4  1.8 0.127E+01-0.546E+01-0.202E+02 0.678E+00
161208 0817 20.52 46 10.68 106 51.57    0.0    0.0 14 124  5.1 0.22  2.0  9.6  1.2-0.472E+00 0.124E+00-0.312E+01 0.618E+00
161208 0829 11.86 46 10.62 106 51.27    2.1    0.0 12 123  4.7 0.19  2.0  4.0  1.3-0.536E+00-0.123E+01-0.744E+00 0.538E+00
161208 0830 19.54 46 10.64 106 51.12    2.3    0.0 12 122  4.5 0.22  2.3  4.4  1.5-0.700E+00-0.149E+01-0.110E+01 0.614E+00
161208 1046 25.24 46 10.87 106 51.30    1.1    0.0 12 120  5.0 0.27  2.6  7.3  1.8-0.101E+01-0.273E+01-0.146E+01 0.721E+00
161208 1106 55.40 46 10.55 106 50.96    2.1    0.0 13 116  4.3 0.24  2.3  4.4  1.6-0.108E+01-0.130E+01 0.109E+00 0.667E+00
161208 1255 40.37 46 11.98 106 26.29    6.6    0.0  8 131 11.3 0.05  1.4  3.2  0.7-0.343E-01 0.427E+00 0.162E+01 0.293E+00
161208 1702 45.96 46 12.49 106 44.31   10.7    0.0 15 144  7.7 0.15  1.9  2.2  0.9 0.645E-01 0.491E+00-0.896E+00 0.434E+00
161208 1818 53.66 46 10.54 106 51.31    2.7    1.0 22 116  4.6 0.26  2.0  3.4  1.3-0.511E+00 0.108E+01-0.292E+00 0.694E+00
161208 2135 31.01 46 10.97 106 51.33    0.0    0.0 12 119  5.1 0.28  2.6 12.7  1.8-0.114E+01-0.512E+01-0.227E+01 0.753E+00
161209 0027  1.82 46 10.93 106 51.21    0.2    0.0 12 119  4.9 0.25  2.4 10.5  1.7-0.957E+00-0.394E+01-0.230E+01 0.686E+00
161209 0144  9.87 46 11.11 106 51.07    2.0    0.0 12 116  5.0 0.24  2.4  5.1  1.6-0.828E+00-0.130E+01-0.111E+01 0.661E+00
161209 0627 43.51 46 10.96 106 40.36   19.2    0.0 18 130 10.5 0.20  3.1  2.3  1.2 0.835E+00 0.974E+00-0.426E+00 0.549E+00
161209 0753 26.86 46 10.80 106 51.02    0.7    0.0 12 120  4.6 0.27  2.6  8.1  1.8-0.998E+00-0.335E+01-0.262E+01 0.714E+00
161211 1512  6.51 46 12.34 106 44.46   10.3    0.0 22 142  7.4 0.14  1.4  1.7  0.8 0.381E-01 0.655E+00-0.101E+00 0.418E+00
161211 1517 38.24 46 12.00 106 55.88    6.9    0.0 12 115  4.6 0.16  2.1  2.7  1.3 0.117E+00 0.711E+00 0.117E+01 0.480E+00
161212 0516 43.47 46 12.76 107  0.88   12.3    0.0 12 163  4.7 0.18  3.3  2.8  2.1 0.117E+01 0.291E+01 0.265E+00 0.527E+00
161212 1211 17.92 46 16.32 106  0.61   11.2    0.0  9 161  8.3 0.11  2.1  2.6  1.6 0.267E+00-0.155E+01 0.689E+00 0.379E+00
161212 2157 59.60 46 11.59 106 45.39    8.9    0.0  8 131  5.6 0.10  2.0  2.6  1.4 0.673E-01-0.615E+00-0.168E+01 0.366E+00
161214 0520 13.26 46 10.37 106 51.52    7.2    0.0 11 127  4.7 0.16  2.1  2.8  1.4-0.473E+00-0.110E+01-0.849E-01 0.478E+00
161214 1200  5.78 46 11.34 106 49.81    6.9    0.0  4 162  4.3 0.01  3.3  4.7  2.6-0.286E+01 0.887E+01-0.610E+01 0.335E+00
161214 1823 21.95 46 12.29 106 48.71    4.7    0.0 12 136  5.6 0.24  2.6  4.1  1.7-0.436E+00-0.113E+00-0.269E+01 0.653E+00
161214 1831 41.68 46 11.04 106 49.90    7.1    0.0  4 170  3.9 0.01  3.4  4.5  2.6-0.305E+01 0.841E+01-0.627E+01 0.335E+00
161214 2209 20.83 46 12.13 106 48.58    4.6    0.0 12 134  5.3 0.17  1.9  3.1  1.3-0.237E+00-0.122E+00-0.164E+01 0.489E+00
161215 1430 43.40 46  9.84 106 15.33    7.1    0.0 12 115  4.9 0.12  1.6  2.1  0.9 0.124E+00-0.566E+00-0.969E+00 0.375E+00
161215 1433 17.74 46 11.04 106 49.75    7.0    0.0  5 167  3.8 0.04  2.8  3.4  1.9-0.180E+01 0.322E+01-0.426E+01 0.328E+00
161215 1436 36.61 46 12.47 106 48.97    4.6    0.0 12 139  6.0 0.21  2.3  3.7  1.5-0.398E+00 0.214E-01-0.195E+01 0.589E+00
161215 1436 36.83 46 12.32 106 48.99    3.3    0.0  9 136  5.7 0.28  3.4  6.4  2.5-0.241E+01 0.189E+01-0.558E+01 0.752E+00
161215 1438  3.47 46 12.36 106 48.52    3.7    0.0 11 138  5.7 0.27  2.9  5.4  1.9-0.591E+00 0.603E+00-0.414E+01 0.740E+00
161215 1438  3.42 46 12.34 106 48.98    3.8    0.0 10 136  5.7 0.32  3.4  6.1  2.4-0.144E+01-0.818E+00-0.297E+01 0.820E+00
161216 0323 24.72 46  4.58 106  4.15    5.6    1.0 22 141  7.4 0.18  1.8  3.1  1.4 0.145E+00-0.237E+01 0.709E+00 0.511E+00
161216 0349 41.40 46 12.07 106 49.64   11.1    0.0 12 129  5.5 0.09  1.6  1.7  1.0-0.219E-01-0.768E-01-0.496E+00 0.324E+00
161217 0918 14.23 46 10.32 105 58.65    4.7    0.0 19 162  7.7 0.20  2.2  3.4  1.9 0.197E+00-0.328E+01-0.293E+00 0.565E+00
161217 1425 36.59 46 12.50 106 30.71    7.3    0.0 17 128  6.7 0.22  2.6  3.5  1.0 0.459E+00 0.533E+00 0.333E+01 0.603E+00
161217 1612 44.75 46 26.50 106 10.59    2.3    1.0 30  92 23.3 0.32  2.2  4.4  1.9-0.342E+00 0.228E+01-0.222E+01 0.844E+00
161217 1621  3.83 46 26.47 106 10.63    0.0    0.0 27  92 23.2 0.27  1.9  4.1  1.6-0.216E+00 0.207E+01-0.187E+01 0.718E+00
161217 1722 33.11 46 26.63 106 11.19    0.0    1.0 31  76 23.6 0.26  1.8  3.5  1.6-0.238E+00 0.221E+01-0.130E+01 0.704E+00
161218 0125 38.73 46 12.00 106 49.34    3.8    0.0 15 129  5.2 0.19  1.8  2.7  1.2-0.489E+00 0.676E+00-0.348E+00 0.523E+00
161218 1729 53.12 46 12.49 106 53.30   12.9    0.0  9 107  3.4 0.08  1.8  2.1  1.1 0.142E-01 0.398E-01 0.126E+00 0.320E+00
161218 1838 24.13 46  8.55 106 44.21    5.3    0.0 22  98  5.3 0.12  1.1  1.4  0.7-0.892E-01 0.429E+00-0.116E+00 0.360E+00
161218 1855  0.71 46  9.51 106 47.69    8.9    0.0 18 103  0.8 0.15  1.5  1.6  0.9-0.164E+00 0.494E+00 0.288E-01 0.444E+00
161219 0314 15.68 46 26.50 106 10.67    0.5    1.0 30  92 23.3 0.25  1.7  3.5  1.5-0.213E+00 0.177E+01-0.127E+01 0.670E+00
161219 0905 23.10 46 12.72 105 59.36    9.4    0.0  9 145 11.5 0.08  1.6  2.5  1.3 0.210E+00-0.124E+01 0.234E-01 0.320E+00
161219 1257 15.19 46 12.48 106 24.77   20.7    0.0 12 160 16.9 0.81  7.9 12.2  5.0-0.219E+01-0.150E+02 0.601E+00 0.172E+01
161219 1556 30.60 46 11.04 106 52.98    5.7    0.0 12 123  6.1 0.13  1.6  2.3  1.0-0.229E+00-0.121E+00 0.236E+00 0.407E+00
161219 1852 32.45 46 11.04 106 51.37    1.9    0.0 11 118  5.2 0.27  2.8  6.6  2.0-0.150E+01-0.413E+01 0.582E+00 0.739E+00
161220 1229 44.73 46 11.82 107  3.14    8.9    0.0 20 115  2.4 0.29  4.0  3.3  3.1 0.204E+01 0.710E+01 0.189E+01 0.768E+00
161220 2158 10.61 46 15.97 106 20.48   20.3    0.0 14 176 16.3 0.11  2.0  2.1  0.8 0.887E-01-0.285E+00-0.816E+00 0.364E+00
161220 2234 32.43 46  4.49 106  4.23    5.5    1.0 26 142  7.5 0.23  2.0  3.2  1.6 0.540E+00-0.242E+01-0.205E+00 0.621E+00
161221 1859  2.73 46 11.52 106 41.43    8.1    0.0 11 127  9.6 0.18  2.5  3.4  1.4 0.126E+01-0.264E+00-0.170E+01 0.529E+00
161222 1005 49.12 46 16.99 106  1.82    6.5    0.0 11 173  9.5 0.21  2.8  4.1  1.9 0.497E+00-0.396E+01-0.149E-01 0.585E+00
161222 1055  0.07 46 26.73 106 11.18    4.7    1.0 29  76 23.8 0.34  2.2  4.2  1.9-0.363E+00 0.177E+01-0.242E+01 0.830E+00
161222 1356 52.59 46  9.68 106 14.45    2.1    0.0 22 111  4.3 0.20  1.5  3.4  1.0 0.160E+00-0.148E+01-0.110E+01 0.550E+00
161222 1642 32.78 46  8.14 106 10.33    0.0    0.0 12  91  4.7 0.48  3.5 14.8  2.8 0.106E+01 0.145E+02-0.191E+01 0.102E+01
161223 0227  8.43 46 12.06 106 30.70    6.5    0.0  8 131  7.4 0.12  2.3  4.7  1.2 0.107E+01 0.362E+01 0.633E+01 0.395E+00
161223 0538 56.71 46 12.32 106 23.17    8.8    0.0 20 139 14.4 0.15  1.4  2.6  0.7-0.887E-01-0.436E+00 0.625E+00 0.433E+00
161223 0653 15.20 46 11.96 106 30.54    7.0    0.0 11 132  7.6 0.18  2.5  4.4  1.0 0.420E+00 0.998E+00 0.555E+01 0.526E+00
161223 1046 28.56 46  8.11 106 33.38   10.9    0.0  9 167 13.8 0.12  2.2  4.6  1.3 0.822E+00 0.422E+01 0.315E+01 0.388E+00
161223 1416 32.76 46 11.28 106 18.74    9.3    0.0  8 154  9.6 0.16  2.7  4.0  1.8-0.954E+00 0.145E+01-0.234E+01 0.486E+00
161223 2020 12.77 46 12.38 106 36.53    7.3    0.0 11 121  7.2 0.19  2.6  3.9  1.3 0.155E+01 0.176E+01 0.368E+01 0.547E+00
161223 2042 10.96 46 10.30 106 49.47    1.6    0.0 10 141  2.5 0.20  2.8  4.1  1.5 0.285E+00-0.212E+01-0.589E+01 0.562E+00
161223 2115  2.48 46 15.04 106 16.42    3.3    0.0  9 166 10.9 0.07  1.4  4.1  0.8-0.104E+00-0.732E+00-0.785E+00 0.300E+00
161224 0717 48.62 46 12.55 105 58.92   14.8    0.0 11 151 11.4 0.04  1.3  1.4  1.1 0.685E-01-0.380E+00 0.367E+00 0.250E+00
161224 1135 31.52 46 11.66 106 40.85    7.2    0.0 20 127 10.4 0.15  1.3  2.2  0.8 0.999E-01 0.611E+00 0.123E+00 0.426E+00
161224 2007 34.07 46 12.46 106 32.71    8.7    0.0  4 143  5.9 0.00  3.7  6.1  1.4 0.194E+00 0.107E+01 0.178E+02 0.335E+00
161224 2327 29.28 46 12.95 106 30.96    9.3    0.0  7 124  5.8 0.09  2.6  4.3  1.1 0.122E+01 0.289E+01 0.768E+01 0.351E+00
161225 0043 56.41 46 14.25 105 59.95   12.6    0.0 10 132  9.7 0.15  2.5  2.7  1.9 0.411E+00-0.222E+01-0.395E-01 0.446E+00
161225 0340  2.63 46 12.29 106 17.87    7.5    0.0 15 144 10.5 0.11  1.2  2.3  0.8-0.882E-02-0.715E+00-0.895E-01 0.357E+00
161225 0430 43.15 46 18.99 106  7.65    8.1    1.0 28 105  9.2 0.24  1.9  3.8  1.6 0.341E+00-0.301E+01-0.208E+01 0.665E+00
161225 0920 45.64 46 12.11 106 52.33   10.5    0.0 12 109  4.6 0.09  1.6  1.7  0.9-0.721E-01 0.837E-01-0.151E+00 0.328E+00
161225 1234 26.50 46 12.24 106 41.48    9.9    0.0 13 137 10.2 0.16  2.2  2.4  1.1 0.384E+00 0.404E+00-0.334E+00 0.472E+00
161226 1356 25.18 46 10.79 106 47.46    5.0    0.0  8 118  2.9 0.19  2.7  3.4  1.9 0.246E+00-0.145E+01-0.308E+01 0.539E+00
161226 1701 18.06 46 10.81 106 33.95    3.9    0.0 14 140  8.9 0.22  2.6  6.4  1.2 0.991E+00 0.265E+01 0.837E+01 0.616E+00
161226 1734  1.05 46 12.00 106 31.77    6.4    0.0 22  94  6.9 0.17  1.5  2.8  0.8 0.465E-01 0.343E+00 0.167E+01 0.485E+00
161226 2103 43.03 46 15.33 106 21.54   24.0    0.0 12 170 15.2 0.07  1.4  1.7  0.9 0.140E+00 0.232E+00 0.240E+00 0.284E+00
161227 0110 52.72 46 13.14 106 27.49   10.9    0.0 13 137  8.8 0.18  2.5  3.3  1.2 0.401E+00 0.156E+01 0.173E+01 0.514E+00
161227 0309 33.89 46 13.49 106 22.23   22.9    0.0 13 152 14.8 0.12  2.2  2.3  0.9 0.167E+00-0.164E+00-0.697E+00 0.384E+00
161227 1156 43.15 46 11.85 106 27.44   14.2    0.0 22 123 10.3 0.15  1.4  2.1  0.7-0.650E-01-0.463E-01 0.624E+00 0.428E+00
161227 2146 11.53 46 12.04 106 50.06    6.0    0.0 13 126  5.6 0.15  1.7  2.2  1.2-0.422E+00 0.178E+00 0.102E-01 0.451E+00
161228 0024 15.09 46 17.15 106  6.78    1.7    0.0 22 179  6.0 0.21  2.0  5.0  1.3-0.484E-01-0.220E+01-0.294E+01 0.588E+00
161228 2306 14.34 46 11.44 106 34.02    8.5    0.0  4 152  7.7 0.00  3.3  6.8  1.5 0.119E+01 0.340E+01 0.173E+02 0.335E+00
161229 0011 16.30 46 16.85 106  5.33    6.3    0.0 16 175  6.3 0.16  1.8  2.4  1.2 0.493E-01-0.114E+01-0.193E+00 0.464E+00
161230 1948 50.38 46  9.64 106 15.60    5.6    0.0  8 114  4.8 0.15  1.9  2.9  1.6 0.247E+00-0.566E+00-0.371E+00 0.467E+00
161230 2356 45.40 46  7.02 105 58.37    8.8    0.0 11 190  1.7 0.15  2.3  2.2  2.0 0.433E+00-0.123E+01 0.102E+00 0.453E+00
