 2017  318 2136 10.9 R  43.659 105.494  0.1  mon  5 0.3                        1
 GAP=161        0.74       2.0     2.1  8.0  0.1984E+01 -0.3367E+01 -0.3664E+01E
 ACTION:REG 18-10-16 09:43 OP:ngse STATUS:               ID:20170318213610     I
 IDC: ellipse    3.1    1.5  19 MB sd+-                  Event ID    70470     3
 * 5 km NE Tavan_Tolgoi coal mine                    ***                       3
 STAT SP IPHASW D HRMM SECON CODA AMPLIT PERI AZIMU VELO AIN AR TRES W  DIS CAZ7
 TT3M     P    a  2136 11.60                             109   -0.1410 4.87 292 
 TT3M     S    a  2136 12.50                             109    0.1210 4.87 292 
 TT1M     P    a  2136 11.40                             107   -0.4010 5.25 165 
 TT1M     S    a  2136 12.20                             107   -0.2910 5.25 165 
 TT2M     P    a  2136 13.10                              97   -0.1710 13.9 183 
 TT2M     S    a  2136 15.70                              97    0.67 9 13.9 183 
 TT4M     P    a  2136 14.40                              95   -0.0010 20.5  93 
 TT4M     S    a  2136 17.20                              95    0.2110 20.5  93 
 DZBM     P    a  2136 25.10                              91    0.1410 81.8 282 
 DZBM     S    a  2136 35.20                              91   -0.0610 81.8 282 
                                                                                
 2017  319 0835 13.2 R  43.670 105.503  0.3  mon  6 0.5                        1
 GAP= 94        1.08       3.1     3.1  9.4  0.4307E+01 -0.1020E+02 -0.1324E+02E
 ACTION:REG 18-10-16 09:43 OP:ngse STATUS:               ID:20170319083513     I
 IDC: ellipse    1.8    1.2   8 MB sd+-                  Event ID    69282     3
 * 5 km NE Tavan_Tolgoi coal mine                    ***                       3
 STAT SP IPHASW D HRMM SECON CODA AMPLIT PERI AZIMU VELO AIN AR TRES W  DIS CAZ7
 TT3M     P    a  0835 13.70                             109   -0.4310 5.31 276 
 TT3M     S    a  0835 14.80                             109   -0.0410 5.31 276 
 TT1M     P    a  0835 13.60                             106   -0.70 9 6.34 174 
 TT1M     S    a  0835 14.80                             106   -0.3310 6.34 174 
 TT2M     P    a  0835 15.80                              97   -0.0110 15.2 186 
 TT2M     S    a  0835 18.00                              97    0.2610 15.2 186 
 TT4M     P    a  0835 16.50                              95   -0.1110 19.9  97 
 TT4M     S    a  0835 19.70                              95    0.58 9 19.9  97 
 DZBM     P    a  0835 27.30                              91   -0.0610 82.3 282 
 DZBM     S    a  0835 38.30                              91    0.58 9 82.3 282 
 MDGM     P    a  0835 49.30                              46   -2.24 0  237  16 
 MDGM     S    a  0836 21.30                              46    1.74 4  237  16 
                                                                                
 2017  320 1642  3.6 R  43.660 105.512  0.0  mon  5 0.3                        1
 GAP=168        0.75       2.1     2.0 10.0  0.1607E+01 -0.4760E+01 -0.8457E+01E
 ACTION:REG 18-10-16 09:43 OP:ngse STATUS:               ID:20170320164203     I
 IDC: ellipse    4.4    2.2  19 MB sd+-                  Event ID    70470     3
 * 6 km NE Tavan_Tolgoi coal mine                    ***                       3
 STAT SP IPHASW D HRMM SECON CODA AMPLIT PERI AZIMU VELO AIN AR TRES W  DIS CAZ7
 TT1M     P    a  1642 04.10                             107   -0.4610 5.12 181 
 TT1M     S    a  1642 05.10                             107   -0.1410 5.12 181 
 TT3M     P    a  1642 04.50                             104   -0.2610 6.30 286 
 TT3M     S    a  1642 05.60                             104    0.0210 6.30 286 
 TT2M     P    a  1642 05.90                              96   -0.1910 14.1 189 
 TT2M     S    a  1642 08.40                              96    0.52 9 14.1 189 
 TT4M     P    a  1642 06.90                              95   -0.0310 19.0  94 
 TT4M     S    a  1642 09.50                              95    0.1710 19.0  94 
 DZBM     P    a  1642 18.40                              91    0.4010 83.3 282 
 DZBM     S    a  1642 28.50                              91    0.0110 83.3 282 
                                                                                
 2017  323 1800 34.6 R  43.657 105.479  3.2  mon  6 0.4                        1
 GAP=105        1.05       2.5     3.0  4.9  0.3608E+01 -0.4267E+01 -0.5958E+01E
 ACTION:REG 18-10-16 09:43 OP:ngse STATUS:               ID:20170323180034     I
 IDC: ellipse    2.8    1.8  12 MB sd+-                  Event ID    70470     3
 * 3 km NE Tavan_Tolgoi coal mine                    ***                       3
 STAT SP IPHASW D HRMM SECON CODA AMPLIT PERI AZIMU VELO AIN AR TRES W  DIS CAZ7
 TT3M     P    a  1800 35.70                             141   -0.0110 3.88 301 
 TT3M     S    a  1800 36.60                             141    0.1210 3.88 301 
 TT1M     P    a  1800 35.30                             131   -0.60 9 5.52 152 
 TT1M     S    a  1800 36.30                             131   -0.52 9 5.52 152 
 TT2M     P    a  1800 37.10                             109   -0.0510 13.7 178 
 TT2M     S    a  1800 39.10                             109    0.1210 13.7 178 
 TT4M     P    a  1800 38.60                             102    0.1210 21.7  93 
 TT4M     S    a  1800 41.80                             102    0.5210 21.7  93 
 DZBM     P    a  1800 48.20                              93   -0.3810 80.7 283 
 DZBM     S    a  1800 59.80                              93    1.05 8 80.7 283 
 MDGM     P    a  1801 12.80                              46   -0.1110  239  16 
 MDGM     S    a  1801 43.10                              46    2.26 0  239  16 
                                                                                
 2017  325 1827  8.0 R  43.672 105.492  2.2  mon  5 0.2                        1
 GAP=176        0.67       2.1     1.9  3.9  0.1715E+01 -0.1637E+01 -0.2180E+01E
 ACTION:REG 18-10-16 09:43 OP:ngse STATUS:               ID:20170325182708     I
 IDC: ellipse    4.4    2.0  23 MB sd+-                  Event ID    69426     3
 * 6 km NE Tavan_Tolgoi coal mine                    ***                       3
 STAT SP IPHASW D HRMM SECON CODA AMPLIT PERI AZIMU VELO AIN AR TRES W  DIS CAZ7
 TT3M     P    a  1827 09.20                             131    0.1610 4.44 275 
 TT3M     S    a  1827 09.90                             131    0.1310 4.44 275 
 TT1M     P    a  1827 08.90                             119   -0.4510 6.68 167 
 TT1M     S    a  1827 10.00                             119   -0.3210 6.68 167 
 TT2M     P    a  1827 10.80                             104    0.0410 15.3 182 
 TT2M     S    a  1827 13.20                             104    0.4510 15.3 182 
 TT4M     P    a  1827 11.80                             100    0.1310 20.7  97 
 TT4M     S    a  1827 14.40                             100    0.0710 20.7  97 
 DZBM     P    a  1827 21.90                              93   -0.1810 81.4 281 
 DZBM     S    a  1827 32.30                              93   -0.0410 81.4 281 
                                                                                
 2017  326 1058 41.4 R  43.672 105.472  1.3  mon  6 0.6                        1
 GAP=102        1.25       3.6     3.7  6.6  0.7234E+01 -0.1091E+02 -0.1110E+02E
 ACTION:REG 18-10-16 09:43 OP:ngse STATUS:               ID:20170326105841     I
 IDC: ellipse    2.8    1.6   8 MB sd+-                  Event ID    69440     3
 * 3 km NE Tavan_Tolgoi coal mine                    ***                       3
 STAT SP IPHASW D HRMM SECON CODA AMPLIT PERI AZIMU VELO AIN AR TRES W  DIS CAZ7
 TT3M     P    a  1058 41.80                             136   -0.2810 2.79 279 
 TT3M     S    a  1058 42.70                             136    0.1210 2.79 279 
 TT1M     P    a  1058 42.00                             112   -0.72 9 7.20 154 
 TT1M     S    a  1058 43.50                             112   -0.1910 7.20 154 
 TT2M     P    a  1058 43.70                             101   -0.3710 15.3 176 
 TT2M     S    a  1058 46.90                             101    0.87 9 15.3 176 
 TT4M     P    a  1058 45.00                              97   -0.2710 22.4  97 
 TT4M     S    a  1058 48.30                              97    0.1810 22.4  97 
 DZBM     P    a  1058 54.70                              92   -0.45 9 79.8 282 
 DZBM     S    a  1059 05.50                              92    0.3010 79.8 282 
 MDGM     P    a  1059 21.00                              46    1.31 7  238  16 
 MDGM     S    a  1059 49.70                              46    2.04 2  238  16 
                                                                                
 2017  327 2009 16.5 R  43.634 105.490  0.0  mon  6 0.6                        1
 GAP=102        1.39       3.5     3.8  6.0  0.5087E+01 -0.4128E+01 -0.1156E+02E
 ACTION:REG 18-10-16 09:43 OP:ngse STATUS:               ID:20170327200916     I
 IDC: ellipse    2.5    1.5  16 MB sd+-                  Event ID    70471     3
 * 4 km NE Tavan_Tolgoi coal mine                    ***                       3
 STAT SP IPHASW D HRMM SECON CODA AMPLIT PERI AZIMU VELO AIN AR TRES W  DIS CAZ7
 TT1M     P    a  2009 16.50                             120   -0.50 9 2.79 143 
 TT1M     S    a  2009 17.10                             120   -0.3110 2.79 143 
 TT3M     P    a  2009 16.90                             104   -0.67 9 6.30 318 
 TT3M     S    a  2009 18.10                             104   -0.2910 6.30 318 
 TT2M     P    a  2009 18.40                              98    0.0210 11.1 182 
 TT2M     S    a  2009 20.70                              98    0.91 9 11.1 182 
 TT4M     P    a  2009 19.50                              95   -0.56 9 20.8  86 
 TT4M     S    a  2009 22.70                              95    0.0110 20.8  86 
 DZBM     P    a  2009 31.10                              91    0.4810 82.2 284 
 DZBM     S    a  2009 40.70                              91   -0.2710 82.2 284 
 MDGM     P    a  2009 56.80                              46    1.42 6  242  16 
 MDGM     S    a  2010 24.50                              46    0.71 9  242  16 
                                                                                
 2017  4 5 1913 34.7 R  43.656 105.485  0.0  mon  6 0.4                        1
 GAP=103        1.10       2.9     3.2  5.2  0.4642E+01 -0.6846E+01 -0.8947E+01E
 ACTION:REG 18-10-16 09:43 OP:ngse STATUS:               ID:20170405191334     I
 IDC: ellipse    2.9    1.9  11 MB sd+-                  Event ID    70475     3
 * 5 km NE Tavan_Tolgoi coal mine                    ***                       3
 STAT SP IPHASW D HRMM SECON CODA AMPLIT PERI AZIMU VELO AIN AR TRES W  DIS CAZ7
 TT3M     P    a  1913 35.20                             110   -0.3210 4.39 300 
 TT3M     S    a  1913 36.20                             110    0.0910 4.39 300 
 TT1M     P    a  1913 35.00                             107   -0.64 9 5.15 156 
 TT1M     S    a  1913 36.50                             107    0.1810 5.15 156 
 TT2M     P    a  1913 37.00                              97   -0.0610 13.5 180 
 TT2M     S    a  1913 39.60                              97    0.82 9 13.5 180 
 TT4M     P    a  1913 38.00                              94   -0.3810 21.2  92 
 TT4M     S    a  1913 40.90                              94   -0.1610 21.2  92 
 DZBM     P    a  1913 48.20                              91   -0.52 9 81.2 283 
 DZBM     S    a  1913 59.00                              91    0.0610 81.2 283 
 MDGM     P    a  1914 13.70                              46    0.3410  239  16 
 MDGM     S    a  1914 42.40                              46    0.82 9  239  16 
                                                                                
 2017  410 1748 36.1 R  43.660 105.495  0.0  mon  6 0.3                        1
 GAP= 99        0.90       2.4     2.5  4.5  0.2878E+01 -0.5056E+01 -0.7388E+01E
 ACTION:REG 18-10-16 09:43 OP:ngse STATUS:               ID:20170410174835     I
 IDC: ellipse    2.8    1.9  13 MB sd+-                  Event ID    70475     3
 * 6 km NE Tavan_Tolgoi coal mine                    ***                       3
 STAT SP IPHASW D HRMM SECON CODA AMPLIT PERI AZIMU VELO AIN AR TRES W  DIS CAZ7
 TT3M     P    a  1748 36.50                             108   -0.5010 4.98 290 
 TT3M     S    a  1748 37.40                             108   -0.2510 4.98 290 
 TT1M     P    a  1748 36.60                             106   -0.4510 5.33 167 
 TT1M     S    a  1748 37.60                             106   -0.1510 5.33 167 
 TT2M     P    a  1748 38.50                              96   -0.0310 14.0 184 
 TT2M     S    a  1748 41.00                              96    0.69 9 14.0 184 
 TT4M     P    a  1748 39.30                              95   -0.3210 20.4  94 
 TT4M     S    a  1748 42.30                              95    0.1110 20.4  94 
 DZBM     P    a  1748 50.60                              91    0.3810 81.9 282 
 DZBM     S    a  1749 00.70                              91    0.1610 81.9 282 
 MDGM     P    a  1749 14.70                              46    0.0410  239  16 
 MDGM     S    a  1749 43.20                              46    0.3910  239  16 
                                                                                
 2017  411 1258 31.7 R  43.707 105.514  0.0  mon  6 0.7                        1
 GAP=191        4.59      17.1    13.9 99.3  0.9202E+02 -0.4800E+03 -0.9168E+03E
 ACTION:REG 18-10-16 09:43 OP:ngse STATUS:               ID:20170411125832     I
 IDC: ellipse    3.4    1.6  20 MB sd+-                  Event ID    69799     3
 * 7 km NE Tavan_Tolgoi coal mine                    ***                       3
 STAT SP IPHASW D HRMM SECON CODA AMPLIT PERI AZIMU VELO AIN AR TRES W  DIS CAZ7
 TT3M     P    a  1258 32.90                             103   -0.0910 7.10 241 
 TT3M     S    a  1258 33.80                             103   -0.1010 7.10 241 
 TT1M     P    a  1258 32.80                              99   -0.74 9 10.4 181 
 TT1M     S    a  1258 33.90                              99   -0.96 8 10.4 181 
 TT2M     P    a  1258 34.70                              95   -0.3810 19.3 187 
 TT2M     S    a  1258 37.30                              95   -0.2310 19.3 187 
 TT4M     P    a  1258 35.50                              95    0.3210 19.9 109 
 TT4M     S    a  1258 38.50                              95    0.80 9 19.9 109 
 DZBM     P    a  1258 46.50                   42.3       91-55 0.5410 82.5 279 
 DZBM     S    a  1258 56.90                              91    0.5610 82.5 279 
 MDGM     S    a  1259 41.20                              46    3.91 0  233  16 
                                                                                
 2017  411 1301 35.0 R  43.664 105.505  0.0  mon  6 0.4                        1
 GAP=172        0.96       2.8     2.6 12.6  0.3167E+01 -0.8639E+01 -0.1128E+02E
 ACTION:REG 18-10-16 09:43 OP:ngse STATUS:               ID:20170411130135     I
 IDC: ellipse    2.8    1.4   9 MB sd+-                  Event ID    69799     3
 * 4 km  E Tavan_Tolgoi coal mine                    ***                       3
 STAT SP IPHASW D HRMM SECON CODA AMPLIT PERI AZIMU VELO AIN AR TRES W  DIS CAZ7
 TT3M     P    a  1301 35.80                             106   -0.1710 5.58 283 
 TT3M     S    a  1301 37.00                             106    0.3010 5.58 283 
 TT1M     P    a  1301 35.60                             105   -0.3810 5.65 175 
 TT1M     S    a  1301 36.00                             105   -0.72 9 5.65 175 
 TT2M     P    a  1301 37.50                              96    0.0110 14.5 187 
 TT2M     S    a  1301 40.20                              96    0.86 9 14.5 187 
 TT4M     P    a  1301 38.50                              95    0.1310 19.6  95 
 TT4M     S    a  1301 41.00                              95    0.1510 19.6  95 
 DZBM     P    a  1301 49.10                              91   -0.1110 82.6 282 
 DZBM     S    a  1301 59.60                              91   -0.0110 82.6 282 
 MDGM     S    a  1302 43.80                              46    2.25 0  238  16 
                                                                                
 2017  411 1432 10.0 R  43.658 105.497  0.1  mon  5 0.3                        1
 GAP=161        0.83       2.2     2.3  9.2  0.2255E+01 -0.4557E+01 -0.4571E+01E
 ACTION:REG 18-10-16 09:43 OP:ngse STATUS:               ID:20170411143209     I
 IDC: ellipse    3.6    1.7  20 MB sd+-                  Event ID    70475     3
 * 6 km NE Tavan_Tolgoi coal mine                    ***                       3
 STAT SP IPHASW D HRMM SECON CODA AMPLIT PERI AZIMU VELO AIN AR TRES W  DIS CAZ7
 TT1M     S    a  1432 11.20                             108   -0.4210 5.11 167 
 TT3M     P    a  1432 10.80                             108   -0.1510 5.13 292 
 TT3M     S    a  1432 11.60                             108   -0.0310 5.13 292 
 TT2M     P    a  1432 12.30                              97   -0.1310 13.8 184 
 TT2M     S    a  1432 14.60                              97    0.4210 13.8 184 
 TT4M     P    a  1432 13.30                              95   -0.2310 20.3  93 
 TT4M     S    a  1432 16.30                              95    0.2110 20.3  93 
 DZBM     P    a  1432 24.80                              91    0.63 9 82.1 282 
 DZBM     S    a  1432 34.30                              91   -0.2110 82.1 282 
                                                                                
 2017  417 1151 14.9 R  43.674 105.492  5.7  mon  4 0.2                        1
 GAP=177        0.67       2.5     2.0  3.3  0.1639E+01 -0.4373E+00 -0.1073E+01E
 ACTION:REG 18-10-16 09:43 OP:ngse STATUS:               ID:20170417115114     I
 IDC: ellipse    4.8    1.8  14 MB sd+-                  Event ID    70475     3
 * 5 km  E Tavan_Tolgoi coal mine                    ***                       3
 STAT SP IPHASW D HRMM SECON CODA AMPLIT PERI AZIMU VELO AIN AR TRES W  DIS CAZ7
 TT3M     P    a  1151 16.20                             149   -0.1410 4.38 272 
 TT3M     S    a  1151 17.40                             149   -0.0110 4.38 272 
 TT2M     P    a  1151 17.70                             115   -0.1410 15.6 182 
 TT2M     S    a  1151 20.10                             115    0.1010 15.6 182 
 TT4M     P    a  1151 18.70                             109    0.0210 20.8  98 
 TT4M     S    a  1151 21.60                             109    0.1410 20.8  98 
 DZBM     P    a  1151 28.50                              95   -0.4510 81.3 281 
 DZBM     S    a  1151 39.70                              95    0.4810 81.3 281 
                                                                                
 2017  422 1911 32.8 R  43.681 105.498  1.1  mon  8 0.4                        1
 GAP= 95        0.84       2.7     2.1  6.7  0.1916E+01 -0.3425E+01 -0.1230E+02E
 ACTION:REG 18-10-16 09:43 OP:ngse STATUS:               ID:20170422191132     I
 IDC: ellipse    2.1    0.8 179 MB sd+-                  Event ID    70110     3
 * 8 km  S Tsogttsetsii Omnogobi                     ***                       3
 STAT SP IPHASW D HRMM SECON CODA AMPLIT PERI AZIMU VELO AIN AR TRES W  DIS CAZ7
 ERM3     P    a  1912 33.80                                                    
 TT3M     P    a  1911 33.50                             118   -0.2510 4.90 263 
 TT1M     P    a  1911 33.60                             109   -0.57 9 7.55 172 
 TT1M     S    a  1911 35.10                             109   -0.0710 7.55 172 
 TT2M     P    a  1911 35.60                              99   -0.0510 16.3 184 
 TT2M     S    a  1911 37.90                              99    0.1710 16.3 184 
 TT4M     P    a  1911 36.50                              97    0.1510 20.5 100 
 TT4M     S    a  1911 38.70                              97   -0.2510 20.5 100 
 DZBM     P    a  1911 46.70                              92   -0.1810 81.7 281 
 DZBM     S    a  1911 57.40                              92    0.2410 81.7 281 
 DZDM     P    a  1911 47.90                              92   -0.1210 88.3 262 
 DZDM     S    a  1911 59.30                              92    0.1510 88.3 262 
 MDGM     P    a  1912 11.70                              46    0.75 9  236  16 
 MDGM     S    a  1912 40.80                              46    2.00 2  236  16 
                                                                                
 2017  423 0020 29.2 R  43.682 105.496  1.3  mon 27 0.5                        1
 GAP= 83        1.14       3.4     2.7  5.0  0.3335E+01 -0.6108E+01 -0.1456E+02E
 ACTION:REG 18-10-16 09:43 OP:ngse STATUS:               ID:20170423002028     I
 IDC: ellipse    1.1    0.7   5 MB sd+-                  Event ID    70114     3
 * 6 km  E Tavan_Tolgoi coal mine                    ***                       3
 STAT SP IPHASW D HRMM SECON CODA AMPLIT PERI AZIMU VELO AIN AR TRES W  DIS CAZ7
 ERM3     P    a  0021 29.10                                                    
 TT3M     P    a  0020 30.00                             121   -0.1110 4.75 261 
 TT3M     S    a  0020 30.90                             121    0.1010 4.75 261 
 TT1M     P    a  0020 30.20                             110   -0.3610 7.69 171 
 TT1M     S    a  0020 31.40                             110   -0.1910 7.69 171 
 TT2M     P    a  0020 32.10                             100    0.0710 16.4 183 
 TT2M     S    a  0020 34.70                             100    0.57 9 16.4 183 
 TT4M     P    a  0020 33.00                              98    0.2510 20.6 101 
 TT4M     S    a  0020 35.20                              98   -0.1710 20.6 101 
 DZBM     P    a  0020 43.00                              92   -0.2110 81.5 281 
 DZBM     S    a  0020 53.90                              92    0.4310 81.5 281 
 DZDM     P    a  0020 44.00                              92   -0.3610 88.2 262 
 DZDM     S    a  0020 55.50                              92    0.0410 88.2 262 
 MDGM     P    a  0021 08.40                              46    1.13 8  236  16 
 MDGM     S    a  0021 38.10                              46    3.00 0  236  16 
 U07M     P    a  0021 26.00                              46   -0.3910  391   9 
 BGDM     P    a  0021 28.10                              46   -0.81 8  412 296 
 U10M     P    a  0021 30.10                              46    0.4910  417   1 
 U08M     P    a  0021 30.40                              46    0.1810  422   6 
 U05M     P    a  0021 31.40                              46    0.3510  429  13 
 U12M     P    a  0021 32.80                              46   -0.1210  444 359 
 U06M     P    a  0021 34.10                              46    0.71 9  448  10 
 U09M     P    a  0021 34.30                              46    0.5410  451   6 
 U11M     P    a  0021 34.60                              46    0.2810  455   2 
 UGDM     P    a  0021 35.10                              46   -0.3610  464  18 
 UB4M     P    a  0021 36.00                              46    0.1910  468  10 
 UB5M     P    a  0021 36.50                              46    0.2910  471  12 
 UB0M     P    a  0021 35.50                              46   -1.46 5  477   4 
 U13M     P    a  0021 36.90                              46   -0.3110  479 359 
 UB2M     P    a  0021 37.90                              46   -0.4210  488   8 
 ARTM     P    a  0021 38.50                              46   -0.3610  492  16 
 CCBM     P    a  0021 56.80                              46   14.79 0  517 325 
 U16M     P    a  0021 42.30                              46   -0.1310  521  11 
 U15M     P    a  0021 44.90                              46   -1.29 6  552   7 
                                                                                
 2017  423 0024 49.2 R  43.675 105.465  4.4  mon 29 0.6                        1
 GAP= 88        1.24       3.4     2.9  3.4  0.2250E+01 -0.2257E+01 -0.8820E+01E
 ACTION:REG 18-10-16 09:43 OP:ngse STATUS:               ID:20170423002449     I
 IDC: ellipse    1.2    1.1 170 MB sd+-                  Event ID    70114     3
 * 6 km NE Tavan_Tolgoi coal mine                    ***                       3
 STAT SP IPHASW D HRMM SECON CODA AMPLIT PERI AZIMU VELO AIN AR TRES W  DIS CAZ7
 ERM3     P    a  0025 50.00                                                    
 TT3M     P    a  0024 50.00                             159   -0.2810 2.24 271 
 TT3M     S    a  0024 51.00                             159   -0.0810 2.24 271 
 TT1M     P    a  0024 50.20                             127   -0.67 9 7.79 152 
 TT1M     S    a  0024 51.70                             127   -0.4010 7.79 152 
 TT2M     P    a  0024 52.10                             111    0.0110 15.8 174 
 TT2M     S    a  0024 54.70                             111    0.4910 15.8 174 
 TT4M     P    a  0024 53.10                             105   -0.1810 23.0  98 
 TT4M     S    a  0024 56.30                             105    0.0310 23.0  98 
 DZBM     P    a  0025 02.90                              94    0.0210 79.2 282 
 DZBM     S    a  0025 13.50                              94    0.62 9 79.2 282 
 DZDM     P    a  0025 03.50                              94   -0.48 9 85.6 263 
 DZDM     S    a  0025 14.80                              94    0.0110 85.6 263 
 MDGM     P    a  0025 27.60                              46    0.4910  238  16 
 MDGM     S    a  0025 56.70                              46    1.91 3  238  16 
 U07M     P    a  0025 46.00                              46   -0.1910  392   9 
 BGDM     P    a  0025 48.10                              46   -0.2410  410 296 
 U10M     P    a  0025 50.20                              46    0.83 9  418   2 
 U08M     P    a  0025 50.20                              46    0.1910  423   7 
 U05M     P    a  0025 50.60                              46   -0.2710  430  14 
 U12M     P    a  0025 52.80                              46    0.1310  445 359 
 U06M     P    a  0025 53.60                              46    0.40 0  449  10 
 U09M     P    a  0025 54.40                              46    0.85 9  452   6 
 U11M     P    a  0025 54.60                              46    0.52 9  456   2 
 UGDM     P    a  0025 55.50                              46    0.2010  466  18 
 SB3M     P    a  0026 07.90                              46   12.32 0  468   9 
 UB5M     P    a  0025 55.20                              46   -0.82 0  472  12 
 UB0M     P    a  0025 55.70                              46   -1.03 8  478   4 
 U13M     P    a  0025 57.20                              46    0.2410  480 359 
 UB2M     P    a  0025 57.80                              46   -0.3110  489   9 
 ALFM     P    a  0026 09.50                              46   11.01 0  492  11 
 ARTM     P    a  0025 58.50                              46   -0.1910  493  16 
 U14M     P    a  0026 01.20                              46    2.00 2  498 357 
 CCBM     P    a  0026 00.00                              46   -1.57 5  516 325 
 U16M     P    a  0026 03.80                              46    1.57 5  522  11 
 U15M     P    a  0026 05.00                              46   -0.97 8  553   7 
                                                                                
 2017  423 0027  8.3 R  43.673 105.483  0.0  mon  5 0.3                        1
 GAP=176        0.88       2.7     2.6  8.7  0.3453E+01 -0.7785E+01 -0.4561E+01E
 ACTION:REG 18-10-16 09:43 OP:ngse STATUS:               ID:20170423002708     I
 IDC: ellipse    3.4    1.5  23 MB sd+-                  Event ID    70114     3
 * 6 km NE Tavan_Tolgoi coal mine                    ***                       3
 STAT SP IPHASW D HRMM SECON CODA AMPLIT PERI AZIMU VELO AIN AR TRES W  DIS CAZ7
 TT3M     P    a  0027 08.80                             113   -0.2010 3.65 274 
 TT3M     S    a  0027 09.60                             113    0.1010 3.65 274 
 TT1M     P    a  0027 09.00                             102   -0.55 9 7.00 161 
 TT1M     S    a  0027 10.10                             102   -0.3510 7.00 161 
 TT2M     P    a  0027 11.00                              96    0.0110 15.4 180 
 TT2M     S    a  0027 13.60                              96    0.65 9 15.4 180 
 TT4M     P    a  0027 11.90                              94   -0.1410 21.5  97 
 TT4M     S    a  0027 15.20                              94    0.4410 21.5  97 
 DZBM     P    a  0027 22.10                              91   -0.1210 80.6 282 
 DZBM     S    a  0027 32.60                              91    0.2310 80.6 282 
                                                                                
 2017  423 0027 24.4 R  43.677 105.480  0.0  mon  4 0.3                        1
 GAP=191        0.84       2.9     4.2 14.7 -0.9711E+00 -0.4938E+02  0.1010E+02E
 ACTION:REG 18-10-16 09:43 OP:ngse STATUS:               ID:20170423002724     I
 IDC: ellipse    4.1    1.6  24 MB sd+-                  Event ID    70115     3
 * 7 km  N Tavan_Tolgoi coal mine                    ***                       3
 STAT SP IPHASW D HRMM SECON CODA AMPLIT PERI AZIMU VELO AIN AR TRES W  DIS CAZ7
 TT3M     P    a  0027 24.90                             115   -0.1410 3.42 268 
 TT3M     S    a  0027 25.70                             115    0.1910 3.42 268 
 TT1M     P    a  0027 25.30                             102   -0.4010 7.46 160 
 TT1M     S    a  0027 26.30                             102   -0.3610 7.46 160 
 TT2M     P    a  0027 27.10                              96   -0.0410 15.9 179 
 TT2M     S    a  0027 29.70                              96    0.56 9 15.9 179 
 TT4M     P    a  0027 28.00                              94   -0.1610 21.8  98 
 TT4M     S    a  0027 31.30                              94    0.3910 21.8  98 
                                                                                
 2017  423 0027 38.4 R  43.679 105.493  1.6  mon 36 0.5                        1
 GAP= 81        1.14       3.2     2.7  4.6  0.3005E+01 -0.5414E+01 -0.1255E+02E
 ACTION:REG 18-10-16 09:43 OP:ngse STATUS:               ID:20170423002737     I
 IDC: ellipse    1.5    0.9   2 MB sd+-                  Event ID    70115     3
 * 8 km  E Tavan_Tolgoi coal mine                    ***                       3
 STAT SP IPHASW D HRMM SECON CODA AMPLIT PERI AZIMU VELO AIN AR TRES W  DIS CAZ7
 ERM3     P    a  0028 39.00                                                    
 TT3M     P    a  0027 39.10                             125   -0.2710 4.51 265 
 TT3M     S    a  0027 39.80                             125   -0.2710 4.51 265 
 TT1M     P    a  0027 39.40                             113   -0.4010 7.38 169 
 TT1M     S    a  0027 40.70                             113   -0.1110 7.38 169 
 TT2M     P    a  0027 41.40                             101    0.1510 16.1 183 
 TT2M     S    a  0027 43.40                             101    0.0910 16.1 183 
 TT4M     P    a  0027 42.30                              99    0.2610 20.8  99 
 TT4M     S    a  0027 44.60                              99   -0.0910 20.8  99 
 DZBM     P    a  0027 52.30                              92   -0.1510 81.3 281 
 DZBM     S    a  0028 03.40                              92    0.70 9 81.3 281 
 DZDM     P    a  0027 53.10                              92   -0.49 9 87.9 263 
 DZDM     S    a  0028 04.90                              92    0.2410 87.9 263 
 MDGM     P    a  0028 18.00                              46    1.45 6  237  16 
 MDGM     S    a  0028 46.60                              46    2.22 0  237  16 
 U07M     P    a  0028 35.30                              46   -0.3610  391   9 
 BGDM     P    a  0028 37.30                              46   -0.84 9  412 296 
 U10M     P    a  0028 39.10                              46    0.2210  418   1 
 U08M     P    a  0028 38.80                              46   -0.69 9  422   6 
 U05M     P    a  0028 39.10                              46   -1.23 7  429  13 
 U12M     P    a  0028 42.10                              46   -0.0910  444 359 
 U06M     P    a  0028 42.90                              46    0.2310  448  10 
 U09M     P    a  0028 43.00                              46   -0.0310  451   6 
 U11M     P    a  0028 43.00                              46   -0.58 9  456   2 
 UGDM     P    a  0028 44.80                              46    0.0710  464  18 
 SB4M     P    a  0028 45.80                              46    0.84 9  467   8 
 SB3M     P    a  0028 45.80                              46    0.74 9  467   8 
 SA4M     P    a  0028 45.70                              46    0.59 9  468   8 
 SB5M     P    a  0028 45.70                              46    0.4610  469   8 
 SB2M     P    a  0028 57.10                              46   11.83 0  469   9 
 SA2M     P    a  0028 45.40                              46    0.1510  469   8 
 SA3M     P    a  0028 45.60                              46    0.3610  469   8 
 SA1M     P    a  0028 57.00                              46   11.79 0  469   8 
 SB1M     P    a  0028 45.70                              46    0.2610  470   8 
 UB5M     P    a  0028 45.60                              46    0.1210  471  12 
 UB0M     P    a  0028 45.40                              46   -0.83 9  477   4 
 U13M     P    a  0028 46.50                              46    0.0210  479 359 
 UB2M     P    a  0028 47.30                              46   -0.2910  488   8 
 ARTM     P    a  0028 47.80                              46   -0.3310  492  16 
 U14M     P    a  0028 50.50                              46    1.76 4  497 357 
 CCBM     P    a  0028 51.20                              46   -0.0510  517 325 
 U16M     P    a  0028 51.60                              46   -0.1010  521  11 
 U15M     P    a  0028 55.60                              46    0.1410  552   7 
                                                                                
 2017  423 0052 44.7 R  43.682 105.470  2.1  mon  6 0.5                        1
 GAP= 95        1.04       3.3     3.1  4.3  0.4807E+01 -0.4905E+01 -0.7274E+01E
 ACTION:REG 18-10-16 09:43 OP:ngse STATUS:               ID:20170423005244     I
 IDC: ellipse    2.2    1.4  19 MB sd+-                  Event ID    70115     3
 * 6 km SW Tsogttsetsii Omnogobi                     ***                       3
 STAT SP IPHASW D HRMM SECON CODA AMPLIT PERI AZIMU VELO AIN AR TRES W  DIS CAZ7
 TT3M     P    a  0052 45.30                             143   -0.2110 2.69 255 
 TT3M     S    a  0052 46.40                             143    0.3210 2.69 255 
 TT1M     P    a  0052 44.70                             114   -1.58 5 8.26 156 
 TT1M     S    a  0052 46.90                             114   -0.51 9 8.26 156 
 TT2M     P    a  0052 47.50                             102   -0.1310 16.4 176 
 TT2M     S    a  0052 50.40                             102    0.65 9 16.4 176 
 TT4M     P    a  0052 48.50                              99   -0.1910 22.7  99 
 TT4M     S    a  0052 52.00                              99    0.4110 22.7  99 
 DZBM     P    a  0052 58.20                              93   -0.2410 79.4 281 
 DZBM     S    a  0053 08.60                              93    0.1610 79.4 281 
 MDGM     P    a  0053 23.00                              46    0.1710  237  16 
 MDGM     S    a  0053 53.40                              46    2.75 0  237  16 
                                                                                
 2017  423 0904 20.3 R  43.653 105.495  0.0  mon  5 0.5                        1
 GAP=153        0.89       2.4     2.6 10.5  0.2788E+01 -0.6019E+01 -0.6420E+01E
 ACTION:REG 18-10-16 09:43 OP:ngse STATUS:               ID:20170423090420     I
 IDC: ellipse    4.1    1.9  21 MB sd+-                  Event ID    70119     3
 * 4 km NE Tavan_Tolgoi coal mine                    ***                       3
 STAT SP IPHASW D HRMM SECON CODA AMPLIT PERI AZIMU VELO AIN AR TRES W  DIS CAZ7
 TT1M     P    a  0904 20.70                             109   -0.4010 4.54 164 
 TT1M     S    a  0904 21.40                             109   -0.3010 4.54 164 
 TT3M     P    a  0904 21.10                             107   -0.1310 5.29 299 
 TT3M     S    a  0904 22.20                             107    0.2810 5.29 299 
 TT2M     P    a  0904 22.40                              97   -0.1710 13.2 184 
 TT2M     S    a  0904 25.10                              97    0.86 8 13.2 184 
 TT4M     P    a  0904 23.80                              95    0.0010 20.4  91 
 TT4M     S    a  0904 26.60                              95    0.2310 20.4  91 
 DZBM     P    a  0904 32.40                              91   -2.03 2 82.1 283 
 DZBM     S    a  0904 44.70                              91   -0.0610 82.1 283 
                                                                                
 2017  423 0922 57.4 R  43.693 105.470  0.3  mon  4 0.2                        1
 GAP=183        0.63       2.4     1.9  5.5  0.1777E+01 -0.4392E+01 -0.6215E+01E
 ACTION:REG 18-10-16 09:43 OP:ngse STATUS:               ID:20170423092257     I
 IDC: ellipse    3.8    1.6  21 MB sd+-                  Event ID    70123     3
 * 6 km  N Tavan_Tolgoi coal mine                    ***                       3
 STAT SP IPHASW D HRMM SECON CODA AMPLIT PERI AZIMU VELO AIN AR TRES W  DIS CAZ7
 TT3M     P    a  0922 57.80                             120   -0.2910 3.27 233 
 TT3M     S    a  0922 58.70                             120    0.1310 3.27 233 
 TT2M     P    a  0923 00.10                              96   -0.4110 17.7 176 
 TT2M     S    a  0923 03.00                              96    0.2410 17.7 176 
 TT4M     P    a  0923 01.50                              95    0.0910 22.9 103 
 TT4M     S    a  0923 04.40                              95    0.0910 22.9 103 
 DZBM     P    a  0923 11.00                              91   -0.1010 79.2 280 
 DZBM     S    a  0923 21.30                              91    0.2310 79.2 280 
                                                                                
 2017  427 1115 48.9 R  43.567 105.458  0.0  mon 29 4.7                        1
 GAP=121       12.33      26.7    28.1 31.2 -0.2411E+02  0.9733E+02 -0.3438E+03E
 ACTION:REG 18-10-16 09:43 OP:ngse STATUS:               ID:20170427111543     I
 IDC: ellipse    1.2    0.7  11 MB sd+-                  Event ID    70188     3
 * 7 km SE Tavan_Tolgoi coal mine                    ***                       3
 STAT SP IPHASW D HRMM SECON CODA AMPLIT PERI AZIMU VELO AIN AR TRES W  DIS CAZ7
 ERM3     P    a  1116 45.10                                                    
 TT2M     P    a  1115 46.50                             110   -3.1510 4.24 150 
 TT2M     S    a  1115 49.50                             110   -0.7210 4.24 150 
 TT1M     P    a  1115 45.00                             103   -5.0610 6.70  40 
 TT1M     S    a  1115 46.50                             103   -4.4210 6.70  40 
 TT3M     P    a  1115 45.60                              97   -5.39 9 12.2 352 
 TT3M     S    a  1115 47.00                              97   -5.53 9 12.2 352 
 TT4M     P    a  1115 48.90                              94   -4.3010 25.0  69 
 TT4M     S    a  1115 52.60                              94   -3.7510 25.0  69 
 DZBM     P    a  1115 58.20                              91   -4.7910 81.9 290 
 DZBM     S    a  1116 08.90                              91   -4.4010 81.9 290 
 DZDM     S    a  1116 12.40                              91   -1.6310 84.3 271 
 MDGM     P    a  1116 24.80                              46   -3.9610  249  16 
 MDGM     S    a  1116 54.90                              46   -2.9910  249  16 
 U07M     P    a  1116 42.40                              46   -5.48 9  404   9 
 BGDM     P    a  1116 51.10                              46    1.9410  415 298 
 U10M     P    a  1116 45.60                              46   -5.47 9  430   2 
 U08M     P    a  1116 46.40                              46   -5.30 9  435   6 
 U05M     P    a  1116 57.20                              46    4.6510  442  13 
 U12M     P    a  1116 49.00                              46   -5.36 9  457 359 
 U06M     P    a  1117 00.40                              46    5.52 9  461  10 
 U09M     P    a  1116 59.60                              46    4.3610  464   6 
 U11M     P    a  1116 49.90                              46   -5.88 9  468   2 
 UGDM     P    a  1117 02.80                              46    5.85 9  477  18 
 SB4M     P    a  1117 02.20                              46    5.0310  479   8 
 SB3M     P    a  1117 02.30                              46    5.0310  480   9 
 SA0M     P    a  1117 02.50                              46    5.27 9  480   8 
 SA4M     P    a  1117 02.90                              46    5.57 9  481   8 
 SA1M     P    a  1117 02.70                              46    5.28 9  481   8 
 SA3M     P    a  1117 03.00                              46    5.54 9  482   9 
 SA2M     P    a  1117 02.70                              46    5.23 9  482   8 
 SB2M     P    a  1117 02.30                              46    4.8110  482   9 
 SB5M     P    a  1117 02.50                              46    5.0410  482   8 
 SB1M     P    a  1117 02.90                              46    5.25 9  483   8 
 U14M     P    a  1117 04.90                              46    4.0110  510 357 
                                                                                
 2017  427 1117 32.1 R  43.544 105.417  0.0  mon 39 5.0                        1
 GAP=171       12.72      39.3    26.2 32.5 -0.1426E+03  0.1762E+03 -0.4764E+03E
 ACTION:REG 18-10-16 09:43 OP:ngse STATUS:               ID:20170427111726     I
 IDC: ellipse    1.1    0.7  10 MB sd+-                  Event ID    70188     3
 * 7 km  W Tavan_Tolgoi coal mine                    ***                       3
 STAT SP IPHASW D HRMM SECON CODA AMPLIT PERI AZIMU VELO AIN AR TRES W  DIS CAZ7
 ERM3     P    a  1118 28.60                                                    
 TT2M     P    a  1117 29.40                             106   -3.7110 5.59 102 
 TT2M     S    a  1117 32.80                             106   -1.0410 5.59 102 
 TT1M     P    a  1117 27.90                              98   -6.09 9 10.8  45 
 TT1M     S    a  1117 30.10                              98   -5.27 9 10.8  45 
 TT3M     P    a  1117 28.40                              96   -6.25 9 14.7   7 
 TT3M     S    a  1117 29.60                              96   -6.91 9 14.7   7 
 TT4M     P    a  1117 31.80                              93   -5.33 9 29.1  67 
 TT4M     S    a  1117 35.80                              93   -5.00 9 29.1  67 
 DZBM     P    a  1117 41.00                              91   -4.85 9 79.7 292 
 DZBM     S    a  1117 52.00                              91   -3.8810 79.7 292 
 DZDM     P    a  1117 41.50                              91   -4.5810 81.1 272 
 DZDM     S    a  1117 52.40                              91   -3.8910 81.1 272 
 MDGM     P    a  1118 08.10                              46   -4.3210  253  16 
 MDGM     S    a  1118 38.80                              46   -3.0410  253  16 
 U07M     P    a  1118 25.10                              46   -6.39 9  407  10 
 BGDM     P    a  1118 32.70                              46    0.5310  413 298 
 U10M     P    a  1118 28.50                              46   -6.13 9  433   2 
 U08M     P    a  1118 28.90                              46   -6.40 9  438   7 
 U05M     P    a  1118 37.90                              46    1.7110  445  14 
 U12M     P    a  1118 31.90                              46   -6.01 9  459 360 
 SEMM     P    a  1118 41.80                              46    3.3910  463  15 
 U06M     P    a  1118 41.60                              46    3.1010  464  10 
 U09M     P    a  1118 31.70                              46   -7.14 9  467   6 
 U11M     P    a  1118 33.00                              46   -6.34 9  471   2 
 UGDM     P    a  1118 44.10                              46    3.4910  481  18 
 SB4M     P    a  1118 45.20                              46    4.4210  482   8 
 SA0M     P    a  1118 45.90                              46    5.06 9  483   9 
 SB3M     P    a  1118 45.40                              46    4.5210  483   9 
 SA4M     P    a  1118 45.20                              46    4.2710  484   9 
 SA1M     P    a  1118 45.30                              46    4.2710  484   9 
 SB2M     P    a  1118 46.10                              46    5.00 9  485   9 
 SA2M     P    a  1118 44.60                              46    3.5210  485   9 
 SB5M     P    a  1118 45.30                              46    4.2410  485   8 
 SA3M     P    a  1118 44.60                              46    3.5310  485   9 
 SB1M     P    a  1118 45.10                              46    3.8410  486   9 
 UB5M     P    a  1118 46.20                              46    4.87 9  487  12 
 UB0M     P    a  1118 46.20                              46    4.1910  492   5 
 U13M     P    a  1118 46.30                              46    4.1010  494 360 
 UB2M     P    a  1118 47.80                              46    4.3910  504   9 
 ALFM     P    a  1118 51.10                              46    7.30 9  507  12 
 ARTM     P    a  1118 51.20                              46    7.20 9  508  16 
 U14M     P    a  1118 38.30                              46   -6.12 9  512 357 
 CCBM     P    a  1118 50.90                              46    4.67 9  526 326 
 U04M     P    a  1118 54.40                              46    6.04 9  544  27 
 BULM     P    a  1119 03.00                              46    8.57 8  593 347 
                                                                                
 2017  5 2 1008 38.7 R  43.675 105.483  0.0  mon  6 0.3                        1
 GAP= 95        0.74       2.2     2.1  4.0  0.2461E+01 -0.4345E+01 -0.5951E+01E
 ACTION:REG 18-10-16 09:43 OP:ngse STATUS:               ID:20170502100838     I
 IDC: ellipse    3.6    1.9  23 MB sd+-                  Event ID    70476     3
 * 6 km NE Tavan_Tolgoi coal mine                    ***                       3
 STAT SP IPHASW D HRMM SECON CODA AMPLIT PERI AZIMU VELO AIN AR TRES W  DIS CAZ7
 TT3M     P    a  1008 39.10                             113   -0.2910 3.64 272 
 TT3M     S    a  1008 39.90                             113    0.0110 3.64 272 
 TT1M     P    a  1008 39.50                             102   -0.4710 7.15 161 
 TT1M     S    a  1008 40.90                             102    0.0110 7.15 161 
 TT2M     P    a  1008 41.20                              96   -0.2110 15.6 180 
 TT2M     S    a  1008 44.00                              96    0.61 9 15.6 180 
 TT4M     P    a  1008 42.60                              94    0.1610 21.6  98 
 TT4M     S    a  1008 45.00                              94   -0.1610 21.6  98 
 DZBM     P    a  1008 52.80                              91    0.1910 80.6 281 
 DZBM     S    a  1009 02.70                              91   -0.0510 80.6 281 
 MDGM     S    a  1009 45.40                              46    0.2510  237  16 
                                                                                
 2017  5 2 1111 28.4 R  43.652 105.473  4.4  mon  5 0.4                        1
 GAP=139        1.06       3.2     3.2  4.5  0.3970E+01  0.1097E+01 -0.5604E+00E
 ACTION:REG 18-10-16 09:43 OP:ngse STATUS:               ID:20170502111128     I
 IDC: ellipse    4.1    1.8  21 MB sd+-                  Event ID    70477     3
 * 2 km  N Tavan_Tolgoi coal mine                    ***                       3
 STAT SP IPHASW D HRMM SECON CODA AMPLIT PERI AZIMU VELO AIN AR TRES W  DIS CAZ7
 TT3M     P    a  1111 29.40                             147   -0.2310 3.87 312 
 TT3M     S    a  1111 30.50                             147   -0.0210 3.87 312 
 TT1M     P    a  1111 29.10                             138   -0.67 9 5.26 145 
 TT1M     S    a  1111 31.20                             138    0.4310 5.26 145 
 TT2M     P    a  1111 30.50                             114   -0.4010 13.2 176 
 TT2M     S    a  1111 32.90                             114    0.1810 13.2 176 
 TT4M     P    a  1111 32.90                             105    0.54 9 22.1  91 
 TT4M     S    a  1111 35.20                             105   -0.0510 22.1  91 
 DZBM     P    a  1111 41.90                              94   -0.4110 80.4 283 
 DZBM     S    a  1111 53.10                              94    0.65 9 80.4 283 
                                                                                
 2017  5 2 1112 10.4 R  43.601 105.429  8.0  mon  6 0.8                        1
 GAP=119        1.76       6.8     5.9  9.0  0.3362E+01  0.2361E+02  0.1059E+02E
 ACTION:REG 18-10-16 09:43 OP:ngse STATUS:               ID:20170502111211     I
 IDC: ellipse    3.8    1.7  14 MB sd+-                  Event ID    70477     3
 * 4 km SE Tavan_Tolgoi coal mine                    ***                       3
 STAT SP IPHASW D HRMM SECON CODA AMPLIT PERI AZIMU VELO AIN AR TRES W  DIS CAZ7
 TT1M     S    a  1112 13.80                             145   -0.0510 6.72  78 
 TT3M     P    a  1112 11.60                             139   -0.95 9 8.33   4 
 TT3M     S    a  1112 14.20                             139    0.0510 8.33   4 
 TT2M     P    a  1112 12.50                             138   -0.0910 8.64 149 
 TT2M     S    a  1112 16.20                             138    1.99 7 8.64 149 
 TT4M     P    a  1112 15.00                             110   -0.1810 26.2  78 
 TT4M     S    a  1112 19.00                             110    0.3110 26.2  78 
 DZBM     P    a  1112 24.80                              97    0.80 9 78.5 288 
 DZBM     S    a  1112 36.60                              97    2.64 0 78.5 288 
 DZDM     S    a  1112 33.90                              97   -1.11 9 82.1 268 
                                                                                
 2017  5 9 0020 51.3 R  43.539 105.396  9.4  mon  3 0.3                        1
 GAP=199        0.58       3.4    12.3 10.3  0.2388E+02  0.1243E+03  0.1862E+02E
 ACTION:REG 18-10-16 09:43 OP:ngse STATUS:               ID:20170509002052     I
 IDC: ellipse   15.8    1.4  31 MB sd+-                  Event ID    70367     3
 * 4 km SW Tavan_Tolgoi coal mine                    ***                       3
 STAT SP IPHASW D HRMM SECON CODA AMPLIT PERI AZIMU VELO AIN AR TRES W  DIS CAZ7
 TT2M     P    a  0020 53.20                             147   -0.3110 7.12  94 
 TT2M     S    a  0020 55.30                             147    0.1410 7.12  94 
 TT3M     P    a  0020 52.30                             125   -2.24 0 15.5  12 
 TT3M     S    a  0020 56.90                             125   -0.0310 15.5  12 
 DZBM     P    a  0021 05.20                              75    0.3310 78.4 293 
 DZBM     S    a  0021 14.70                              75   -0.1110 78.4 293 
                                                                                
