 Date    Origin    Lat      Long      Depth    Mag No Gap Dmin  Rms  Erh  Erz  Erx      Cvxy      Cvxz      Cvyz     Oterr
170318 2136 10.85 43 39.56 105 29.61    0.1    0.0 10 161  5.3 0.28  2.9  8.0  2.1 0.198E+01-0.337E+01-0.366E+01 0.742E+00
170319 0835 13.17 43 40.23 105 30.18    0.3    0.0 11  94  6.3 0.51  4.4  9.4  3.1 0.431E+01-0.102E+02-0.132E+02 0.108E+01
170320 1642  3.64 43 39.58 105 30.75    0.0    0.0 10 168  5.1 0.28  2.9 10.0  2.0 0.161E+01-0.476E+01-0.846E+01 0.746E+00
170323 1800 34.65 43 39.45 105 28.71    3.2    1.0 11 105  5.5 0.42  3.9  4.9  3.0 0.361E+01-0.427E+01-0.596E+01 0.105E+01
170325 1827  8.03 43 40.33 105 29.54    2.2    0.0 10 176  6.7 0.24  2.8  3.9  1.9 0.172E+01-0.164E+01-0.218E+01 0.668E+00
170326 1058 41.38 43 40.31 105 28.30    1.3    1.0 12 102  2.8 0.61  5.2  6.6  3.7 0.723E+01-0.109E+02-0.111E+02 0.125E+01
170327 2009 16.45 43 38.02 105 29.40    0.0    0.0 12 102  2.8 0.59  5.2  6.0  3.8 0.509E+01-0.413E+01-0.116E+02 0.139E+01
170405 1913 34.71 43 39.36 105 29.08    0.0    0.0 12 103  5.2 0.44  4.3  5.2  3.2 0.464E+01-0.685E+01-0.895E+01 0.110E+01
170410 1748 36.09 43 39.62 105 29.73    0.0    0.0 12  99  5.0 0.34  3.5  4.5  2.5 0.288E+01-0.506E+01-0.739E+01 0.897E+00
170411 1258 31.73 43 42.42 105 30.85    0.0    1.0 11 191 10.4 0.73 22.0 99.3 13.9 0.920E+02-0.480E+03-0.917E+03 0.459E+01
170411 1301 34.97 43 39.86 105 30.29    0.0    0.0 10 172  5.6 0.38  3.8 12.6  2.6 0.317E+01-0.864E+01-0.113E+02 0.956E+00
170411 1432 10.02 43 39.51 105 29.79    0.1    0.0  9 161  5.1 0.32  3.2  9.2  2.3 0.226E+01-0.456E+01-0.457E+01 0.828E+00
170417 1151 14.87 43 40.46 105 29.51    5.7    0.0  8 177  4.4 0.25  3.2  3.3  2.0 0.164E+01-0.437E+00-0.107E+01 0.667E+00
170422 1911 32.79 43 40.86 105 29.87    1.1    1.0 13  95  4.9 0.40  3.4  6.7  2.1 0.192E+01-0.343E+01-0.123E+02 0.836E+00
170423 0020 29.15 43 40.92 105 29.75    1.3    1.0 31  83  4.8 0.48  4.4  5.0  2.7 0.334E+01-0.611E+01-0.146E+02 0.114E+01
170423 0024 49.18 43 40.53 105 27.91    4.4    1.0 31  88  2.2 0.59  4.4  3.4  2.9 0.225E+01-0.226E+01-0.882E+01 0.124E+01
170423 0027  8.32 43 40.39 105 28.96    0.0    0.0 10 176  3.7 0.34  3.7  8.7  2.6 0.345E+01-0.778E+01-0.456E+01 0.881E+00
170423 0027 24.39 43 40.62 105 28.80    0.0    0.0  8 191  3.4 0.32  5.1 14.7  4.2-0.971E+00-0.494E+02 0.101E+02 0.836E+00
170423 0027 38.42 43 40.73 105 29.60    1.6    2.0 40  81  4.5 0.50  4.2  4.6  2.7 0.300E+01-0.541E+01-0.126E+02 0.114E+01
170423 0052 44.73 43 40.91 105 28.19    2.1    0.0 11  95  8.3 0.47  4.6  4.3  3.1 0.481E+01-0.490E+01-0.727E+01 0.104E+01
170423 0904 20.27 43 39.17 105 29.70    0.0    0.0 10 153  4.5 0.45  3.5 10.5  2.6 0.279E+01-0.602E+01-0.642E+01 0.892E+00
170423 0922 57.44 43 41.60 105 28.20    0.3    0.0  8 183  3.3 0.23  3.1  5.5  1.9 0.178E+01-0.439E+01-0.622E+01 0.626E+00
170427 1115 48.87 43 34.03 105 27.48    0.0    1.0 34 121  6.7 4.73 38.8 31.2 28.1-0.241E+02 0.973E+02-0.344E+03 0.123E+02
170427 1117 32.11 43 32.66 105 25.00    0.0    2.0 45 171 10.8 4.98 47.3 32.5 26.2-0.143E+03 0.176E+03-0.476E+03 0.127E+02
170502 1008 38.71 43 40.48 105 28.96    0.0    0.0 11  95  3.6 0.28  3.1  4.0  2.1 0.246E+01-0.435E+01-0.595E+01 0.743E+00
170502 1111 28.41 43 39.14 105 28.40    4.4    0.0 10 139  5.3 0.41  4.5  4.5  3.2 0.397E+01 0.110E+01-0.560E+00 0.106E+01
170502 1112 10.37 43 36.06 105 25.77    8.0    0.0  9 119  8.3 0.79  9.0  9.0  5.9 0.336E+01 0.236E+02 0.106E+02 0.176E+01
170509 0020 51.26 43 32.34 105 23.79    9.4    0.0  6 199 15.5 0.30 12.8 10.3 12.3 0.239E+02 0.124E+03 0.186E+02 0.575E+00
