 Date    Origin    Lat      Long      Depth    Mag No Gap Dmin  Rms  Erh  Erz  Erx      Cvxy      Cvxz      Cvyz     Oterr
170109 0216 24.89 47 54.59 106 36.91    3.3    0.0 54  66  2.6 0.31  1.5  3.7  1.1-0.145E+00-0.562E+00 0.105E+00 0.777E+00
170109 2025 26.38 47 55.04 106 37.53    5.7    0.0 23  99 14.5 0.20  1.8  2.6  1.4-0.345E+00 0.312E+00 0.183E+00 0.543E+00
170119 1843 50.01 47 51.55 106 30.79   15.1    0.0 24 119 20.6 0.37  9.7  4.9  9.4 0.521E+01-0.330E+02-0.284E+01 0.847E+00
170120 0037 29.64 47 57.87 106 27.91    9.4    0.0 22 134 12.2 0.13  2.3  2.0  2.0-0.433E+00 0.215E+00 0.125E+00 0.396E+00
170120 0046 25.84 47 57.77 106 28.17    8.9    0.0 40  91  9.9 0.22  1.6  1.8  1.3-0.384E+00 0.358E+00-0.257E+00 0.601E+00
170124 1251  0.28 47 48.15 106 46.15    4.1    0.0 42  64  2.1 0.30  1.6  3.0  1.1-0.147E+00-0.507E+00 0.634E+00 0.802E+00
170124 1647 59.35 47 41.34 105 59.69    0.8    0.0 34  66  8.7 0.24  1.4 13.3  1.0-0.386E+00 0.238E+01 0.224E+00 0.551E+00
170124 2317  3.71 47 58.54 106 23.46    6.4    0.0 68  78  6.1 0.21  1.0  1.7  0.7-0.103E+00 0.151E+00-0.389E+00 0.583E+00
170126 0233 17.66 47 58.09 106 30.62    9.6    0.0 42  75  7.6 0.16  1.2  1.3  1.0-0.158E+00-0.715E-01 0.204E-02 0.447E+00
170202 2148 42.22 47 38.18 106  2.72    4.7    0.0 40  71  9.8 0.29  1.6  5.3  1.3-0.346E+00 0.956E+00 0.419E+00 0.767E+00
170203 0019 19.83 47 38.04 105 39.31    2.8    1.0 55  95 15.8 0.24  1.2  7.4  1.0 0.342E-01-0.283E+01-0.118E+00 0.578E+00
170209 1238 58.42 47 52.44 105 34.41   23.5    0.0 39  97 13.0 0.27  1.8  2.4  1.4 0.140E+00-0.105E+01 0.830E-02 0.672E+00
170209 1955 45.38 47 56.70 106 37.75    9.0    0.0 29 118 12.5 0.16  1.6  2.0  1.2-0.316E+00 0.186E+00 0.305E+00 0.464E+00
170210 1258  4.27 47 34.61 106 45.27   29.7    0.0 54  83 17.6 0.24  1.7  1.9  1.3-0.405E-01 0.265E+00 0.484E+00 0.641E+00
170210 1304 42.18 47 34.80 106 45.62   29.9    0.0 61  84 18.2 0.31  1.8  2.1  1.4-0.830E-01-0.160E+00 0.403E+00 0.813E+00
170210 1307 13.49 47 34.70 106 45.72   30.8    1.0 64  85 17.6 0.31  1.7  1.7  1.4-0.598E-01-0.178E+00 0.617E+00 0.786E+00
170210 1323 47.47 47 34.45 106 45.39   29.0    0.0 36 121 17.3 0.25  2.3  2.6  2.0-0.304E-01-0.497E+00 0.368E+00 0.685E+00
170210 1339 14.87 47 34.94 106 45.29   29.8    1.0 63  83 17.7 0.35  2.0  2.2  1.5-0.771E-01-0.143E+00 0.548E+00 0.886E+00
170210 1415  5.89 47 34.57 106 44.13   30.1    0.0 46 115 16.6 0.28  2.1  2.4  1.7-0.415E+00 0.310E-01 0.668E+00 0.739E+00
170211 1240  1.08 47 58.27 106 31.29    9.6    0.0 29 127  7.3 0.08  1.0  1.1  0.8-0.180E+00-0.108E+00 0.477E-01 0.257E+00
170211 1436 59.84 47 58.39 106 30.87    9.6    0.0 32 127  7.8 0.16  1.4  1.8  1.1-0.167E+00-0.276E+00 0.319E-01 0.455E+00
170211 1437 37.05 47 58.27 106 31.39   10.3    0.0 25 128 15.0 0.07  1.1  1.1  0.9-0.315E+00-0.326E-02-0.425E-01 0.245E+00
170211 1437 53.38 47 58.49 106 30.29   10.2    0.0 25 124 14.5 0.13  1.7  1.7  1.3-0.309E+00-0.296E+00-0.830E-01 0.372E+00
170211 1438 21.21 47 58.34 106 30.59    9.2    0.0 49  77  8.0 0.17  1.1  1.3  0.9-0.879E-01 0.244E+00-0.124E+00 0.477E+00
170211 1441  5.46 47 58.53 106 30.60    9.1    1.0 63  48  8.2 0.23  1.1  1.5  0.9-0.512E-01 0.162E+00-0.270E+00 0.632E+00
170211 1455  4.88 47 58.17 106 31.55    9.1    0.0 23 131 14.9 0.09  1.7  1.7  1.4-0.898E+00-0.849E+00 0.339E+00 0.284E+00
170211 1506 28.59 47 58.58 106 29.27   11.2    0.0 24 117 14.1 0.13  2.0  1.9  1.6-0.370E+00-0.109E+01-0.143E+00 0.376E+00
170211 1601  2.61 47 58.30 106 30.66    9.8    0.0 58  47  7.9 0.20  1.0  1.3  0.8-0.510E-01 0.829E-01-0.177E+00 0.537E+00
170211 1602  4.09 47 58.09 106 31.41    8.8    0.0 25 131 14.7 0.08  1.4  1.4  1.2-0.627E+00-0.444E+00 0.797E-01 0.262E+00
170211 1811 33.11 47 58.41 106 30.41    9.4    0.0 58  47  8.2 0.19  1.0  1.2  0.8-0.406E-01 0.134E+00-0.150E+00 0.511E+00
170211 1818 52.47 47 54.82 106 31.78    7.5    0.0 58  47  4.4 0.20  1.0  1.2  0.8-0.825E-01-0.312E-02-0.124E+00 0.541E+00
170211 1832 18.63 47 58.04 106 31.68   10.1    0.0 23 132 14.9 0.07  1.6  1.4  1.3-0.781E+00-0.638E+00 0.232E+00 0.256E+00
170211 1833 42.95 47 57.90 106 31.68    8.3    0.0 23 134 14.7 0.09  1.6  1.8  1.4-0.852E+00-0.942E+00 0.380E+00 0.285E+00
170213 2140 43.73 47 34.62 106 45.51   30.0    0.0 58  84 17.5 0.27  1.7  2.0  1.3-0.792E-01-0.143E+00 0.400E+00 0.725E+00
170217 2227 52.34 47 47.11 105 45.74   21.7    0.0 37  77 26.8 0.20  1.4  2.8  1.1-0.184E+00-0.282E+00-0.215E+00 0.544E+00
170222 0034 43.05 47 39.24 105 48.45    0.1    0.0 53  65 17.1 0.15  0.8 14.1  0.6-0.390E-03-0.161E+01 0.107E+00 0.414E+00
170222 0243 57.03 47 55.14 106 34.86   11.2    0.0 63  36  0.6 0.22  1.0  1.2  0.8-0.491E-01-0.690E-01-0.126E+00 0.591E+00
170223 1323 44.67 47 58.57 106 32.07    9.6    0.0 24 136 18.0 0.20  3.0  3.2  2.4-0.229E+01-0.291E+01 0.139E+01 0.551E+00
170228 1919 27.41 47 43.45 106  4.85    5.2    2.0 68  50  2.1 0.22  0.9  1.8  0.7-0.837E-01 0.887E-01-0.349E-01 0.550E+00
170305 0105 43.69 47 39.07 105 48.74    3.7    0.0 42  66 17.6 0.18  1.0  6.0  0.8-0.684E-01-0.153E+01 0.427E+00 0.484E+00
170305 1202 16.94 47 39.47 105 48.36    5.3    0.0 53  64 16.7 0.22  1.2  4.8  0.9-0.465E-01-0.137E+01 0.515E-01 0.585E+00
170305 1742  5.09 47 34.62 105 58.52    0.6    1.0 60  88 16.5 0.20  1.0 12.4  0.7-0.484E-01 0.845E+00-0.131E+01 0.565E+00
170308 0443 32.68 47 56.85 106 32.59    7.4    0.0 31 113  4.3 0.16  1.4  1.8  1.1-0.267E+00-0.175E+00 0.244E+00 0.440E+00
170308 2055 38.73 47 58.07 106 30.58    9.5    0.0 22 172 14.1 0.14  2.4  2.0  2.0-0.217E+00 0.301E+00 0.137E+00 0.415E+00
170308 2311 10.94 47 58.30 106 31.52   11.1    0.0 25 129  7.1 0.16  2.2  2.0  1.7-0.993E+00 0.224E+00-0.395E-01 0.442E+00
170309 1955 44.53 47 58.59 106 30.54    9.8    0.0 25 128  6.8 0.17  2.3  2.2  1.8-0.135E+01-0.342E+00 0.832E-01 0.471E+00
170311 0619  3.14 47 58.21 106 30.77    9.9    0.0 34 123  7.7 0.23  1.8  2.0  1.3-0.504E+00 0.181E+00-0.197E+00 0.539E+00
170311 0620 58.23 47 50.98 106 30.55   15.0    0.0 43  67 10.0 0.59  6.0  2.6  2.9 0.340E+01 0.156E+01 0.968E+00 0.115E+01
170311 1045 36.53 47 58.45 106 30.62    9.1    0.0 34 126  8.1 0.21  1.9  2.2  1.5-0.632E+00-0.395E+00 0.223E+00 0.568E+00
170312 1123 55.59 47 58.32 106 30.58    9.2    0.0 37  77  8.0 0.20  1.5  1.8  1.2-0.372E+00-0.271E+00-0.901E-01 0.521E+00
170312 2308  2.25 47 57.48 106 32.04    6.9    0.0 26 119  5.6 0.19  2.1  2.6  1.6-0.111E+01 0.119E-01-0.229E-01 0.531E+00
170313 0004 37.26 47 56.96 106 32.64    7.4    0.0 23 177  4.4 0.14  2.4  2.1  2.1-0.920E+00 0.800E+00 0.985E-02 0.413E+00
170313 0206 28.09 47 51.13 106 30.99   15.0    0.0 18 337  9.3 0.20 18.5  5.2 14.3-0.652E+02-0.639E+02 0.134E+02 0.570E+00
170314 1104 14.91 47 39.24 105 47.80    7.3    1.0 65  66 16.6 0.26  1.2  2.5  0.9-0.749E-02-0.637E-01-0.155E+00 0.695E+00
170314 1803 56.04 47 58.30 106 30.93    9.4    0.0 28 126  7.6 0.17  1.8  2.2  1.4-0.562E+00-0.209E+00-0.727E-02 0.471E+00
170314 1858 29.35 47 58.03 106 31.61    9.1    0.0 23 132 14.8 0.09  1.8  1.8  1.5-0.100E+01-0.973E+00 0.381E+00 0.301E+00
170318 1310 33.70 47 58.15 106 30.88    9.6    0.0 37  77  7.5 0.22  1.7  2.1  1.4-0.402E+00-0.491E+00 0.197E+00 0.598E+00
170318 2249 19.61 47 57.28 106 31.87    8.2    0.0 57  44  5.5 0.22  1.1  1.7  0.9-0.103E+00-0.199E-01-0.219E+00 0.604E+00
170319 2209 25.39 47 54.73 106 28.95    4.9    0.0 44  79  7.9 0.25  1.6  2.6  1.2-0.283E+00-0.160E+01-0.693E+00 0.690E+00
170324 0020 50.64 47 41.33 106  0.47    5.3    0.0 46  62  7.8 0.14  0.8  2.3  0.6-0.550E-01 0.341E+00-0.514E-01 0.411E+00
170324 1426  5.68 47 57.68 106 31.60    8.1    0.0 32 120  6.2 0.14  1.5  1.6  1.2-0.409E+00-0.143E+00 0.229E+00 0.407E+00
170325 2248  3.33 47 58.63 106 30.31    9.2    0.0 22 177  8.6 0.14  1.8  2.1  1.5-0.992E+00-0.222E+00-0.356E+00 0.418E+00
170327 0749 41.17 47 58.18 106 30.48    8.2    0.0 55  46  7.9 0.25  1.2  1.6  0.9-0.132E+00 0.798E-01-0.223E+00 0.591E+00
170327 0750 54.02 47 58.21 106 30.50    9.9    0.0 40  97 14.3 0.17  1.4  1.7  1.2-0.382E+00 0.590E+00-0.730E+00 0.485E+00
170327 0753 16.75 47 56.67 106 33.07   11.9    0.0 22 198 14.3 0.12  3.5  2.1  2.1-0.498E+01-0.475E+00-0.118E+01 0.359E+00
170327 1353 44.75 47 58.56 106 31.15    8.4    0.0 27 173  7.8 0.06  1.0  1.4  0.7-0.259E+00 0.343E+00-0.491E+00 0.231E+00
170327 1433 27.45 47 58.24 106 30.86    8.9    0.0 57  71  7.6 0.24  1.3  1.8  0.9-0.180E+00 0.570E-01-0.541E+00 0.642E+00
170327 1509 58.92 47 58.47 106 30.57   11.4    0.0 35 101 15.4 0.17  1.4  1.7  1.1-0.400E+00-0.424E-01-0.317E+00 0.493E+00
170327 1644  3.96 47 39.43 105 48.67    2.5    0.0 41  65 17.0 0.18  1.1  7.7  0.8-0.586E-01-0.195E+01 0.667E+00 0.498E+00
170329 0017 21.59 47 58.35 106 30.51    9.4    0.0 62  47  8.1 0.27  1.2  1.7  1.0-0.855E-01 0.530E-01-0.351E+00 0.704E+00
170329 1443 25.70 47 58.36 106 30.77   10.0    0.0 51  79  7.3 0.23  1.3  1.7  1.0-0.101E+00 0.307E-01-0.222E+00 0.633E+00
170329 1953  1.41 47 57.93 106 31.37    8.1    0.0 28 122  8.4 0.19  2.5  2.8  2.2-0.151E+01-0.322E+01 0.142E+01 0.523E+00
170330 0814 53.35 47 58.22 106 30.78    9.4    0.0 52  51  7.7 0.24  1.4  1.7  1.2-0.154E+00 0.368E+00-0.226E+00 0.643E+00
170331 2002 20.20 47 39.10 105 48.87    2.5    0.0 30 108 17.6 0.22  1.6 10.3  1.2-0.189E+00-0.324E+01-0.151E+00 0.597E+00
170402 0352 48.09 47 57.99 106 30.76    8.8    0.0 24 173  7.4 0.14  2.2  1.9  1.9-0.459E+00-0.133E+00 0.332E+00 0.407E+00
170402 0352 59.53 47 58.11 106 30.77   10.1    0.0 24 176  7.5 0.14  2.5  1.9  2.1-0.581E+00-0.285E+00 0.297E+00 0.419E+00
170402 2021 31.66 47 39.31 105 48.51    0.0    1.0 68  56 17.0 0.21  0.9  3.0  0.7 0.717E-02 0.564E+00 0.185E+00 0.559E+00
170403 0306  9.65 47 58.44 106 30.56    9.8    1.0 69  47  8.1 0.27  1.2  1.6  0.9-0.245E-01-0.129E-02-0.280E+00 0.703E+00
170403 0309 36.57 47 58.38 106 30.23   10.1    0.0 38  76  8.4 0.21  1.8  1.7  1.5-0.653E+00 0.638E-01-0.165E+00 0.555E+00
170403 0328 43.26 47 58.19 106 31.97   10.8    0.0 25 129  6.6 0.21  3.1  2.6  2.4-0.304E+01-0.311E-01-0.715E-01 0.574E+00
170403 0332  3.62 47 58.00 106 30.61   10.7    0.0 40  74  7.5 0.19  1.4  1.6  1.1-0.288E+00 0.357E-01-0.297E-01 0.529E+00
170403 0922 37.14 47 57.79 106 31.61    8.8    0.0 26 122  6.4 0.12  1.6  1.7  1.3-0.690E+00-0.227E-01-0.352E-01 0.353E+00
170403 1054 11.90 47 58.06 106 29.77    9.0    0.0 25 161  6.9 0.12  2.0  1.6  1.7-0.572E+00 0.391E+00 0.552E-01 0.351E+00
170403 1213  3.57 47 56.46 106 27.67   15.0    0.0 22 136 12.8 0.40 12.2  5.3 10.9-0.354E+02-0.162E+02-0.817E+01 0.955E+00
170403 2100  6.13 47 54.26 106 30.13    0.0    0.0 21 181 10.2 0.29  9.3 24.9  6.8-0.304E+02-0.264E+02-0.723E+02 0.769E+00
170404 1850  8.04 47 58.44 106 30.76    8.5    0.0 36  87  8.0 0.18  1.5  1.9  1.2-0.418E+00-0.432E+00-0.735E-01 0.480E+00
170404 1937 34.11 47 52.50 106 31.46   12.2    0.0 17 189  9.4 0.21 13.5  9.8  9.7-0.801E+02-0.861E+02 0.646E+02 0.583E+00
170405 0847 13.47 47 58.28 106 30.74    8.1    0.0 42  77 18.7 0.27  1.7  2.1  1.3-0.349E+00 0.546E+00-0.175E+00 0.658E+00
170405 2011 21.83 47 58.27 106 30.74   11.4    0.0 31 124  7.4 0.26  2.9  2.3  2.4-0.176E+01-0.664E+00 0.366E+00 0.670E+00
170406 0118 14.76 47 58.15 106 31.73    8.8    0.0 30 127  6.8 0.15  1.6  1.8  1.3-0.418E+00-0.300E+00 0.179E+00 0.417E+00
170407 2138 49.75 47 58.18 106 30.87    9.5    0.0 58  46  7.5 0.26  1.3  1.7  1.0-0.129E+00 0.285E-01-0.273E+00 0.681E+00
170407 2145 28.01 47 54.69 106 31.57    0.0    0.0 23 179 13.4 0.38  5.2 14.9  3.6-0.903E+01 0.726E+01 0.184E+01 0.984E+00
170408 0326 21.33 47 58.59 106 30.63    9.6    0.0 16 128  8.3 0.14  2.3  3.2  1.9-0.174E+01-0.285E+01 0.200E+01 0.423E+00
170408 0948 33.25 47 58.41 106 31.50    8.6    0.0 14 130  7.3 0.09  1.7  3.2  1.3-0.808E+00-0.626E+00 0.169E+01 0.317E+00
170408 1019 27.44 47 58.49 106 39.66    9.2    0.0 63  52  8.9 0.25  1.1  1.8  0.9-0.522E-01-0.587E-01-0.151E+00 0.634E+00
170408 2341 54.74 47 58.36 106 31.39   11.5    0.0 12 129  7.9 0.07  1.5  2.7  1.3-0.532E+00 0.624E-01 0.356E+00 0.276E+00
170409 1947  8.31 47 58.18 106 30.53    8.5    0.0 26 121  7.8 0.23  2.2  2.9  1.8-0.808E+00-0.157E+01 0.829E+00 0.626E+00
170409 2055 22.49 47 57.94 106 30.55   10.6    0.0 28 118  7.5 0.28  2.4  2.8  1.9-0.261E+00-0.645E+00 0.935E+00 0.724E+00
170410 0136 29.04 47 58.50 106 30.72   10.0    0.0 32 127  7.1 0.29  2.4  3.0  1.9-0.296E+00-0.536E+00 0.268E+00 0.727E+00
170410 0333 36.42 47 58.46 106 30.08    9.8    0.0 50  76  8.6 0.26  1.5  1.7  1.2-0.280E+00 0.451E+00-0.249E+00 0.629E+00
170410 0343 44.55 47 58.16 106 31.22    9.7    0.0 53  47  7.2 0.21  1.2  1.5  0.9-0.118E+00 0.875E-01-0.264E+00 0.581E+00
170410 0343 55.62 47 58.29 106 30.68    9.4    1.0 54  47  7.8 0.31  1.4  2.0  1.1-0.103E+00 0.222E+00-0.474E+00 0.765E+00
170410 0344  6.42 47 58.11 106 30.98   10.1    0.0 34  77  7.3 0.27  2.1  2.4  1.8-0.459E+00 0.266E+00-0.393E+00 0.694E+00
170410 0345 27.68 47 57.90 106 31.13    9.7    0.0 19 121 14.2 0.14  2.3  2.1  1.9-0.135E+01 0.738E-01 0.191E+00 0.421E+00
170410 0351 26.33 47 58.04 106 30.95    9.8    0.0 14 176 14.3 0.10  2.6  1.9  2.3-0.490E+00 0.595E+00 0.385E+00 0.334E+00
170411 0058 16.81 47 58.60 106 30.11   10.0    0.0 36 125  8.7 0.26  2.0  2.1  1.5-0.580E+00 0.221E+00 0.247E+00 0.604E+00
170411 1741 28.13 47 58.08 106 31.26    9.6    0.0 32  92  7.1 0.10  1.1  1.1  1.0-0.263E+00-0.141E+00 0.166E-01 0.307E+00
170416 1253 37.04 47 43.48 106  4.94    4.8    2.0 70  50  2.0 0.21  0.8  1.8  0.6-0.369E-01 0.129E+00-0.520E-02 0.529E+00
170416 1318 59.96 47 43.46 106  5.36    4.2    0.0 36  62  1.6 0.24  1.4  2.2  1.0-0.406E+00 0.243E+00-0.770E-01 0.587E+00
170416 1334 50.88 47 43.33 106  5.28    4.9    0.0 31 134  1.5 0.09  0.7  1.1  0.5-0.153E+00 0.806E-01-0.398E-01 0.274E+00
170420 0443  9.37 47 43.26 106  5.22    3.7    1.0 53  62  1.5 0.28  1.3  2.8  0.9-0.177E+00 0.296E+00-0.537E-01 0.724E+00
170421 0112 52.93 47 51.54 106 28.03   14.0    0.0 26 139  3.5 0.10  1.7  1.0  1.4-0.635E+00-0.603E+00 0.253E+00 0.316E+00
170427 0827 47.85 47 58.34 106 24.06    6.9    0.0 32 123  6.0 0.17  1.5  1.9  1.3-0.136E+00 0.628E+00 0.879E-01 0.468E+00
170427 2219 55.62 47 51.56 106 30.37   15.0    0.0 25 138  7.7 0.32  7.8  2.7  2.6 0.288E+01 0.220E+00-0.122E+01 0.746E+00
170505 0219 27.50 47 30.45 106 54.86   10.4    0.0 42 146 11.9 0.32  1.7  3.7  1.2-0.129E-02-0.224E+00-0.941E+00 0.698E+00
170509 1620 47.78 47 42.60 105 31.96    7.0    0.0 39  90 11.8 0.32  2.3  4.7  1.9-0.315E+00-0.466E+01 0.222E+00 0.798E+00
170510 0047 52.00 47 56.28 106 28.20    5.7    0.0 26 128  9.7 0.17  1.7  2.6  1.4-0.641E+00-0.850E+00-0.237E+00 0.473E+00
170512 1441 26.03 47 31.45 106 35.93    6.4    0.0 53  84 14.0 0.21  1.1  3.5  0.9 0.274E-01-0.326E-01 0.280E+00 0.575E+00
170513 1552 39.75 47 58.23 106 31.65    9.4    0.0 18 128 16.6 0.13  2.0  1.9  1.6-0.121E+01-0.114E+00 0.181E+00 0.384E+00
170513 1609 32.21 47 57.96 106 31.61    9.1    0.0 17 124 16.7 0.17  2.6  2.6  2.0-0.201E+01-0.372E+00 0.299E+00 0.498E+00
170513 2353  2.73 47 45.10 106 24.26    3.5    0.0 29  80  9.2 0.10  1.1  2.7  0.9-0.522E-01 0.193E-02 0.119E+01 0.317E+00
170517 1659 46.91 47 32.51 106 44.92   22.2    0.0 62  81 14.1 0.27  1.5  2.1  1.2-0.404E-01 0.679E-02 0.213E+00 0.717E+00
170518 0247 46.19 47 40.41 106 38.95    0.9    1.0 65  48  9.0 0.37  1.5  9.8  1.2 0.145E+00-0.134E+01 0.340E+00 0.863E+00
170524 1107 40.26 47 58.08 106 31.35    9.8    0.0 48  52  7.0 0.17  1.1  1.3  0.9-0.107E+00 0.709E-01-0.725E-01 0.474E+00
170524 1604 22.57 47 58.21 106 33.14   11.0    0.0 22 134 17.2 0.20  3.3  2.6  2.6-0.294E+01 0.619E+00 0.304E+00 0.557E+00
170525 1032  1.64 47 43.55 106 38.98    1.2    0.0 62  42 10.5 0.34  1.4  8.9  1.1 0.725E-01-0.371E+00 0.168E+01 0.877E+00
170525 1138 17.69 47 57.66 106 31.76   11.5    0.0 27 121  6.1 0.15  2.2  1.8  1.7-0.143E+01 0.124E+00-0.137E+00 0.431E+00
170528 1656 31.09 47 58.21 106 31.34    8.9    0.0 27 126  8.0 0.24  2.6  2.5  2.1-0.177E+01 0.175E+00-0.242E-01 0.573E+00
170530 0752 24.94 47 39.01 105 50.77    0.0    1.0 56  68 19.3 0.26  1.1 20.7  0.8-0.180E-02-0.584E+00-0.119E+00 0.609E+00
170602 1354 37.22 47 59.68 106 29.76   21.7    0.0 16 143 17.5 0.23  5.6  3.5  4.5-0.107E+02-0.102E+01-0.796E+00 0.629E+00
170602 1843 26.92 47 41.30 105 59.03    2.4    0.0 47  63  9.5 0.18  0.9  4.6  0.7-0.847E-01 0.533E+00 0.778E-02 0.474E+00
170607 0905 22.23 47 49.81 106 40.82    9.4    2.0 34  84 19.4 0.25  1.7  1.8  1.2 0.334E+00-0.861E+00-0.425E+00 0.647E+00
170612 1052 19.91 47 43.59 106 38.76    2.1    1.0 63  43 10.4 0.28  1.2  5.5  1.0 0.871E-01-0.256E+00 0.935E+00 0.754E+00
170614 2112 16.01 47 40.97 105 38.67    0.1    1.0 60  83 10.5 0.31  1.6 18.7  1.2-0.845E-01-0.823E+01 0.397E+01 0.740E+00
170618 1353 23.11 47 48.26 106 11.36    3.6    1.0 29  94 11.8 0.12  1.0  3.4  0.7-0.189E+00 0.119E+01-0.593E-01 0.363E+00
170620 2011 44.54 47 40.95 106 22.77   15.0    0.0 19 170 12.7 0.53  9.4  6.7  8.4-0.711E+01-0.279E+02 0.977E+01 0.110E+01
170622 0850 19.72 47 43.58 106 38.98    4.1    0.0 63  42 10.5 0.32  1.3  4.5  1.0 0.858E-01-0.419E+00 0.684E+00 0.823E+00
170630 1244 22.08 47 43.48 106 41.84    7.3    1.0 68  34 12.3 0.35  1.5  2.5  1.2 0.792E-01-0.351E+00 0.361E+00 0.909E+00
170701 1217  2.55 47 47.30 106 43.44    9.3    1.0 33 136  9.3 0.31  3.5  2.7  3.0 0.160E+01-0.300E+01-0.556E+00 0.820E+00
170705 2308 46.06 47 53.12 106 10.42   24.1    1.0 69  60 15.1 0.28  1.3  1.0  1.0-0.212E-01 0.216E+00-0.470E-01 0.706E+00
170707 0411 33.85 47 47.06 105 48.66   23.7    1.0 66  77 10.7 0.33  1.6  2.2  1.1 0.422E-02-0.292E+00-0.105E+00 0.796E+00
170707 1210 46.69 47 47.26 105 49.23   23.9    1.0 61  78 11.4 0.29  1.5  2.1  1.1-0.252E-01-0.362E+00 0.168E-01 0.743E+00
170707 1409  7.05 47 58.54 106 40.66    8.8    0.0 21 141  7.7 0.10  1.4  2.0  1.0-0.230E+00 0.588E+00 0.567E+00 0.320E+00
170709 2014 34.43 47 44.02 105 43.68   20.8    0.0 51  73  6.5 0.20  1.2  1.8  0.9-0.185E-01-0.455E+00 0.116E-01 0.544E+00
170710 1201 33.07 47 47.14 105 48.86   23.7    1.0 60  78 10.9 0.23  1.2  1.7  0.9-0.241E-02-0.224E+00-0.376E-01 0.598E+00
170711 0442 56.90 47 37.79 106 53.01    6.5    0.0 40  61 10.2 0.25  1.4  3.5  1.0 0.137E+00 0.497E+00-0.521E+00 0.641E+00
170712 1636 15.25 47 51.50 105 54.57   13.1    1.0 67  60 11.5 0.22  1.1  1.6  0.7 0.199E-01 0.674E-01-0.228E+00 0.611E+00
170713 1829 21.50 47 37.34 105 54.31    1.6    0.0 20  97 18.2 0.17  1.2 12.3  1.0-0.128E+00-0.517E+00 0.106E+01 0.475E+00
170720 0616  3.47 47 45.36 106 41.46    3.9    1.0 69  32  9.1 0.32  1.3  3.8  1.0 0.756E-01-0.117E+00 0.918E+00 0.798E+00
170721 1152 56.28 47 42.83 106 41.78    6.9    2.0 69  36 13.4 0.34  1.4  3.0  1.1 0.107E+00-0.265E+00 0.499E+00 0.889E+00
170725 0720 12.83 47 44.05 106 37.67    5.0    1.0 37 112  9.2 0.24  1.8  4.4  1.2 0.578E+00 0.254E+00 0.349E+01 0.657E+00
170725 1856 13.74 47 52.72 106 10.55   22.4    0.0 37 115 17.1 0.21  1.7  1.8  1.2-0.246E+00 0.843E+00 0.397E+00 0.553E+00
170727 1037 51.58 47 46.38 106 41.79    2.5    1.0 39 116  8.2 0.38  2.1  5.1  1.9 0.217E-01 0.266E+01 0.980E+00 0.820E+00
170809 2222 14.28 47 47.55 106 45.89    0.0    0.0 66  45  3.2 0.44  1.8  9.0  1.4 0.316E+00 0.271E+01 0.338E+01 0.105E+01
170813 0756 50.04 47 43.18 106 41.53    7.3    1.0 66  35 13.0 0.32  1.5  2.2  1.3 0.105E+00-0.428E+00 0.209E+00 0.843E+00
170813 1107 51.08 47 45.33 106 41.35    0.7    1.0 68  36  9.1 0.32  1.3 11.6  1.0 0.112E+00-0.238E+00 0.199E+01 0.811E+00
170814 1819 43.08 47 52.80 106 10.43   22.2    0.0 41 110 14.9 0.11  0.9  1.0  0.7-0.745E-01 0.280E+00 0.114E+00 0.328E+00
170818 2253 55.79 47 49.52 106 42.87    2.4    1.0 52  90  5.1 0.34  1.7  3.9  1.3 0.418E-01 0.507E+00 0.308E+00 0.824E+00
170822 0114 31.90 47 47.01 106 45.30    1.1    1.0 57  65  4.5 0.42  2.1 18.7  1.6 0.124E+00-0.120E+01 0.879E+00 0.109E+01
170823 2250  1.39 47 47.57 106 44.03    7.6    1.0 58  85  4.6 0.37  2.2  3.0  1.9 0.238E+00-0.227E+01-0.297E+00 0.965E+00
170827 0744 53.08 47 54.17 106 37.79   10.9    0.0 43  65  3.9 0.22  1.5  1.6  1.2-0.464E+00-0.247E+00 0.292E+00 0.574E+00
170829 1743 52.80 47 57.40 105 53.71    3.8    0.0 31 168  3.1 0.27  2.3  3.1  1.4-0.112E+00-0.156E+00 0.148E+01 0.710E+00
170831 1104 22.92 47 43.93 106 42.02    1.5    1.0 54  82 11.5 0.36  1.9  9.7  1.6 0.127E+00-0.589E+00 0.286E+01 0.918E+00
170831 1119 20.79 47 44.33 106 42.51    7.1    0.0 30 136 10.5 0.35  2.8  5.0  2.4 0.666E+00 0.277E+01 0.235E+01 0.794E+00
170902 0656 13.41 47 43.74 106 41.93    8.1    1.0 65  44 11.8 0.37  1.6  2.7  1.2 0.164E+00-0.312E+00 0.144E+00 0.935E+00
170902 1021 34.15 47 56.98 105 53.55    3.8    0.0 33 141  3.5 0.25  1.5  2.5  0.9-0.133E+00 0.125E+00 0.662E+00 0.551E+00
170902 1355 23.97 47 54.66 105 37.36   20.5    0.0 40  92 15.4 0.25  1.6  2.4  1.1 0.120E+00-0.895E+00-0.244E+00 0.611E+00
170902 1409 43.85 47 54.35 105 36.91   20.9    1.0 48  91 15.0 0.29  1.8  2.7  1.3 0.201E+00-0.977E+00-0.604E+00 0.763E+00
170902 2133 32.06 47 54.21 105 37.50   20.2    0.0 44  91 14.5 0.29  1.8  2.7  1.3 0.112E+00-0.110E+01-0.331E+00 0.701E+00
170904 1102 56.25 47 43.16 106  5.27    6.9    3.0 61  54  1.4 0.27  1.2  1.9  0.9-0.997E-01 0.292E+00-0.957E-01 0.709E+00
170905 1134 29.95 47 41.18 105 58.01   24.4    1.0 46  65 10.8 0.35  2.0  2.8  1.4-0.160E+00 0.708E+00-0.147E+00 0.873E+00
170905 1612 40.20 47 41.03 105 58.34   22.0    0.0 36  65 10.5 0.17  1.3  2.0  0.9-0.264E+00 0.143E+00 0.724E-01 0.471E+00
170905 1846 59.68 47 43.30 106  4.79    1.3    0.0 41  61  2.0 0.36  1.7  4.1  1.2-0.372E+00 0.867E+00-0.817E+00 0.850E+00
170907 2250  3.92 47 49.70 106 44.34    4.1    0.0 59  68  3.4 0.44  2.0  4.0  1.5 0.257E+00 0.874E+00-0.723E-01 0.105E+01
170908 2256 31.43 47 47.38 106 44.60    7.9    1.0 57  37  4.4 0.38  1.7  2.9  1.3 0.230E+00-0.717E+00-0.366E+00 0.919E+00
170912 1824 10.18 47 34.20 106 24.74    5.0    0.0 49  71 12.5 0.39  1.9  7.1  1.5-0.216E+00-0.879E+00 0.250E+01 0.955E+00
170912 2210 51.76 47 39.02 105 40.69    0.1    0.0 22  86 14.0 0.54  3.8 55.7  3.1-0.209E+01-0.101E+03 0.540E+02 0.114E+01
170915 0927 25.51 47 45.25 106 42.52    5.1    0.0 54  64  9.1 0.48  2.6  7.4  1.9 0.670E+00 0.202E+01 0.661E+01 0.115E+01
170921 1953  1.08 47 58.45 106 59.88   21.2    1.0 64 117 21.0 0.29  1.7  1.4  1.2 0.734E-01-0.140E+00-0.766E-01 0.765E+00
170925 1627 29.78 47 41.54 105 59.14    0.3    1.0 67  51  9.3 0.26  1.1  5.4  0.8-0.422E-01 0.102E+01 0.249E+00 0.656E+00
170926 2201  9.12 47 33.31 106 50.05    6.8    0.0 62 100 10.7 0.34  1.5  3.9  1.1-0.783E-01 0.538E+00-0.845E+00 0.853E+00
170928 0919 23.42 47 47.29 106 44.75   10.3    1.0 50  63 22.4 0.46  2.3  5.0  1.8 0.891E-02-0.160E+01 0.719E+00 0.112E+01
171003 2026 15.00 47 39.20 105 40.44    3.0    0.0 45  87 13.7 0.32  1.8 16.9  1.5-0.188E+00-0.119E+02 0.364E+01 0.756E+00
171007 0824 16.68 47 33.03 106  9.78    6.4    0.0 64  60 11.6 0.30  1.3  3.9  1.1-0.988E-01-0.277E+00-0.124E-01 0.766E+00
171008 0925 22.60 47 44.41 106 41.91    6.5    1.0 66  38 10.8 0.37  1.6  2.8  1.3 0.189E+00-0.938E-01 0.300E+00 0.934E+00
171011 1932  9.14 47 31.78 106  0.85   18.0    0.0 36  99 10.5 0.18  1.2  2.1  1.0-0.158E+00-0.146E-01-0.130E+00 0.488E+00
171013 0105 43.41 47 43.30 106  4.93    4.8    0.0 28 134  1.8 0.27  2.3  2.6  1.5-0.170E+01 0.809E+00-0.107E+01 0.626E+00
171014 1746 17.11 47 39.18 105 48.41    7.8    2.0 65  56 17.2 0.29  1.3  2.4  1.0 0.307E-01 0.149E+00-0.108E+00 0.763E+00
171015 0038 50.16 47 47.09 105 49.18   24.5    1.0 56  77 11.3 0.31  1.5  2.0  1.1-0.165E-01-0.378E+00-0.654E-01 0.710E+00
171015 0200 33.54 47 47.26 105 49.02   24.3    1.0 57  78 11.1 0.27  1.4  1.9  1.0 0.207E-01-0.317E+00-0.762E-01 0.687E+00
171015 1028 54.27 47 41.12 105 59.38    6.1    0.0 38  95  9.2 0.22  1.3  3.6  0.9-0.226E+00 0.471E+00 0.116E+00 0.593E+00
171016 0959  6.73 47 43.60 106  0.17    7.6    0.0 28  73  7.7 0.07  0.7  1.3  0.5-0.705E-01 0.776E-01-0.462E-01 0.235E+00
171017 0439 11.49 47 43.13 106 41.86    9.3    0.0 42  52 14.6 0.28  1.4  3.4  1.2 0.184E+00-0.483E+00 0.346E+00 0.610E+00
171017 0543 32.28 47 39.14 105 48.32    0.0    1.0 48  65 17.1 0.34  1.7 30.8  1.3-0.246E-02-0.902E+01 0.300E+01 0.807E+00
171017 0543 33.67 47 39.17 105 48.36    3.0    1.0 38  65 17.1 0.23  1.2  7.6  1.0-0.645E-01-0.214E+01 0.867E+00 0.541E+00
171017 2217 20.72 47 39.16 105 48.59    0.1    1.0 62  64 17.3 0.22  0.9 17.1  0.7 0.915E-02-0.111E+01 0.832E+00 0.547E+00
171018 1128 56.39 47 39.06 106 19.71   16.3    0.0 35  65 15.7 0.11  0.8  1.2  0.7-0.139E-01 0.165E+00 0.224E+00 0.337E+00
171018 1905  1.90 47 39.29 105 48.27    5.2    0.0 29  99 16.9 0.19  1.3  5.8  1.0-0.160E+00-0.215E+01 0.451E+00 0.530E+00
171031 1302 36.32 47 41.06 106 27.41   10.4    0.0 54  54  7.6 0.23  1.1  1.8  0.8 0.163E-01-0.146E+00 0.409E+00 0.620E+00
171101 0837 37.49 47 40.87 106 37.57    5.9    2.0 70  37  7.9 0.29  1.1  2.0  0.9 0.641E-01-0.328E+00-0.278E-01 0.704E+00
171104 0208 35.37 47 57.10 106 30.89    8.5    0.0 34 120 12.9 0.12  1.2  1.3  0.9-0.408E+00 0.106E+00-0.255E+00 0.361E+00
171107 1516 34.32 47 30.26 105 34.34    0.9    1.0 68 106  8.4 0.39  1.9  4.5  1.5 0.254E+00 0.234E+01 0.290E+00 0.959E+00
171114 2202 24.47 47 39.22 105 39.96    3.7    1.0 67  88 13.6 0.29  1.4  6.2  1.1 0.336E-01-0.188E+01 0.344E+00 0.761E+00
171124 1748 19.44 47 41.40 105 59.74    4.1    0.0 30 125  8.6 0.16  1.4  3.5  1.0-0.533E+00 0.700E+00-0.233E+00 0.463E+00
171124 2304  5.09 47 41.38 105 49.49   20.7    0.0 62  61 15.1 0.32  1.6  2.4  1.3-0.167E+00-0.784E+00-0.715E-03 0.753E+00
171126 0011 18.46 47 53.66 106 35.60    4.3    0.0 25 125 17.8 0.21  2.7  2.9  2.0-0.233E+01 0.186E+00 0.505E+00 0.590E+00
171126 0013 17.21 47 57.29 106 32.11    9.0    0.0 47  43  5.3 0.19  1.1  1.5  0.9-0.486E-01-0.375E+00-0.168E+00 0.525E+00
171126 0019 46.19 47 57.18 106 32.78    8.8    0.0 27  83  4.5 0.13  1.7  1.6  1.5-0.932E+00 0.206E+00-0.381E+00 0.376E+00
171126 0022  8.66 47 57.25 106 32.31    8.3    0.0 35 100  5.0 0.25  1.8  2.2  1.5-0.351E+00-0.634E+00-0.403E-01 0.623E+00
171126 0037 16.86 47 57.69 106 33.08   10.3    0.0 23 200  5.1 0.12  2.4  1.6  2.0-0.938E+00 0.696E-01 0.989E-02 0.355E+00
171126 0040  1.50 47 57.54 106 31.86    8.4    0.0 35  75  5.8 0.20  1.5  1.9  1.2-0.378E+00-0.357E-01-0.181E+00 0.540E+00
171126 0121 37.09 47 57.29 106 32.82    7.8    0.0 27  92 14.8 0.12  1.4  2.1  1.2-0.407E+00-0.872E+00-0.931E-01 0.362E+00
171127 0800 43.87 47 35.97 106 10.80   13.1    1.0 72  57 14.0 0.23  1.0  1.9  0.8-0.608E-01-0.687E-01 0.161E+00 0.620E+00
171127 0832 59.80 47 57.01 106 33.08   11.4    0.0 13 117  4.1 0.14  1.9  2.9  1.5-0.633E+00-0.158E+01 0.106E+01 0.422E+00
171128 0357 27.75 47 42.00 106 49.22    0.0    1.0 73  44 13.6 0.39  1.5 21.9  1.1 0.471E-01-0.862E+00 0.122E+01 0.968E+00
171128 1435  8.20 47 58.21 106 31.28    9.4    0.0 25 126  7.2 0.07  1.1  1.1  0.9-0.284E+00-0.487E-01 0.108E+00 0.243E+00
171128 2254 43.44 47 58.09 106 31.03    9.7    0.0 27 123  7.3 0.07  1.1  1.1  0.9-0.173E+00-0.130E+00-0.209E-01 0.249E+00
171129 0231 52.49 47 58.38 106 30.26    8.1    0.0 30 165 14.3 0.14  1.6  2.0  1.3-0.602E+00 0.407E+00-0.855E+00 0.401E+00
171129 0618 15.43 47 58.27 106 30.98    9.9    0.0 28 125 14.7 0.08  1.1  1.1  0.9-0.202E+00 0.782E-01 0.950E-01 0.271E+00
171129 0807 33.81 47 41.80 106 49.16    0.0    1.0 70  43 13.9 0.33  1.3 18.6  1.0 0.498E-01-0.153E+01 0.584E+00 0.821E+00
171129 0853 21.53 47 58.36 106 31.31   10.0    0.0 26 124 15.0 0.12  1.3  1.6  1.0-0.286E+00-0.407E-01-0.125E+00 0.363E+00
171204 1700 25.58 47 58.21 106 31.44    9.6    0.0 24 127  7.1 0.10  1.5  1.4  1.2-0.510E+00 0.949E-01 0.339E-01 0.305E+00
171204 1958 34.08 47 58.39 106 30.42    9.4    0.0 32  99  8.2 0.18  1.7  2.1  1.4-0.577E+00-0.567E+00-0.289E+00 0.495E+00
171205 0527 30.78 47 58.17 106 31.86   10.0    0.0 37 139 15.2 0.29  2.3  2.6  1.6-0.103E+01-0.111E+01-0.649E+00 0.723E+00
171205 1047 49.59 47 41.45 105 59.18    0.9    0.0 37  96  9.3 0.22  1.3  9.5  1.0-0.261E+00 0.153E+01 0.297E+00 0.603E+00
171206 0051 14.50 47 58.27 106 30.98   10.1    0.0 54  79  7.5 0.27  1.5  1.8  1.1-0.378E+00-0.278E+00-0.225E+00 0.712E+00
171206 0058  0.57 47 58.19 106 30.65    8.9    0.0 69  42  7.7 0.23  1.0  1.5  0.8-0.106E+00-0.102E+00-0.262E+00 0.619E+00
171206 0957 25.74 47 58.18 106 31.10    8.8    0.0 18 181 14.6 0.09  1.9  1.6  1.7-0.597E-01-0.210E-01 0.337E+00 0.294E+00
171206 1823 47.22 47 58.07 106 31.22    9.5    0.0 25 124  7.1 0.11  1.6  1.6  1.3-0.599E+00 0.911E-01 0.174E-01 0.329E+00
171207 0815 36.26 47 58.45 106 30.85    9.5    0.0 68  42  7.9 0.27  1.2  1.6  0.9-0.176E+00-0.197E+00-0.289E+00 0.694E+00
171207 2332 26.79 47 58.42 106 30.19    9.9    0.0 37 117  8.4 0.24  1.9  2.0  1.5-0.135E+00 0.261E+00-0.107E+00 0.643E+00
171208 0334 22.70 47 58.34 106 31.05    9.2    0.0 46 122  7.6 0.38  2.2  2.8  1.6-0.670E+00-0.208E+01-0.411E+00 0.870E+00
171210 0001 31.29 47 58.62 106 31.11   11.4    1.0 25 132 15.3 0.15  2.1  2.2  1.7-0.936E+00-0.102E+01 0.240E+00 0.437E+00
171210 0844 53.19 47 58.28 106 30.57    9.9    0.0 48  48  7.9 0.22  1.2  1.6  1.0-0.215E+00-0.748E-01-0.141E+00 0.594E+00
171210 0911  7.18 47 58.85 106 33.48    9.6    1.0 65  53  6.8 0.28  1.2  1.8  0.9-0.160E+00-0.360E+00-0.344E+00 0.688E+00
171210 1343 37.02 47 58.27 106 30.62   10.3    0.0 60  42  7.9 0.23  1.1  1.5  0.8-0.131E+00-0.910E-01-0.228E+00 0.623E+00
171210 1557 38.43 47 58.15 106 30.49   10.9    0.0 22 173 14.1 0.13  2.9  1.8  2.6-0.109E+01 0.141E+00-0.359E-03 0.382E+00
171210 2321 10.34 47 43.85 106  0.11    8.1    0.0 34  68  7.9 0.15  1.0  2.2  0.8-0.199E+00 0.121E+00-0.229E-01 0.421E+00
171211 0021 40.09 47 58.33 106 29.97    9.3    0.0 37  95  8.5 0.18  1.6  1.6  1.3-0.369E+00 0.149E+00-0.210E+00 0.499E+00
171211 0714  6.84 47 58.27 106 31.55    9.4    0.0 26 108  7.1 0.10  1.2  1.4  1.0-0.246E+00 0.822E-01-0.266E+00 0.304E+00
171211 1009 30.35 47 58.26 106 30.71    9.8    0.0 37  89  7.8 0.15  1.3  1.4  1.1-0.379E+00-0.272E+00-0.841E-01 0.416E+00
171211 1145 33.72 47 58.35 106 30.53    8.9    0.0 46  55  8.0 0.25  1.6  1.9  1.3-0.340E+00 0.202E+00-0.373E+00 0.660E+00
171211 1441 51.44 47 58.17 106 30.70    9.2    0.0 58  76  7.7 0.24  1.2  1.6  0.9-0.214E+00-0.149E+00-0.102E+00 0.615E+00
171211 1607 26.55 47 58.10 106 30.39    7.5    0.0 25 169  7.9 0.17  2.0  2.5  1.7-0.231E+00-0.388E+00 0.572E+00 0.485E+00
171211 1816  0.89 47 58.24 106 30.83    8.8    0.0 67  42  7.6 0.28  1.3  1.8  1.0-0.163E+00-0.196E+00-0.346E+00 0.742E+00
171212 1116 32.30 47 58.57 106 31.48   10.0    0.0 29 133  7.7 0.14  1.7  1.7  1.4-0.383E+00-0.225E+00 0.231E+00 0.407E+00
171212 2340 58.01 47 58.39 106 30.93   10.4    0.0 37  80  7.7 0.17  1.3  1.6  1.1-0.355E+00-0.162E-01-0.278E+00 0.482E+00
171213 2251 46.62 47 58.35 106 30.79   10.1    0.0 53  78  7.8 0.31  1.6  2.0  1.2-0.356E+00-0.339E+00-0.193E+00 0.768E+00
171213 2355 26.64 47 58.29 106 30.81    9.8    0.0 53  78  7.7 0.31  1.6  2.1  1.2-0.352E+00-0.343E+00-0.190E+00 0.768E+00
171214 1906 53.23 47 58.34 106 30.51    9.5    0.0 30 124  8.1 0.16  1.6  2.0  1.3-0.418E+00-0.542E+00 0.205E+00 0.456E+00
171215 0102 46.89 47 58.25 106 30.81   10.6    0.0 15 179 14.5 0.07  2.1  1.5  1.9-0.399E+00 0.260E+00 0.187E+00 0.268E+00
171215 1352 16.33 47 58.64 106 31.68   10.5    0.0 24 135 15.7 0.20  3.0  2.5  2.4-0.279E+01-0.115E+00-0.734E-01 0.558E+00
171217 1720 14.51 47 58.21 106 31.19   10.3    0.0 36  84  7.3 0.12  1.2  1.2  1.1-0.385E+00-0.250E-02-0.400E-01 0.357E+00
171219 1900 11.28 47 43.87 106  0.14    9.0    0.0 55  57  7.9 0.27  1.2  2.7  0.9-0.214E+00 0.170E+00-0.618E-01 0.627E+00
171219 2228 48.26 47 58.02 106 31.54   10.1    0.0 23 132 14.7 0.14  2.5  2.2  2.1-0.183E+01-0.845E+00 0.490E+00 0.413E+00
171220 1954 56.50 47 58.88 106 30.82    9.3    0.0 25 134  8.5 0.15  2.1  1.9  1.7-0.133E+01-0.153E+00 0.320E-01 0.416E+00
171220 2235 56.08 47 58.24 106 30.68    8.6    1.0 65  42  7.8 0.19  0.9  1.3  0.7-0.866E-01 0.586E-02-0.237E+00 0.521E+00
171220 2239 50.80 47 58.13 106 31.51    9.3    0.0 26 126  6.9 0.17  2.0  2.1  1.6-0.991E+00 0.801E-02-0.107E+00 0.456E+00
171220 2255 54.90 47 57.93 106 30.89    9.9    0.0 24 174  7.2 0.09  1.6  1.4  1.3-0.221E+00 0.101E+00 0.807E-02 0.298E+00
171221 1354 10.40 47 58.29 106 30.74    9.6    1.0 70  42  7.4 0.27  1.1  1.6  0.8-0.112E+00-0.315E-01-0.332E+00 0.701E+00
171221 1747  2.72 47 58.30 106 31.39    8.8    0.0 26 128  7.2 0.13  1.9  2.1  1.6-0.988E+00-0.141E+01 0.682E+00 0.372E+00
171222 1208 59.48 47 58.45 106 30.63    9.0    0.0 51  63  7.1 0.21  1.3  1.5  1.1-0.263E+00 0.111E+00-0.208E+00 0.571E+00
171223 1143 11.22 47 58.22 106 31.16   10.7    0.0 28 126  7.3 0.13  1.4  1.6  1.2-0.161E+00 0.244E+00-0.287E-01 0.372E+00
171223 1950 24.88 47 58.28 106 31.10   10.4    0.0 25 126 14.8 0.09  1.3  1.3  1.1-0.444E+00-0.160E-01-0.577E-01 0.290E+00
171224 1027 39.87 47 54.44 106 41.10    4.9    0.0 35  87  7.5 0.20  1.4  2.7  1.0-0.239E+00-0.541E-01 0.161E+00 0.528E+00
171224 2312  9.99 47 58.03 106 30.81    9.8    0.0 25 174  7.4 0.14  2.1  1.9  1.8-0.305E+00 0.186E+00 0.700E-02 0.398E+00
171225 1454 39.76 47 58.50 106 29.83    9.9    0.0 38  74  8.9 0.18  1.6  1.6  1.3-0.431E+00-0.756E-01-0.155E+00 0.502E+00
171228 1344 13.94 47 56.57 106 22.14   15.0    0.0 22 210 12.6 0.36 16.5  4.7 15.8-0.313E+02 0.369E+02-0.139E+02 0.760E+00
171229 0138  9.40 47 41.67 106 11.70    4.2    0.0 36 134  7.1 0.20  1.6  3.3  1.0-0.626E+00-0.470E+00 0.100E+01 0.547E+00
