 Date    Origin    Lat      Long      Depth    Mag No Gap Dmin  Rms  Erh  Erz  Erx      Cvxy      Cvxz      Cvyz     Oterr
120713 0209 55.68 46  6.19 100  3.54   10.1    3.0124  74  8.1 0.51  1.5  3.0  1.1 0.183E+00 0.640E+00-0.139E+00 0.120E+01
120714 0156 50.45 46  5.63 100 14.19   11.0    1.0102  85  9.2 0.39  1.4  2.8  1.0 0.152E+00 0.349E+00-0.365E+00 0.999E+00
120724 0617 58.75 45 55.08 100 36.35    4.6    1.0110  67 22.0 0.43  1.6  3.6  1.3 0.995E-01 0.732E+00-0.368E+00 0.110E+01
120804 0030 39.30 46 18.67  99 40.84    1.0    2.0132  70 40.2 0.43  1.3  3.8  0.9 0.201E+00 0.204E+00 0.520E+00 0.110E+01
120812 0345 43.46 46 36.10  98 42.49    0.1    1.0116  65 38.4 0.45  1.5  5.8  1.1 0.265E+00-0.604E+00 0.315E+00 0.115E+01
120812 0349  3.85 46 35.68  98 42.31    0.9    1.0117  55 38.1 0.38  1.2  4.7  1.0 0.238E+00-0.544E+00 0.177E+00 0.980E+00
120813 0729 43.11 46 27.52  99 41.64    1.3    2.0120  64 49.1 0.42  1.3 32.2  1.0 0.170E+00 0.465E+01-0.963E+00 0.109E+01
120820 1816 28.41 46 12.61  99 57.80    8.6    1.0120  71 15.7 0.41  1.3  2.3  1.0 0.200E+00 0.421E+00 0.136E+00 0.106E+01
120828 1810  3.97 46 22.09  99 56.58    6.8    3.0130  66 29.2 0.35  1.0  2.3  0.8 0.122E+00 0.234E+00 0.103E+00 0.920E+00
120907 1550 16.47 47  0.79  98 22.57    0.0    1.0124  41 31.3 0.39  1.1  5.0  0.9 0.208E-01-0.622E+00 0.382E+00 0.100E+01
120910 1230 13.58 46 39.33  99 33.40   15.3    3.0134  58 40.4 0.47  1.3  2.9  1.0 0.182E+00 0.265E+00 0.544E-01 0.120E+01
120911 0313 33.51 46 38.41  99  9.82    1.6    3.0133  40 33.4 0.42  1.1  4.4  0.9 0.143E+00 0.472E+00 0.385E+00 0.105E+01
120911 0316 28.17 46 38.19  99 10.32    5.9    1.0111  41 33.2 0.37  1.2  4.1  0.9 0.193E+00-0.522E+00 0.204E-01 0.990E+00
120911 0702 29.48 46 38.59  99  9.80    5.3    1.0118  65 33.7 0.36  1.1 11.8  0.8 0.166E+00-0.998E+00-0.502E+00 0.956E+00
120912 0715 36.14 46  4.35 100 37.93    6.2    1.0 98  67 20.0 0.37  1.4  3.4  1.1 0.103E+00 0.775E+00-0.305E+00 0.949E+00
120924 2117 31.00 47  0.98  98 22.85    5.1    1.0132  41 32.5 0.43  1.2  2.7  0.9 0.470E-01-0.236E+00 0.267E+00 0.107E+01
121003 2223 19.78 46 48.95  98  3.01   16.2    5.0129  40  2.8 0.55  1.7  2.1  1.4 0.528E-01-0.465E+00 0.334E+00 0.135E+01
121006 0244 49.35 46 49.54  98  2.28    7.9    1.0106  56  4.0 0.46  1.5  2.7  1.2-0.306E-01-0.736E+00 0.267E+00 0.114E+01
121006 1105 53.57 46 49.16  98  3.03    0.0    2.0126  40  2.9 0.45  1.3  3.4  1.1 0.712E-01 0.141E+00-0.897E-01 0.112E+01
121006 1217 32.62 46 48.66  98  3.89    0.0    2.0124  40  1.7 0.45  1.3  3.4  1.1 0.745E-01 0.608E-01-0.101E+00 0.112E+01
121006 1410 23.46 46 48.64  98  4.02    0.0    3.0124  40  1.6 0.46  1.4  3.4  1.1 0.738E-01 0.128E+00-0.130E+00 0.114E+01
121006 1524 41.11 46 49.25  98  4.05    0.0    2.0123  40  1.7 0.50  1.5  3.6  1.2 0.141E+00 0.147E+00-0.171E+00 0.124E+01
121007 0222  9.31 46 49.17  98  3.24    2.1    2.0118  40  2.6 0.46  1.5  2.9  1.2 0.205E+00-0.600E-01 0.313E+00 0.116E+01
121007 0305 34.62 46 49.04  98  3.63    6.0    2.0114  40  2.1 0.48  1.5  2.8  1.2 0.179E-01-0.483E+00 0.320E+00 0.118E+01
121007 1116  9.09 46 49.54  98  3.12    7.4    2.0107  82  3.0 0.43  1.5  2.6  1.2 0.117E+00-0.372E+00 0.578E-01 0.111E+01
121007 1357 19.68 46 49.38  98  2.97    6.4    2.0112  82  3.1 0.47  1.6  2.9  1.2 0.223E+00-0.508E+00 0.134E+00 0.115E+01
121008 0250 33.01 46 49.27  98  3.45    0.0    2.0121  57  2.4 0.45  1.4  3.3  1.1 0.423E-01 0.447E-01-0.458E-01 0.114E+01
121008 1653 24.98 46 49.05  98  3.29    8.2    1.0116  40  2.5 0.43  1.4  2.0  1.1 0.282E-01-0.368E+00 0.206E+00 0.112E+01
121009 1735 45.29 46 49.82  98  3.49    0.0    1.0109  76  2.9 0.45  1.5  3.9  1.2 0.147E+00 0.731E-01 0.527E-01 0.114E+01
121012 1628 54.36 46 49.46  98  3.27    0.0    2.0123  40  2.8 0.45  1.4  3.6  1.1 0.787E-01 0.359E-01 0.725E-01 0.114E+01
121015 0915 38.54 46 49.95  98  2.71    0.5    1.0 96  82  3.8 0.44  1.6  4.7  1.2 0.208E+00 0.394E+00-0.292E+00 0.111E+01
121016 0401 36.66 46 49.23  98  3.42    7.5    1.0 93  57  2.4 0.46  1.6  3.0  1.3 0.793E-01-0.569E+00 0.113E+00 0.115E+01
121017 0249 21.17 46 49.39  98  3.73    0.0    2.0126  40  2.2 0.47  1.4  3.5  1.1 0.975E-01 0.169E-01 0.530E-01 0.115E+01
121018 1036  8.61 46 49.61  98  3.52    0.0    2.0115  40  2.6 0.54  1.6  3.6  1.3 0.167E+00 0.405E-01 0.411E-03 0.125E+01
121027 0135  6.85 46 49.13  98  3.44    6.4    1.0121  40  2.4 0.44  1.4  2.5  1.1 0.545E-01-0.327E+00 0.191E+00 0.113E+01
121027 1851 36.81 46 48.94  98  3.64    0.0    1.0126  40  2.0 0.44  1.3  3.4  1.0 0.760E-01 0.230E-02 0.108E+00 0.108E+01
121029 0425 25.84 46 49.34  98  3.80    6.5    1.0109  40  2.1 0.45  1.5  2.3  1.2 0.140E+00-0.414E+00 0.287E+00 0.113E+01
121101 0652 29.99 46 43.69  99  7.48    0.0    1.0 96  67 37.4 0.39  1.4 42.0  1.0 0.295E+00-0.883E+01-0.187E+01 0.103E+01
121101 1530 47.67 46 48.68  98  4.24    0.0    1.0103  67  1.3 0.41  1.4  3.5  1.1 0.182E+00 0.516E-01 0.120E+00 0.102E+01
121101 1656  4.14 46 44.08  99  8.32    6.0    1.0 98  74 36.2 0.41  1.4 24.2  1.1 0.353E+00-0.127E+01 0.355E+00 0.106E+01
121103 0852 40.79 46 48.96  98  3.04    8.6    1.0111  57  2.8 0.46  1.5  2.3  1.2 0.455E-01-0.414E+00 0.166E+00 0.110E+01
121108 2009 48.15 46 49.46  98  2.87    7.8    1.0109  56  3.2 0.40  1.4  2.5  1.1 0.365E-01-0.673E+00 0.164E+00 0.104E+01
121108 2302  1.58 46 49.39  98  3.01    5.5    2.0126  40  3.0 0.48  1.4  3.0  1.2 0.492E-01-0.371E+00 0.302E+00 0.118E+01
121110 1407 33.27 46 49.31  98  3.90    0.0    1.0119  40  1.9 0.45  1.4  3.7  1.1 0.119E+00 0.828E-01 0.261E-01 0.112E+01
121112 0749 50.70 46 49.41  98  3.81    4.3    2.0116  40  2.1 0.45  1.4  4.3  1.1 0.104E+00 0.140E+00 0.665E-01 0.112E+01
121112 1526 59.59 46 49.29  98  3.85    0.0    1.0113  40  2.0 0.41  1.3  3.5  1.1 0.106E+00 0.328E-01 0.287E-01 0.106E+01
121113 1814 48.03 46 48.77  98  3.17    0.0    1.0117  40  2.6 0.41  1.3  3.4  1.0 0.113E+00 0.192E-01 0.784E-01 0.105E+01
121114 0652 51.49 46 49.25  98  3.02    5.3    2.0121  40  2.9 0.44  1.3  3.2  1.1 0.108E+00 0.116E+00-0.918E-01 0.109E+01
121117 2218 21.95 46 49.18  98  3.25    0.0    1.0117  40  2.6 0.42  1.3  3.8  1.1 0.105E+00 0.904E-01 0.487E-01 0.106E+01
121118 2222 25.16 46 49.03  98  3.50    6.6    2.0124  40  2.2 0.45  1.4  2.6  1.1 0.524E-01-0.326E+00 0.223E+00 0.114E+01
121121 0323 42.46 46 44.75  99 13.41   10.8    2.0128  40 31.8 0.46  1.3  4.0  1.0 0.172E+00-0.377E+00 0.224E+00 0.116E+01
121121 0845  2.91 46 49.96  99 10.44    7.4    2.0125  33 26.0 0.43  1.2  4.2  0.9 0.161E+00-0.396E+00 0.294E+00 0.108E+01
121123 0705 28.66 46 49.23  98  3.60    7.3    1.0118  40  2.2 0.46  1.5  2.4  1.2 0.634E-01-0.451E+00 0.296E+00 0.115E+01
121124 1112 49.04 46 49.23  98  2.95   15.0    2.0125  40  3.0 0.51  1.6  2.4  1.3 0.162E-01-0.691E+00 0.178E+00 0.127E+01
121127 1044 12.53 46 49.52  98  3.49    0.1    1.0112  56  2.6 0.48  1.5  3.9  1.2 0.134E+00-0.275E-01 0.121E+00 0.118E+01
121128 0518 19.72 46 48.79  98  3.66    0.0    3.0127  40  2.0 0.44  1.2  2.9  1.0 0.587E-01 0.529E-01-0.726E-01 0.105E+01
121128 0549 50.48 46 48.76  98  3.19    5.3    2.0128  40  2.6 0.49  1.4  3.1  1.1 0.341E-01-0.360E+00 0.239E+00 0.114E+01
121128 1229  6.24 46 49.20  98  3.42    0.3    1.0117  40  2.4 0.42  1.3  3.7  1.1 0.123E+00 0.890E-01 0.340E-01 0.108E+01
121204 1735 58.68 46 49.37  98  3.66    6.0    2.0127  40  2.3 0.49  1.4  2.8  1.1 0.679E-01-0.186E+00 0.115E+00 0.119E+01
121206 1213  3.78 46 49.62  98  2.74    7.2    2.0120  40  3.5 0.45  1.4  2.9  1.1 0.104E+00-0.430E-01 0.297E+00 0.113E+01
121212 2315 57.83 46 49.08  98  3.19    7.2    1.0125  40  2.6 0.42  1.2  2.1  1.0 0.485E-01-0.203E+00 0.140E+00 0.104E+01
121214 1504  2.39 46 48.14  99  2.44   14.8    3.0132  33 35.7 0.50  1.3  3.5  1.0 0.159E+00-0.241E+00 0.349E+00 0.122E+01
121216 1553  7.20 46 49.24  98  3.08    1.3    1.0119  40  2.8 0.47  1.5  3.8  1.2 0.132E+00-0.383E-01 0.765E-01 0.118E+01
121218 0506 15.92 46 49.20  98  3.71    3.5    2.0123  40  2.1 0.48  1.4  3.1  1.2 0.662E-01-0.154E+00 0.297E+00 0.120E+01
121222 1330 31.99 46 49.24  98  3.10   10.5    2.0125  40  2.8 0.42  1.3  1.9  1.0 0.307E-01-0.354E+00 0.176E+00 0.105E+01
121229 1704 45.97 46 49.43  98  2.98    6.9    1.0120  40  3.1 0.47  1.4  2.3  1.2 0.312E-01-0.416E+00 0.258E+00 0.116E+01
130103 0445  1.42 46 48.82  98  3.25   15.0    3.0127  40  2.5 0.53  1.6  2.3  1.3 0.149E-01-0.674E+00 0.251E+00 0.127E+01
130103 1040 27.82 46 48.97  98  3.04    8.0    1.0111  57  2.8 0.43  1.4  2.3  1.1 0.966E-01-0.439E+00 0.100E+00 0.109E+01
130105 0612 49.35 46 18.28  99 48.08    5.2    4.0125  70 31.8 0.50  1.4  4.4  1.0 0.221E+00 0.460E+00 0.329E+00 0.120E+01
130105 1039 18.67 46 18.44  99 47.86    3.4    1.0126  69 32.2 0.45  1.4  3.6  1.0 0.208E+00 0.324E+00 0.526E+00 0.113E+01
130105 1342 46.82 46 18.46  99 47.84   15.0    4.0130  69 32.2 0.50  1.5  2.4  1.1 0.174E+00 0.557E+00-0.149E+00 0.122E+01
130105 1405  6.17 46 18.65  99 48.70    0.1    2.0122  69 31.5 0.43  1.3  5.1  1.0 0.204E+00 0.634E+00-0.152E-01 0.111E+01
130105 1546 17.59 46 18.35  99 48.28    2.5    2.0130  69 31.7 0.42  1.3  3.5  0.9 0.190E+00 0.259E+00 0.415E+00 0.109E+01
130105 1557  3.05 46 18.09  99 48.09   15.0    3.0132  70 31.6 0.45  1.3  2.2  1.0 0.160E+00 0.347E+00-0.103E+00 0.111E+01
130105 2049 36.22 46 18.94  99 49.50    5.9    1.0114 101 31.0 0.47  1.5  5.2  1.1 0.324E+00 0.972E+00-0.326E+00 0.119E+01
130105 2224  6.56 46 49.32  98  3.58    5.0    1.0124  40  2.3 0.47  1.4  2.8  1.1 0.691E-01-0.110E-01 0.994E-01 0.117E+01
130106 0704 52.02 46 49.43  98  3.35    6.3    2.0114  40  2.6 0.41  1.4  2.6  1.1 0.185E+00-0.634E-01 0.224E+00 0.105E+01
130107 0815 19.90 46 49.30  98  3.12    7.1    1.0 99  83  2.8 0.43  1.5  3.1  1.2 0.149E+00-0.385E+00-0.158E+00 0.108E+01
130112 0349 51.48 46 49.51  98  2.84    0.0    1.0114  56  3.3 0.45  1.5  3.6  1.2 0.215E+00 0.122E+00 0.103E+00 0.112E+01
130116 0239 30.37 46 49.24  98  2.90    3.6    2.0121  40  3.1 0.44  1.4  2.7  1.1 0.110E+00-0.475E-01 0.124E+00 0.111E+01
130117 0052 14.57 46 17.70 100  0.41    0.0    1.0108  82 19.7 0.41  1.4  6.0  1.0 0.240E+00 0.713E+00-0.234E+00 0.105E+01
130117 0901 57.44 46 18.63  99 49.22    0.7    2.0124  69 31.0 0.41  1.3  5.1  0.9 0.212E+00 0.624E+00 0.220E-01 0.105E+01
130119 2258 40.61 46 18.70  99 48.09    0.0    1.0120  69 32.2 0.37  1.2  4.7  0.9 0.179E+00 0.488E+00 0.518E-02 0.973E+00
130124 2259 12.23 46 18.61  99 48.90    0.9    2.0127  69 31.3 0.41  1.2  4.7  0.9 0.196E+00 0.608E+00 0.969E-01 0.106E+01
130204 1749 24.55 46  5.98 100 21.04    0.1    2.0125  69 16.8 0.47  1.5  3.5  1.1 0.119E+00 0.576E+00-0.985E-02 0.118E+01
130209 0536 54.66 46 49.03  98  3.48    0.0    2.0126  41  2.2 0.43  1.3  3.0  1.1 0.727E-01 0.100E+00-0.290E-01 0.107E+01
130211 2120  1.44 46 48.97  98  3.49    8.2    3.0125  40  2.2 0.49  1.5  2.1  1.2 0.207E-01-0.475E+00 0.163E+00 0.119E+01
130213 2322 14.57 46 49.14  98  3.01    9.8    1.0116  41  2.9 0.46  1.5  2.4  1.2 0.217E-01-0.566E+00 0.319E+00 0.115E+01
130214 0122 13.09 45 59.41 100 27.16    7.5    2.0121  70 29.5 0.48  1.4  4.2  1.1 0.103E+00 0.491E+00-0.243E+00 0.114E+01
130216 1108 14.91 46 49.47  98 48.11    3.9    2.0121  41 39.8 0.39  1.2  3.4  0.9 0.128E+00-0.494E+00 0.248E+00 0.102E+01
130217 1425 36.44 46 49.68  98  2.82    0.5    1.0101  56  3.5 0.43  1.5  4.7  1.2 0.108E+00 0.499E+00-0.267E+00 0.110E+01
130223 2147 34.01 46 49.76  98  3.45    9.8    1.0110  41  2.9 0.45  1.5  2.3  1.2 0.289E-01-0.489E+00 0.294E+00 0.112E+01
130223 2221 48.73 46 16.69  99 56.81   10.6    1.0118  69 21.2 0.44  1.4  2.9  1.0 0.157E+00 0.683E+00-0.193E+00 0.109E+01
130224 1359 15.25 46 51.20  98 27.73    8.4    2.0112  45 29.0 0.39  1.2  2.8  0.9 0.853E-01-0.192E+00 0.578E+00 0.101E+01
130228 2100 39.89 46 56.54  99  0.38    0.0    1.0125  29 31.2 0.42  1.2  5.3  0.9 0.165E+00 0.152E+00-0.891E-01 0.107E+01
130301 1013 50.13 46 49.49  98  3.24    9.0    1.0106  82  2.8 0.49  1.6  2.6  1.3 0.120E+00-0.622E+00 0.160E+00 0.119E+01
130308 1541 32.91 46 49.39  98  3.61    9.9    2.0109  57  2.3 0.42  1.3  2.8  1.1 0.157E-01-0.139E+00-0.148E+00 0.105E+01
130318 0815 13.34 46 27.23  99 59.40    0.0    1.0 83  72 36.2 0.40  1.5  4.8  1.1 0.262E+00 0.105E+01 0.687E-02 0.104E+01
130319 1950 39.04 46 49.18  98  3.65    3.5    2.0125  41  2.1 0.46  1.4  3.0  1.2 0.900E-01-0.113E+00 0.320E+00 0.116E+01
130323 0022 19.18 46 49.12  98  3.85    0.7    2.0119  57  1.8 0.45  1.4  3.1  1.2 0.622E-01 0.662E-01-0.918E-01 0.116E+01
130325 0859  6.24 46 19.21  99 48.60    0.0    1.0 64 107 32.2 0.39  1.7 48.6  1.2 0.383E+00 0.348E+01-0.107E+02 0.101E+01
130327 2307  6.03 46  3.38 100 32.16   10.0    2.0111  66 25.6 0.43  1.4  3.6  1.1 0.805E-01 0.939E+00-0.366E+00 0.108E+01
130329 2124 54.56 46 49.41  98  3.46    0.4    1.0119  53  2.5 0.46  1.4  3.6  1.2 0.126E+00 0.108E+00 0.436E-01 0.113E+01
130406 2034 35.06 46 49.48  98  2.90    7.2    1.0 99  56  3.2 0.45  1.5  2.7  1.2 0.130E+00-0.367E+00-0.609E-01 0.113E+01
130412 1822 42.34 46 49.16  98  3.40    0.7    2.0122  41  2.4 0.50  1.6  3.9  1.3 0.147E+00 0.145E+00 0.788E-01 0.125E+01
130417 0219 28.93 46  7.04 100 15.99    0.0    1.0 96 133 10.0 0.42  1.7 22.2  1.1 0.267E+00 0.860E+00-0.364E+01 0.110E+01
130418 2136 50.56 46 49.16  98  3.36    0.4    1.0117  41  2.5 0.42  1.4  3.5  1.1 0.133E+00 0.115E+00 0.460E-01 0.109E+01
130420 1726 14.21 46 54.94  98 30.38    0.2    2.0128  74 33.9 0.42  1.2  3.6  0.9 0.118E+00-0.481E-01 0.101E+00 0.105E+01
130425 1110 24.00 47  0.67  98 22.73    4.5    3.0124  41 33.0 0.43  1.2  2.8  1.0 0.497E-01-0.230E+00 0.330E+00 0.109E+01
130425 1235 35.55 47  0.94  98 22.56    4.6    2.0121  41 31.5 0.40  1.2  2.2  1.0 0.929E-01-0.521E-01 0.358E+00 0.103E+01
130426 0357 42.53 46 49.35  98  3.94    1.5    2.0115  41  1.9 0.46  1.4  3.7  1.2 0.752E-01 0.503E-01 0.313E-01 0.116E+01
130429 0603 24.75 46 51.07  98 45.94    3.7    2.0126  41 36.6 0.46  1.3  3.3  1.0 0.162E+00-0.446E-01 0.455E+00 0.116E+01
130501 0601 30.14 45 58.90 100 24.54   13.6    2.0106  83 27.4 0.39  1.4  1.6  1.1 0.138E+00 0.478E+00-0.785E-01 0.994E+00
130504 1547 44.90 46 49.42  98  2.88    6.7    2.0112  41  3.2 0.43  1.4  2.1  1.2 0.585E-01-0.336E+00 0.236E+00 0.107E+01
130504 2323 43.74 46 49.38  98  3.21    0.1    1.0118  41  2.8 0.44  1.4  3.5  1.1 0.529E-01 0.465E-01 0.705E-01 0.112E+01
130505 1437 55.05 46 49.50  98  2.35    7.6    2.0112  42  3.9 0.46  1.5  2.3  1.3 0.108E+00-0.308E+00 0.270E+00 0.116E+01
130505 2100 28.13 46 48.90  98  3.54    0.0    2.0121  41  2.1 0.45  1.4  3.4  1.1 0.945E-01-0.171E-02 0.710E-01 0.114E+01
130505 2133  1.47 46 24.50  99 23.11   10.1    1.0124  67 26.5 0.43  1.3  5.5  0.9 0.195E+00 0.548E+00 0.870E+00 0.109E+01
130519 1130  7.18 46 28.07  99 49.35   11.6    1.0 88 113 43.5 0.41  1.6  8.3  1.2 0.419E+00 0.128E+01-0.168E+01 0.106E+01
130524 2151 50.87 46 17.97 100 10.50    4.8    1.0111  80 17.2 0.37  1.2  2.9  0.9 0.193E+00 0.586E+00-0.103E+00 0.964E+00
130526 2225 54.72 46 49.43  98  3.61    6.3    2.0112  56  2.4 0.42  1.3  2.5  1.1 0.590E-01-0.235E+00-0.134E-01 0.107E+01
130617 1757  2.91 46  6.54 100 10.10    0.0    1.0121  72  4.5 0.45  1.4  3.8  1.1 0.160E+00 0.654E+00 0.102E+00 0.113E+01
130628 0239 41.29 46 49.70  98  3.28    0.0    1.0 95  66  3.0 0.44  1.7  3.8  1.4 0.194E+00 0.233E+00 0.108E+00 0.114E+01
130704 2211 49.61 46 49.30  98  2.72    4.6    1.0115  41  3.3 0.44  1.5  3.3  1.2 0.917E-01-0.864E-01 0.193E+00 0.110E+01
130712 0627  8.19 46 42.86  99 23.67    5.3    1.0 75  76 32.2 0.34  1.3 11.6  1.0 0.183E+00-0.114E+01 0.140E+00 0.913E+00
130715 0620 42.78 46 58.57  99 12.30    0.0    2.0108  41 15.6 0.40  1.2 23.4  0.9 0.213E+00 0.178E+00 0.174E+01 0.103E+01
130717 0657  9.49 46 50.75  98 23.49    0.0    1.0 81 124 23.5 0.40  1.8  5.7  1.4 0.675E+00-0.103E+01 0.632E+00 0.104E+01
130719 2256 28.50 46 25.99  99 41.67    0.0    1.0114  65 47.1 0.44  1.4 52.4  1.1 0.241E+00 0.677E+01-0.182E+01 0.114E+01
130721 1850 54.70 46 50.52  98 59.27    1.3    2.0127  32 36.6 0.44  1.2  4.5  1.0 0.170E+00 0.761E+00 0.539E+00 0.109E+01
130802 1048 34.93 46 49.12  98  3.55    1.2    1.0 91  57  2.2 0.41  1.5  3.7  1.2 0.161E+00 0.385E+00-0.245E+00 0.106E+01
130803 0433 20.21 46 49.38  98  3.31    7.4    2.0121  41  2.7 0.49  1.6  2.5  1.3 0.159E+00-0.308E+00 0.209E+00 0.124E+01
130807 0952 19.08 46 49.57  98  2.97    0.1    1.0 93  61  3.2 0.46  1.8  4.2  1.5 0.383E+00 0.461E+00 0.179E+00 0.118E+01
130809 0302 28.02 46  6.76 100 18.78    8.1    1.0 82 134 13.6 0.41  1.8  5.5  1.2-0.263E-01 0.832E+00-0.132E+01 0.107E+01
130813 0008  9.70 46 11.78 100 36.85    9.2    1.0106  65 11.1 0.38  1.4  6.3  1.1 0.416E-01 0.260E+01-0.465E+00 0.100E+01
130815 2039  7.73 46 37.92  99  9.55   14.6    3.0129  40 32.5 0.44  1.2  3.1  1.0 0.160E+00-0.165E+00 0.666E-01 0.111E+01
130902 1138 50.88 46 12.23  99 58.66   10.3    1.0 86 107 14.4 0.44  1.7  4.6  1.3 0.373E+00 0.937E+00-0.165E+00 0.109E+01
130903 2046 26.97 46 49.00  98  3.46    0.1    1.0118  41  2.3 0.47  1.5  4.0  1.2 0.689E-01 0.198E+00 0.724E-01 0.118E+01
130907 1651 53.87 46 12.72  99 50.05    8.4    1.0102  73 25.0 0.44  1.5  9.7  1.2 0.172E+00 0.332E+01-0.172E+01 0.113E+01
130909 2353 58.52 46  4.82 100 10.19    6.5    1.0 91  89  7.5 0.45  1.7  4.7  1.3 0.314E+00 0.895E+00-0.418E-01 0.113E+01
130910 1746 24.62 46 49.22  98  3.17    0.8    2.0118  41  2.7 0.45  1.4  3.7  1.2 0.204E-01 0.393E+00-0.254E+00 0.112E+01
130913 0127  6.47 46 48.94  98  3.90    2.9    2.0 88  40  1.7 0.47  1.7  3.0  1.5-0.139E+00-0.190E+00 0.213E+00 0.114E+01
130921 0632 39.60 46  0.87 100 21.04    0.0    1.0 84  71 21.6 0.46  1.8 36.4  1.5 0.287E+00 0.670E+01-0.285E+01 0.116E+01
131009 2212 16.25 46 55.29  97 33.83   11.8    1.0106  74 31.9 0.43  1.7  1.9  1.5-0.796E-01-0.465E+00 0.256E+00 0.108E+01
131011 0157 41.91 46 49.42  98  3.40    7.2    2.0111  54  2.6 0.48  1.6  2.3  1.4 0.728E-01-0.554E+00 0.327E+00 0.119E+01
131104 0919  9.75 46 53.21  98 34.24    0.1    1.0 88 102 34.9 0.42  1.8  3.9  1.4 0.599E+00-0.567E+00 0.604E+00 0.107E+01
131114 1730 10.21 46  0.86 100 37.37   12.9    2.0112  65 21.9 0.55  1.9  1.7  1.5 0.260E-01 0.100E+01-0.159E+00 0.123E+01
131125 1014 45.35 46  6.88 100 10.27   15.0    4.0123  72  4.0 0.50  1.6  2.4  1.2 0.215E+00 0.397E+00 0.210E+00 0.123E+01
131214 0153 35.85 46 10.58 100  7.60   12.7    1.0101  70  3.7 0.42  1.5  2.6  1.2 0.249E+00 0.479E+00-0.397E+00 0.108E+01
140102 0045 59.76 46 11.35  99 51.13    0.0    2.0122  74 23.1 0.46  1.5  6.2  1.1 0.315E+00 0.852E+00 0.495E-01 0.119E+01
140105 1315  3.27 46  3.45 100 27.84   12.2    1.0 73 114 26.6 0.36  1.5  2.9  1.2 0.351E+00 0.569E+00-0.439E+00 0.932E+00
140113 1843 31.72 46 18.86  99 48.31   15.0    3.0122  69 32.2 0.51  1.5  2.6  1.2 0.297E+00 0.524E+00-0.159E+00 0.122E+01
140118 1422 34.58 46 38.89  99 24.77    3.0    2.0116  58 39.5 0.41  1.2 14.9  0.9 0.198E+00-0.412E+00-0.783E-01 0.105E+01
140126 1836  7.13 46 48.71  98  3.23    7.5    2.0102  45  2.5 0.45  1.6  2.1  1.3 0.180E+00-0.437E+00 0.245E+00 0.113E+01
140202 0346 51.14 46 23.15  99 23.36    9.3    3.0117  68 26.3 0.50  1.5  5.1  1.1 0.260E+00 0.613E+00 0.114E+01 0.124E+01
140206 1909 13.22 46 23.16  99 23.21    5.4    1.0111  68 26.1 0.46  1.5  9.7  1.1 0.305E+00-0.552E+00 0.865E+00 0.117E+01
140207 2322 26.45 46 23.54  99 22.73    0.0    1.0113  68 25.7 0.43  1.3 40.1  1.0 0.224E+00-0.691E+01-0.421E+01 0.111E+01
140212 0009 55.07 46 23.09  99 23.17   11.2    2.0115  68 26.1 0.46  1.4  4.6  1.1 0.242E+00 0.382E+00 0.975E+00 0.119E+01
140215 1847 32.09 46 22.92  99 23.27    8.5    2.0117  68 26.2 0.48  1.4  5.2  1.1 0.230E+00 0.577E+00 0.102E+01 0.119E+01
140218 0735 32.61 46 23.36  99 23.08    0.1    2.0110  85 26.0 0.41  1.3 36.8  1.0 0.241E+00-0.611E+01-0.469E+01 0.104E+01
140219 2054 46.04 46  3.25 100 25.63   15.0    1.0105  68 24.1 0.43  1.3  3.2  1.0 0.875E-01 0.619E+00-0.247E+00 0.100E+01
140228 2006 13.43 46 19.90 100 34.18   17.5    3.0117  54 17.5 0.59  1.8  2.3  1.5 0.154E+00 0.103E+01-0.634E-01 0.137E+01
140310 2243 51.33 46 20.05  99 34.86    2.3    2.0111  70 40.8 0.38  1.2 22.4  0.9 0.201E+00 0.139E+01-0.186E+01 0.988E+00
140315 1808 14.94 46 41.19  99 19.41   11.9    2.0115  51 35.8 0.40  1.2  3.6  0.9 0.212E+00-0.330E+00 0.904E-01 0.102E+01
140322 1052 41.79 46 49.69  98  3.22    6.3    1.0 90 120  3.0 0.45  1.9  2.5  1.6 0.499E+00-0.815E+00 0.593E-01 0.115E+01
140323 2050 54.42 46 49.45  98 58.82    1.8    2.0120  40 38.1 0.42  1.2  3.6  0.9 0.188E+00 0.453E+00 0.218E+00 0.108E+01
140325 0133 28.10 46  7.10 100 10.58    0.0    1.0103  86  3.9 0.39  1.4  3.3  1.1 0.307E+00 0.488E+00 0.273E+00 0.102E+01
140326 0558 43.39 46 49.27  98  2.62    1.2    1.0 93 117  3.4 0.41  1.7  4.4  1.3 0.430E+00 0.477E+00-0.105E+00 0.106E+01
